#
# There is insufficient memory for the Java Runtime Environment to continue.
# Native memory allocation (malloc) failed to allocate 1827856 bytes for Chunk::new
# Possible reasons:
#   The system is out of physical RAM or swap space
#   In 32 bit mode, the process size limit was hit
# Possible solutions:
#   Reduce memory load on the system
#   Increase physical memory or swap space
#   Check if swap backing store is full
#   Use 64 bit Java on a 64 bit OS
#   Decrease Java heap size (-Xmx/-Xms)
#   Decrease number of Java threads
#   Decrease Java thread stack sizes (-Xss)
#   Set larger code cache with -XX:ReservedCodeCacheSize=
# This output file may be truncated or incomplete.
#
#  Out of Memory Error (allocation.cpp:388), pid=6296, tid=4560
#
# JRE version: Java(TM) SE Runtime Environment (8.0_05-b13) (build 1.8.0_05-b13)
# Java VM: Java HotSpot(TM) 64-Bit Server VM (25.5-b02 mixed mode windows-amd64 compressed oops)
# Failed to write core dump. Minidumps are not enabled by default on client versions of Windows
#

---------------  T H R E A D  ---------------

Current thread (0x0000000012837000):  JavaThread "C2 CompilerThread1" daemon [_thread_in_native, id=4560, stack(0x0000000012f30000,0x0000000013030000)]

Stack: [0x0000000012f30000,0x0000000013030000]
Native frames: (J=compiled Java code, j=interpreted, Vv=VM code, C=native code)
V  [jvm.dll+0x308dea]
V  [jvm.dll+0x25def1]
V  [jvm.dll+0x25eb0f]
V  [jvm.dll+0x2564e5]
V  [jvm.dll+0xbcfc5]
V  [jvm.dll+0xbd45c]
V  [jvm.dll+0x44d422]
V  [jvm.dll+0x48e13f]
V  [jvm.dll+0x44293e]
V  [jvm.dll+0x44366b]
V  [jvm.dll+0x427532]
V  [jvm.dll+0x96702]
V  [jvm.dll+0x96ef3]
V  [jvm.dll+0x2232c4]
V  [jvm.dll+0x27baca]
C  [msvcr100.dll+0x21d9f]
C  [msvcr100.dll+0x21e3b]
C  [KERNEL32.DLL+0x13d2]
C  [ntdll.dll+0x154f4]


Current CompileTask:
C2:   3892 2382       4       sun.reflect.generics.parser.SignatureParser::parsePackageNameAndSimpleClassTypeSignature (139 bytes)


---------------  P R O C E S S  ---------------

Java Threads: ( => current thread )
  0x00000000128b2000 JavaThread "Service Thread" daemon [_thread_blocked, id=1272, stack(0x0000000013130000,0x0000000013230000)]
  0x000000001284a000 JavaThread "C1 CompilerThread2" daemon [_thread_blocked, id=9860, stack(0x0000000013030000,0x0000000013130000)]
=>0x0000000012837000 JavaThread "C2 CompilerThread1" daemon [_thread_in_native, id=4560, stack(0x0000000012f30000,0x0000000013030000)]
  0x000000001282b000 JavaThread "C2 CompilerThread0" daemon [_thread_blocked, id=2284, stack(0x0000000012e30000,0x0000000012f30000)]
  0x0000000012828800 JavaThread "Attach Listener" daemon [_thread_blocked, id=1424, stack(0x0000000012d30000,0x0000000012e30000)]
  0x0000000012826800 JavaThread "Signal Dispatcher" daemon [_thread_blocked, id=10864, stack(0x0000000012c30000,0x0000000012d30000)]
  0x0000000002672800 JavaThread "Finalizer" daemon [_thread_blocked, id=3284, stack(0x0000000012b30000,0x0000000012c30000)]
  0x000000000266b000 JavaThread "Reference Handler" daemon [_thread_blocked, id=9176, stack(0x0000000012a30000,0x0000000012b30000)]
  0x0000000002586800 JavaThread "main" [_thread_in_Java, id=10408, stack(0x0000000002450000,0x0000000002550000)]

Other Threads:
  0x0000000002665000 VMThread [stack: 0x0000000012930000,0x0000000012a30000] [id=6380]
  0x00000000128b5000 WatcherThread [stack: 0x0000000013230000,0x0000000013330000] [id=2372]

VM state:not at safepoint (normal execution)

VM Mutex/Monitor currently owned by a thread: None

Heap:
 def new generation   total 1152K, used 900K [0x00000000a2400000, 0x00000000a2540000, 0x00000000c1800000)
  eden space 1024K,  81% used [0x00000000a2400000, 0x00000000a24cf800, 0x00000000a2500000)
  from space 128K,  55% used [0x00000000a2520000, 0x00000000a2531bd0, 0x00000000a2540000)
  to   space 128K,   0% used [0x00000000a2500000, 0x00000000a2500000, 0x00000000a2520000)
 tenured generation   total 97024K, used 31755K [0x00000000c1800000, 0x00000000c76c0000, 0x0000000100000000)
   the space 97024K,  32% used [0x00000000c1800000, 0x00000000c3702c68, 0x00000000c3702e00, 0x00000000c76c0000)
 Metaspace       used 12869K, capacity 13196K, committed 13440K, reserved 1060864K
  class space    used 1486K, capacity 1556K, committed 1664K, reserved 1048576K

Card table byte_map: [0x0000000011a40000,0x0000000011d30000] byte_map_base: 0x000000001152e000

Polling page: 0x0000000000cd0000

CodeCache: size=245760Kb used=7623Kb max_used=7623Kb free=238136Kb
 bounds [0x0000000002680000, 0x0000000002e00000, 0x0000000011680000]
 total_blobs=2550 nmethods=2202 adapters=261
 compilation: enabled

Compilation events (10 events):
Event: 3.773 Thread 0x000000001284a000 2466       3       com.google.common.collect.TransformedIterator::next (14 bytes)
Event: 3.773 Thread 0x000000001284a000 nmethod 2466 0x0000000002db5a10 code [0x0000000002db5b80, 0x0000000002db5e58]
Event: 3.773 Thread 0x000000001284a000 2467       3       com.google.common.collect.Iterators$8::transform (11 bytes)
Event: 3.773 Thread 0x000000001284a000 nmethod 2467 0x0000000002db5f50 code [0x0000000002db60c0, 0x0000000002db62e8]
Event: 3.773 Thread 0x000000001284a000 2468       3       com.google.common.collect.Sets::newHashSet (8 bytes)
Event: 3.773 Thread 0x000000001284a000 nmethod 2468 0x0000000002db63d0 code [0x0000000002db6560, 0x0000000002db69d0]
Event: 3.773 Thread 0x000000001284a000 2470       3       com.google.common.collect.Iterators$7::computeNext (45 bytes)
Event: 3.774 Thread 0x000000001284a000 nmethod 2470 0x0000000002db6c50 code [0x0000000002db6e00, 0x0000000002db73a8]
Event: 3.776 Thread 0x000000001284a000 2471       3       java.util.TreeMap::fixAfterDeletion (351 bytes)
Event: 3.782 Thread 0x000000001284a000 nmethod 2471 0x0000000002db7550 code [0x0000000002db7ae0, 0x0000000002dbacb8]

GC Heap History (10 events):
Event: 3.718 GC heap before
{Heap before GC invocations=189 (full 0):
 def new generation   total 1152K, used 1144K [0x00000000a2400000, 0x00000000a2540000, 0x00000000c1800000)
  eden space 1024K, 100% used [0x00000000a2400000, 0x00000000a2500000, 0x00000000a2500000)
  from space 128K,  94% used [0x00000000a2520000, 0x00000000a253e358, 0x00000000a2540000)
  to   space 128K,   0% used [0x00000000a2500000, 0x00000000a2500000, 0x00000000a2520000)
 tenured generation   total 97024K, used 30863K [0x00000000c1800000, 0x00000000c76c0000, 0x0000000100000000)
   the space 97024K,  31% used [0x00000000c1800000, 0x00000000c3623ed0, 0x00000000c3624000, 0x00000000c76c0000)
 Metaspace       used 12840K, capacity 13196K, committed 13440K, reserved 1060864K
  class space    used 1485K, capacity 1556K, committed 1664K, reserved 1048576K
Event: 3.719 GC heap after
Heap after GC invocations=190 (full 0):
 def new generation   total 1152K, used 119K [0x00000000a2400000, 0x00000000a2540000, 0x00000000c1800000)
  eden space 1024K,   0% used [0x00000000a2400000, 0x00000000a2400000, 0x00000000a2500000)
  from space 128K,  93% used [0x00000000a2500000, 0x00000000a251df60, 0x00000000a2520000)
  to   space 128K,   0% used [0x00000000a2520000, 0x00000000a2520000, 0x00000000a2540000)
 tenured generation   total 97024K, used 30935K [0x00000000c1800000, 0x00000000c76c0000, 0x0000000100000000)
   the space 97024K,  31% used [0x00000000c1800000, 0x00000000c3635f30, 0x00000000c3636000, 0x00000000c76c0000)
 Metaspace       used 12840K, capacity 13196K, committed 13440K, reserved 1060864K
  class space    used 1485K, capacity 1556K, committed 1664K, reserved 1048576K
}
Event: 3.731 GC heap before
{Heap before GC invocations=190 (full 0):
 def new generation   total 1152K, used 1143K [0x00000000a2400000, 0x00000000a2540000, 0x00000000c1800000)
  eden space 1024K, 100% used [0x00000000a2400000, 0x00000000a2500000, 0x00000000a2500000)
  from space 128K,  93% used [0x00000000a2500000, 0x00000000a251df60, 0x00000000a2520000)
  to   space 128K,   0% used [0x00000000a2520000, 0x00000000a2520000, 0x00000000a2540000)
 tenured generation   total 97024K, used 30935K [0x00000000c1800000, 0x00000000c76c0000, 0x0000000100000000)
   the space 97024K,  31% used [0x00000000c1800000, 0x00000000c3635f30, 0x00000000c3636000, 0x00000000c76c0000)
 Metaspace       used 12840K, capacity 13196K, committed 13440K, reserved 1060864K
  class space    used 1485K, capacity 1556K, committed 1664K, reserved 1048576K
Event: 3.732 GC heap after
Heap after GC invocations=191 (full 0):
 def new generation   total 1152K, used 66K [0x00000000a2400000, 0x00000000a2540000, 0x00000000c1800000)
  eden space 1024K,   0% used [0x00000000a2400000, 0x00000000a2400000, 0x00000000a2500000)
  from space 128K,  52% used [0x00000000a2520000, 0x00000000a2530af8, 0x00000000a2540000)
  to   space 128K,   0% used [0x00000000a2500000, 0x00000000a2500000, 0x00000000a2520000)
 tenured generation   total 97024K, used 31005K [0x00000000c1800000, 0x00000000c76c0000, 0x0000000100000000)
   the space 97024K,  31% used [0x00000000c1800000, 0x00000000c3647750, 0x00000000c3647800, 0x00000000c76c0000)
 Metaspace       used 12840K, capacity 13196K, committed 13440K, reserved 1060864K
  class space    used 1485K, capacity 1556K, committed 1664K, reserved 1048576K
}
Event: 3.749 GC heap before
{Heap before GC invocations=191 (full 0):
 def new generation   total 1152K, used 1090K [0x00000000a2400000, 0x00000000a2540000, 0x00000000c1800000)
  eden space 1024K, 100% used [0x00000000a2400000, 0x00000000a2500000, 0x00000000a2500000)
  from space 128K,  52% used [0x00000000a2520000, 0x00000000a2530af8, 0x00000000a2540000)
  to   space 128K,   0% used [0x00000000a2500000, 0x00000000a2500000, 0x00000000a2520000)
 tenured generation   total 97024K, used 31005K [0x00000000c1800000, 0x00000000c76c0000, 0x0000000100000000)
   the space 97024K,  31% used [0x00000000c1800000, 0x00000000c3647750, 0x00000000c3647800, 0x00000000c76c0000)
 Metaspace       used 12841K, capacity 13196K, committed 13440K, reserved 1060864K
  class space    used 1485K, capacity 1556K, committed 1664K, reserved 1048576K
Event: 3.751 GC heap after
Heap after GC invocations=192 (full 0):
 def new generation   total 1152K, used 128K [0x00000000a2400000, 0x00000000a2540000, 0x00000000c1800000)
  eden space 1024K,   0% used [0x00000000a2400000, 0x00000000a2400000, 0x00000000a2500000)
  from space 128K, 100% used [0x00000000a2500000, 0x00000000a2520000, 0x00000000a2520000)
  to   space 128K,   0% used [0x00000000a2520000, 0x00000000a2520000, 0x00000000a2540000)
 tenured generation   total 97024K, used 31048K [0x00000000c1800000, 0x00000000c76c0000, 0x0000000100000000)
   the space 97024K,  32% used [0x00000000c1800000, 0x00000000c3652298, 0x00000000c3652400, 0x00000000c76c0000)
 Metaspace       used 12841K, capacity 13196K, committed 13440K, reserved 1060864K
  class space    used 1485K, capacity 1556K, committed 1664K, reserved 1048576K
}
Event: 3.760 GC heap before
{Heap before GC invocations=192 (full 0):
 def new generation   total 1152K, used 1152K [0x00000000a2400000, 0x00000000a2540000, 0x00000000c1800000)
  eden space 1024K, 100% used [0x00000000a2400000, 0x00000000a2500000, 0x00000000a2500000)
  from space 128K, 100% used [0x00000000a2500000, 0x00000000a2520000, 0x00000000a2520000)
  to   space 128K,   0% used [0x00000000a2520000, 0x00000000a2520000, 0x00000000a2540000)
 tenured generation   total 97024K, used 31048K [0x00000000c1800000, 0x00000000c76c0000, 0x0000000100000000)
   the space 97024K,  32% used [0x00000000c1800000, 0x00000000c3652298, 0x00000000c3652400, 0x00000000c76c0000)
 Metaspace       used 12841K, capacity 13196K, committed 13440K, reserved 1060864K
  class space    used 1485K, capacity 1556K, committed 1664K, reserved 1048576K
Event: 3.762 GC heap after
Heap after GC invocations=193 (full 0):
 def new generation   total 1152K, used 56K [0x00000000a2400000, 0x00000000a2540000, 0x00000000c1800000)
  eden space 1024K,   0% used [0x00000000a2400000, 0x00000000a2400000, 0x00000000a2500000)
  from space 128K,  44% used [0x00000000a2520000, 0x00000000a252e280, 0x00000000a2540000)
  to   space 128K,   0% used [0x00000000a2500000, 0x00000000a2500000, 0x00000000a2520000)
 tenured generation   total 97024K, used 31130K [0x00000000c1800000, 0x00000000c76c0000, 0x0000000100000000)
   the space 97024K,  32% used [0x00000000c1800000, 0x00000000c3666bf0, 0x00000000c3666c00, 0x00000000c76c0000)
 Metaspace       used 12841K, capacity 13196K, committed 13440K, reserved 1060864K
  class space    used 1485K, capacity 1556K, committed 1664K, reserved 1048576K
}
Event: 3.784 GC heap before
{Heap before GC invocations=193 (full 0):
 def new generation   total 1152K, used 1080K [0x00000000a2400000, 0x00000000a2540000, 0x00000000c1800000)
  eden space 1024K, 100% used [0x00000000a2400000, 0x00000000a2500000, 0x00000000a2500000)
  from space 128K,  44% used [0x00000000a2520000, 0x00000000a252e280, 0x00000000a2540000)
  to   space 128K,   0% used [0x00000000a2500000, 0x00000000a2500000, 0x00000000a2520000)
 tenured generation   total 97024K, used 31130K [0x00000000c1800000, 0x00000000c76c0000, 0x0000000100000000)
   the space 97024K,  32% used [0x00000000c1800000, 0x00000000c3666bf0, 0x00000000c3666c00, 0x00000000c76c0000)
 Metaspace       used 12852K, capacity 13196K, committed 13440K, reserved 1060864K
  class space    used 1486K, capacity 1556K, committed 1664K, reserved 1048576K
Event: 3.787 GC heap after
Heap after GC invocations=194 (full 0):
 def new generation   total 1152K, used 127K [0x00000000a2400000, 0x00000000a2540000, 0x00000000c1800000)
  eden space 1024K,   0% used [0x00000000a2400000, 0x00000000a2400000, 0x00000000a2500000)
  from space 128K,  99% used [0x00000000a2500000, 0x00000000a251fff8, 0x00000000a2520000)
  to   space 128K,   0% used [0x00000000a2520000, 0x00000000a2520000, 0x00000000a2540000)
 tenured generation   total 97024K, used 31218K [0x00000000c1800000, 0x00000000c76c0000, 0x0000000100000000)
   the space 97024K,  32% used [0x00000000c1800000, 0x00000000c367c978, 0x00000000c367ca00, 0x00000000c76c0000)
 Metaspace       used 12852K, capacity 13196K, committed 13440K, reserved 1060864K
  class space    used 1486K, capacity 1556K, committed 1664K, reserved 1048576K
}

Deoptimization events (10 events):
Event: 2.153 Thread 0x0000000002586800 Uncommon trap: reason=class_check action=maybe_recompile pc=0x0000000002a55630 method=com.sun.org.apache.xerces.internal.parsers.AbstractSAXParser.startElement(Lcom/sun/org/apache/xerces/internal/xni/QName;Lcom/sun/org/apache/xerces/internal/xni/XMLAttribu
Event: 3.286 Thread 0x0000000002586800 Uncommon trap: reason=bimorphic action=maybe_recompile pc=0x0000000002c125d4 method=java.util.AbstractList$Itr.next()Ljava/lang/Object; @ 14
Event: 3.542 Thread 0x0000000002586800 Uncommon trap: reason=class_check action=maybe_recompile pc=0x0000000002961bfc method=java.util.regex.Pattern$CharProperty$1.isSatisfiedBy(I)Z @ 5
Event: 3.542 Thread 0x0000000002586800 Uncommon trap: reason=class_check action=maybe_recompile pc=0x0000000002961bfc method=java.util.regex.Pattern$CharProperty$1.isSatisfiedBy(I)Z @ 5
Event: 3.542 Thread 0x0000000002586800 Uncommon trap: reason=class_check action=maybe_recompile pc=0x0000000002961bfc method=java.util.regex.Pattern$CharProperty$1.isSatisfiedBy(I)Z @ 5
Event: 3.598 Thread 0x0000000002586800 Uncommon trap: reason=class_check action=maybe_recompile pc=0x00000000029ce3a4 method=java.util.HashMap.putVal(ILjava/lang/Object;Ljava/lang/Object;ZZ)Ljava/lang/Object; @ 203
Event: 3.598 Thread 0x0000000002586800 Uncommon trap: reason=class_check action=maybe_recompile pc=0x00000000029ce3a4 method=java.util.HashMap.putVal(ILjava/lang/Object;Ljava/lang/Object;ZZ)Ljava/lang/Object; @ 203
Event: 3.598 Thread 0x0000000002586800 Uncommon trap: reason=class_check action=maybe_recompile pc=0x00000000029ce3a4 method=java.util.HashMap.putVal(ILjava/lang/Object;Ljava/lang/Object;ZZ)Ljava/lang/Object; @ 203
Event: 3.598 Thread 0x0000000002586800 Uncommon trap: reason=class_check action=maybe_recompile pc=0x00000000029ce3a4 method=java.util.HashMap.putVal(ILjava/lang/Object;Ljava/lang/Object;ZZ)Ljava/lang/Object; @ 203
Event: 3.598 Thread 0x0000000002586800 Uncommon trap: reason=class_check action=maybe_recompile pc=0x0000000002bec448 method=java.util.HashMap.putVal(ILjava/lang/Object;Ljava/lang/Object;ZZ)Ljava/lang/Object; @ 203

Internal exceptions (10 events):
Event: 3.748 Thread 0x0000000002586800 Exception <a 'java/security/PrivilegedActionException'> (0x00000000a24e0908) thrown at [D:\re\workspace\8-2-build-windows-amd64-cygwin\jdk8u5\2488\hotspot\src\share\vm\prims\jvm.cpp, line 1248]
Event: 3.748 Thread 0x0000000002586800 Exception <a 'java/security/PrivilegedActionException'> (0x00000000a24ea0a0) thrown at [D:\re\workspace\8-2-build-windows-amd64-cygwin\jdk8u5\2488\hotspot\src\share\vm\prims\jvm.cpp, line 1248]
Event: 3.768 Thread 0x0000000002586800 Exception <a 'java/security/PrivilegedActionException'> (0x00000000a241f578) thrown at [D:\re\workspace\8-2-build-windows-amd64-cygwin\jdk8u5\2488\hotspot\src\share\vm\prims\jvm.cpp, line 1248]
Event: 3.775 Thread 0x0000000002586800 Exception <a 'java/lang/ClassNotFoundException': com/sun/org/glassfish/hk2/osgiresourcelocator/ServiceLoader> (0x00000000a245c3c0) thrown at [D:\re\workspace\8-2-build-windows-amd64-cygwin\jdk8u5\2488\hotspot\src\share\vm\classfile\systemDictionary.cpp, li²ï6o~:@
Event: 3.779 Thread 0x0000000002586800 Exception <a 'java/security/PrivilegedActionException'> (0x00000000a249dd88) thrown at [D:\re\workspace\8-2-build-windows-amd64-cygwin\jdk8u5\2488\hotspot\src\share\vm\prims\jvm.cpp, line 1248]
Event: 3.779 Thread 0x0000000002586800 Exception <a 'java/security/PrivilegedActionException'> (0x00000000a24a7510) thrown at [D:\re\workspace\8-2-build-windows-amd64-cygwin\jdk8u5\2488\hotspot\src\share\vm\prims\jvm.cpp, line 1248]
Event: 3.780 Thread 0x0000000002586800 Exception <a 'java/security/PrivilegedActionException'> (0x00000000a24b9838) thrown at [D:\re\workspace\8-2-build-windows-amd64-cygwin\jdk8u5\2488\hotspot\src\share\vm\prims\jvm.cpp, line 1248]
Event: 3.781 Thread 0x0000000002586800 Exception <a 'java/security/PrivilegedActionException'> (0x00000000a24c2fc0) thrown at [D:\re\workspace\8-2-build-windows-amd64-cygwin\jdk8u5\2488\hotspot\src\share\vm\prims\jvm.cpp, line 1248]
Event: 3.782 Thread 0x0000000002586800 Exception <a 'java/security/PrivilegedActionException'> (0x00000000a24c6d88) thrown at [D:\re\workspace\8-2-build-windows-amd64-cygwin\jdk8u5\2488\hotspot\src\share\vm\prims\jvm.cpp, line 1248]
Event: 3.782 Thread 0x0000000002586800 Exception <a 'java/security/PrivilegedActionException'> (0x00000000a24d04e8) thrown at [D:\re\workspace\8-2-build-windows-amd64-cygwin\jdk8u5\2488\hotspot\src\share\vm\prims\jvm.cpp, line 1248]

Events (10 events):
Event: 3.775 loading class com/sun/org/glassfish/hk2/osgiresourcelocator/ServiceLoader
Event: 3.775 loading class com/sun/org/glassfish/hk2/osgiresourcelocator/ServiceLoader done
Event: 3.778 loading class java/lang/ObjectFactory
Event: 3.778 loading class java/lang/ObjectFactory done
Event: 3.780 loading class java/lang/ObjectFactory
Event: 3.780 loading class java/lang/ObjectFactory done
Event: 3.781 loading class java/lang/ObjectFactory
Event: 3.781 loading class java/lang/ObjectFactory done
Event: 3.784 Executing VM operation: GenCollectForAllocation
Event: 3.787 Executing VM operation: GenCollectForAllocation done


Dynamic libraries:
0x00007ff652ef0000 - 0x00007ff652f24000 	C:\intelfpga_lite\18.1\quartus\bin64\jre64\bin\java.exe
0x00007ffb87530000 - 0x00007ffb876dd000 	C:\WINDOWS\SYSTEM32\ntdll.dll
0x00007ffb85030000 - 0x00007ffb8516f000 	C:\WINDOWS\system32\KERNEL32.DLL
0x00007ffb84aa0000 - 0x00007ffb84bb6000 	C:\WINDOWS\system32\KERNELBASE.dll
0x00007ffb83220000 - 0x00007ffb832ae000 	C:\WINDOWS\system32\apphelp.dll
0x00007ffb37f70000 - 0x00007ffb37fc5000 	C:\WINDOWS\AppPatch\AppPatch64\AcGenral.DLL
0x00007ffb856a0000 - 0x00007ffb8574a000 	C:\WINDOWS\system32\msvcrt.dll
0x00007ffb84780000 - 0x00007ffb847ae000 	C:\WINDOWS\system32\SspiCli.dll
0x00007ffb86ca0000 - 0x00007ffb86cf4000 	C:\WINDOWS\system32\SHLWAPI.dll
0x00007ffb873a0000 - 0x00007ffb87517000 	C:\WINDOWS\system32\USER32.dll
0x00007ffb85170000 - 0x00007ffb85304000 	C:\WINDOWS\system32\ole32.dll
0x00007ffb85770000 - 0x00007ffb86c9b000 	C:\WINDOWS\system32\SHELL32.dll
0x00007ffb83c20000 - 0x00007ffb83c41000 	C:\WINDOWS\SYSTEM32\USERENV.dll
0x00007ffb87230000 - 0x00007ffb872da000 	C:\WINDOWS\system32\ADVAPI32.dll
0x00007ffb79c80000 - 0x00007ffb79c9e000 	C:\WINDOWS\SYSTEM32\MPR.dll
0x00007ffb870f0000 - 0x00007ffb87230000 	C:\WINDOWS\system32\RPCRT4.dll
0x00007ffb85520000 - 0x00007ffb85579000 	C:\WINDOWS\SYSTEM32\sechost.dll
0x00007ffb85310000 - 0x00007ffb85520000 	C:\WINDOWS\SYSTEM32\combase.dll
0x00007ffb86d00000 - 0x00007ffb86e4c000 	C:\WINDOWS\system32\GDI32.dll
0x00007ffb84660000 - 0x00007ffb84675000 	C:\WINDOWS\SYSTEM32\profapi.dll
0x00007ffb82ba0000 - 0x00007ffb82c52000 	C:\WINDOWS\SYSTEM32\SHCORE.dll
0x00007ffb84f20000 - 0x00007ffb84f56000 	C:\WINDOWS\system32\IMM32.DLL
0x00007ffb84db0000 - 0x00007ffb84f02000 	C:\WINDOWS\system32\MSCTF.dll
0x00007ffb822b0000 - 0x00007ffb8252b000 	C:\WINDOWS\WinSxS\amd64_microsoft.windows.common-controls_6595b64144ccf1df_6.0.9600.19394_none_62486577ecb635cf\COMCTL32.dll
0x00000000768a0000 - 0x0000000076972000 	C:\intelfpga_lite\18.1\quartus\bin64\jre64\bin\msvcr100.dll
0x0000000076070000 - 0x000000007689a000 	C:\intelfpga_lite\18.1\quartus\bin64\jre64\bin\server\jvm.dll
0x00007ffb41580000 - 0x00007ffb41589000 	C:\WINDOWS\SYSTEM32\WSOCK32.dll
0x00007ffb82020000 - 0x00007ffb82042000 	C:\WINDOWS\SYSTEM32\WINMM.dll
0x00007ffb86e50000 - 0x00007ffb86e57000 	C:\WINDOWS\system32\PSAPI.DLL
0x00007ffb85580000 - 0x00007ffb855da000 	C:\WINDOWS\system32\WS2_32.dll
0x00007ffb81e30000 - 0x00007ffb81e5a000 	C:\WINDOWS\SYSTEM32\WINMMBASE.dll
0x00007ffb84f10000 - 0x00007ffb84f19000 	C:\WINDOWS\system32\NSI.dll
0x00007ffb84730000 - 0x00007ffb8477f000 	C:\WINDOWS\SYSTEM32\cfgmgr32.dll
0x00007ffb83470000 - 0x00007ffb83498000 	C:\WINDOWS\SYSTEM32\DEVOBJ.dll
0x0000000076020000 - 0x000000007602f000 	C:\intelfpga_lite\18.1\quartus\bin64\jre64\bin\verify.dll
0x0000000075ff0000 - 0x0000000076018000 	C:\intelfpga_lite\18.1\quartus\bin64\jre64\bin\java.dll
0x0000000075fd0000 - 0x0000000075fe6000 	C:\intelfpga_lite\18.1\quartus\bin64\jre64\bin\zip.dll
0x00007ffb83ef0000 - 0x00007ffb83f10000 	C:\WINDOWS\SYSTEM32\CRYPTSP.dll
0x00007ffb83b10000 - 0x00007ffb83b46000 	C:\WINDOWS\system32\rsaenh.dll
0x00007ffb84140000 - 0x00007ffb84166000 	C:\WINDOWS\SYSTEM32\bcrypt.dll
0x00007ffb844c0000 - 0x00007ffb84523000 	C:\WINDOWS\system32\bcryptprimitives.dll
0x00007ffb84530000 - 0x00007ffb8453b000 	C:\WINDOWS\SYSTEM32\CRYPTBASE.dll
0x0000000075fb0000 - 0x0000000075fca000 	C:\intelFPGA_lite\18.1\quartus\bin64\jre64\bin\net.dll
0x00007ffb83e90000 - 0x00007ffb83ee9000 	C:\WINDOWS\system32\mswsock.dll
0x00007ffb7e500000 - 0x00007ffb7e52a000 	C:\WINDOWS\SYSTEM32\IPHLPAPI.DLL
0x00007ffb7e4d0000 - 0x00007ffb7e4da000 	C:\WINDOWS\SYSTEM32\WINNSI.DLL
0x00007ffb7e380000 - 0x00007ffb7e396000 	C:\WINDOWS\SYSTEM32\dhcpcsvc6.DLL
0x00007ffb7e360000 - 0x00007ffb7e37a000 	C:\WINDOWS\SYSTEM32\dhcpcsvc.DLL
0x0000000075f90000 - 0x0000000075fa1000 	C:\intelFPGA_lite\18.1\quartus\bin64\jre64\bin\nio.dll
0x00007ffb79790000 - 0x00007ffb79796000 	C:\intelFPGA_lite\18.1\quartus\bin64\sld_utiljni.dll
0x00007ffb7b2b0000 - 0x00007ffb7b39f000 	C:\intelFPGA_lite\18.1\quartus\bin64\MSVCR120.dll
0x0000000050180000 - 0x0000000050307000 	C:\intelFPGA_lite\18.1\quartus\bin64\tcl86.dll
0x00007ffb7f7d0000 - 0x00007ffb7f7e6000 	C:\WINDOWS\SYSTEM32\NETAPI32.dll
0x00007ffb838c0000 - 0x00007ffb838cc000 	C:\WINDOWS\SYSTEM32\netutils.dll
0x00007ffb84270000 - 0x00007ffb84296000 	C:\WINDOWS\SYSTEM32\srvcli.dll
0x00007ffb7f740000 - 0x00007ffb7f757000 	C:\WINDOWS\SYSTEM32\wkscli.dll
0x00007ffb7c8e0000 - 0x00007ffb7c8f7000 	C:\WINDOWS\SYSTEM32\SAMCLI.DLL
0x00007ffb83c50000 - 0x00007ffb83c8f000 	C:\WINDOWS\SYSTEM32\LOGONCLI.DLL
0x00007ffb7a040000 - 0x00007ffb7a100000 	C:\intelFPGA_lite\18.1\quartus\bin64\ccl_sqlite3.dll
0x00007ffb79610000 - 0x00007ffb79620000 	C:\intelFPGA_lite\18.1\quartus\bin64\ccl_sqlite3_jdbc_jni_bridge.dll
0x00007ffb7a560000 - 0x00007ffb7a6e8000 	C:\intelFPGA_lite\18.1\quartus\bin64\dbghelp.dll

VM Arguments:
jvm_args: -Xmx1500M -XX:+UseSerialGC 
java_command: com.altera.sopcmodel.sbtools.sbcatalog.SbCatalog --xml --project-directory= --search-path=$,C:\Users\Ruslan\Desktop\Projects\Menu_on_screen-master,C:\Users\Ruslan\Desktop\Projects\Menu_on_screen-master
java_class_path (initial): C:/intelfpga_lite/18.1/quartus/sopc_builder/model/lib\Nlview.jar;C:/intelfpga_lite/18.1/quartus/sopc_builder/model/lib\QuickServer.jar;C:/intelfpga_lite/18.1/quartus/sopc_builder/model/lib\TableLayout.jar;C:/intelfpga_lite/18.1/quartus/sopc_builder/model/lib\appframework-1.03.jar;C:/intelfpga_lite/18.1/quartus/sopc_builder/model/lib\asm-3.1.jar;C:/intelfpga_lite/18.1/quartus/sopc_builder/model/lib\asm-commons-3.1.jar;C:/intelfpga_lite/18.1/quartus/sopc_builder/model/lib\basicmodel.jar;C:/intelfpga_lite/18.1/quartus/sopc_builder/model/lib\beansbinding-1.2.1.jar;C:/intelfpga_lite/18.1/quartus/sopc_builder/model/lib\binding-2.0.6.jar;C:/intelfpga_lite/18.1/quartus/sopc_builder/model/lib\com.altera.componenteditor2.jar;C:/intelfpga_lite/18.1/quartus/sopc_builder/model/lib\com.altera.embeddedsw.app_lib.jar;C:/intelfpga_lite/18.1/quartus/sopc_builder/model/lib\com.altera.embeddedsw.bsp.editor.jar;C:/intelfpga_lite/18.1/quartus/sopc_builder/model/lib\com.altera.embeddedsw.bsp.elements.jar;C:/intelfpga_lite/18.1/quartus/sopc_builder/model/lib\com.altera.embeddedsw.bsp.jar;C:/intelfpga_lite/18.1/quartus/sopc_builder/model/lib\com.altera.embeddedsw.bsp.plugin.core.jar;C:/intelfpga_lite/18.1/quartus/sopc_builder/model/lib\com.altera.embeddedsw.bsp.plugin.hal.jar;C:/intelfpga_lite/18.1/quartus/sopc_builder/model/lib\com.altera.embeddedsw.bsp.plugin.lwhal.jar;C:/intelfpga_lite/18.1/quartus/sopc_builder/model/lib\com.altera.embeddedsw.bsp.schema.jar;C:/intelfpga_lite/18.1/quartus/sopc_builder/model/lib\com.altera.embeddedsw.bsp.scripting.jar;C:/intelfpga_lite/18.1/quartus/sopc_builder/model/lib\com.altera.embeddedsw.commandline.jar;C:/intelfpga_lite/18.1/quartus/sopc_builder/model/lib\com.altera.embeddedsw.cpexample.jar;C:/intelfpga_lite/18.1/quartus/sopc_builder/model/lib\com.altera.embeddedsw.flash.jar;C:/intelfpga_lite/18.1/quartus/sopc_builder/model/lib\com.altera.embeddedsw.launch.jar;C:/intelfpga_lite/18.1/quartus/sopc_builder/model/lib\com.alte
Launcher Type: SUN_STANDARD

Environment Variables:
PATH=C:/intelfpga_lite/18.1/quartus/bin64;c:\intelfpga_lite\18.1\quartus\bin64\;c:\intelfpga_lite\18.1\quartus\bin64\;C:\Program Files (x86)\Intel\iCLS Client\;C:\Program Files\Intel\iCLS Client\;C:\Program Files (x86)\AMD APP\bin\x86_64;C:\Program Files (x86)\AMD APP\bin\x86;C:\WINDOWS\system32;C:\WINDOWS;C:\WINDOWS\System32\Wbem;C:\WINDOWS\System32\WindowsPowerShell\v1.0\;C:\Program Files (x86)\Windows Live\Shared;C:\Program Files (x86)\Intel\OpenCL SDK\3.0\bin\x86;C:\Program Files (x86)\Intel\OpenCL SDK\3.0\bin\x64;C:\Program Files (x86)\ATI Technologies\ATI.ACE\Core-Static;C:\Program Files\Intel\Intel(R) Management Engine Components\DAL;C:\Program Files\Intel\Intel(R) Management Engine Components\IPT;C:\Program Files (x86)\Intel\Intel(R) Management Engine Components\DAL;C:\Program Files (x86)\Intel\Intel(R) Management Engine Components\IPT;C:\Program Files\Git\cmd;C:\Program Files\MATLAB\R2017b\runtime\win64;C:\Program Files\MATLAB\R2017b\bin;C:\intelFPGA_lite\18.1\modelsim_ase\win32aloem;C:\Microsoft VS Code\bin
USERNAME=Ruslan
OS=Windows_NT
PROCESSOR_IDENTIFIER=Intel64 Family 6 Model 58 Stepping 9, GenuineIntel



---------------  S Y S T E M  ---------------

OS: Windows 8.1 , 64 bit Build 9600 

CPU:total 4 (2 cores per cpu, 2 threads per core) family 6 model 58 stepping 9, cmov, cx8, fxsr, mmx, sse, sse2, sse3, ssse3, sse4.1, sse4.2, popcnt, avx, aes, clmul, erms, ht, tsc, tscinvbit

Memory: 4k page, physical 6181144k(1103812k free), swap 6181144k(5548k free)

vm_info: Java HotSpot(TM) 64-Bit Server VM (25.5-b02) for windows-amd64 JRE (1.8.0_05-b13), built on Mar 18 2014 01:08:39 by "java_re" with MS VC++ 10.0 (VS2010)

time: Fri Dec 27 19:59:34 2019
elapsed time: 3 seconds

