#
# There is insufficient memory for the Java Runtime Environment to continue.
# Native memory allocation (malloc) failed to allocate 1827856 bytes for Chunk::new
# Possible reasons:
#   The system is out of physical RAM or swap space
#   In 32 bit mode, the process size limit was hit
# Possible solutions:
#   Reduce memory load on the system
#   Increase physical memory or swap space
#   Check if swap backing store is full
#   Use 64 bit Java on a 64 bit OS
#   Decrease Java heap size (-Xmx/-Xms)
#   Decrease number of Java threads
#   Decrease Java thread stack sizes (-Xss)
#   Set larger code cache with -XX:ReservedCodeCacheSize=
# This output file may be truncated or incomplete.
#
#  Out of Memory Error (allocation.cpp:388), pid=1248, tid=11104
#
# JRE version: Java(TM) SE Runtime Environment (8.0_05-b13) (build 1.8.0_05-b13)
# Java VM: Java HotSpot(TM) 64-Bit Server VM (25.5-b02 mixed mode windows-amd64 compressed oops)
# Failed to write core dump. Minidumps are not enabled by default on client versions of Windows
#

---------------  T H R E A D  ---------------

Current thread (0x000000001270e800):  JavaThread "C2 CompilerThread1" daemon [_thread_in_native, id=11104, stack(0x0000000012e10000,0x0000000012f10000)]

Stack: [0x0000000012e10000,0x0000000012f10000]
Native frames: (J=compiled Java code, j=interpreted, Vv=VM code, C=native code)
V  [jvm.dll+0x308dea]
V  [jvm.dll+0x25def1]
V  [jvm.dll+0x25eb0f]
V  [jvm.dll+0x2564e5]
V  [jvm.dll+0xbcfc5]
V  [jvm.dll+0xbd45c]
V  [jvm.dll+0x44d422]
V  [jvm.dll+0x48e13f]
V  [jvm.dll+0x44293e]
V  [jvm.dll+0x44366b]
V  [jvm.dll+0x427532]
V  [jvm.dll+0x96702]
V  [jvm.dll+0x96ef3]
V  [jvm.dll+0x2232c4]
V  [jvm.dll+0x27baca]
C  [msvcr100.dll+0x21d9f]
C  [msvcr100.dll+0x21e3b]
C  [KERNEL32.DLL+0x13d2]
C  [ntdll.dll+0x154f4]


Current CompileTask:
C2:   3633 2378       4       sun.reflect.generics.parser.SignatureParser::parsePackageNameAndSimpleClassTypeSignature (139 bytes)


---------------  P R O C E S S  ---------------

Java Threads: ( => current thread )
  0x0000000012780000 JavaThread "Service Thread" daemon [_thread_blocked, id=10372, stack(0x0000000013010000,0x0000000013110000)]
  0x0000000012714000 JavaThread "C1 CompilerThread2" daemon [_thread_in_native, id=11224, stack(0x0000000012f10000,0x0000000013010000)]
=>0x000000001270e800 JavaThread "C2 CompilerThread1" daemon [_thread_in_native, id=11104, stack(0x0000000012e10000,0x0000000012f10000)]
  0x000000001270b000 JavaThread "C2 CompilerThread0" daemon [_thread_in_native, id=7996, stack(0x0000000012d10000,0x0000000012e10000)]
  0x0000000012708800 JavaThread "Attach Listener" daemon [_thread_blocked, id=10704, stack(0x0000000012c10000,0x0000000012d10000)]
  0x0000000012706800 JavaThread "Signal Dispatcher" daemon [_thread_blocked, id=8376, stack(0x0000000012b10000,0x0000000012c10000)]
  0x0000000002552800 JavaThread "Finalizer" daemon [_thread_blocked, id=7008, stack(0x0000000012a10000,0x0000000012b10000)]
  0x000000000254b000 JavaThread "Reference Handler" daemon [_thread_blocked, id=10516, stack(0x0000000012910000,0x0000000012a10000)]
  0x0000000002466800 JavaThread "main" [_thread_in_Java, id=11112, stack(0x0000000002300000,0x0000000002400000)]

Other Threads:
  0x0000000002545000 VMThread [stack: 0x0000000012810000,0x0000000012910000] [id=11092]
  0x0000000012783000 WatcherThread [stack: 0x0000000013110000,0x0000000013210000] [id=10968]

VM state:not at safepoint (normal execution)

VM Mutex/Monitor currently owned by a thread: None

Heap:
 def new generation   total 1152K, used 467K [0x00000000a2400000, 0x00000000a2540000, 0x00000000c1800000)
  eden space 1024K,  42% used [0x00000000a2400000, 0x00000000a246ca18, 0x00000000a2500000)
  from space 128K,  41% used [0x00000000a2520000, 0x00000000a252d538, 0x00000000a2540000)
  to   space 128K,   0% used [0x00000000a2500000, 0x00000000a2500000, 0x00000000a2520000)
 tenured generation   total 97024K, used 31618K [0x00000000c1800000, 0x00000000c76c0000, 0x0000000100000000)
   the space 97024K,  32% used [0x00000000c1800000, 0x00000000c36e0be8, 0x00000000c36e0c00, 0x00000000c76c0000)
 Metaspace       used 12850K, capacity 13196K, committed 13440K, reserved 1060864K
  class space    used 1486K, capacity 1556K, committed 1664K, reserved 1048576K

Card table byte_map: [0x0000000011920000,0x0000000011c10000] byte_map_base: 0x000000001140e000

Polling page: 0x0000000000900000

CodeCache: size=245760Kb used=7396Kb max_used=7396Kb free=238363Kb
 bounds [0x0000000002560000, 0x0000000002cb0000, 0x0000000011560000]
 total_blobs=2557 nmethods=2209 adapters=261
 compilation: enabled

Compilation events (10 events):
Event: 3.602 Thread 0x0000000012714000 2469       3       com.sun.xml.bind.v2.runtime.unmarshaller.Loader::startElement (1 bytes)
Event: 3.603 Thread 0x0000000012714000 nmethod 2469 0x0000000002c9d090 code [0x0000000002c9d1e0, 0x0000000002c9d330]
Event: 3.603 Thread 0x0000000012714000 2470   !   3       com.sun.xml.bind.v2.runtime.unmarshaller.Scope::add (79 bytes)
Event: 3.604 Thread 0x0000000012714000 nmethod 2470 0x0000000002c9d3d0 code [0x0000000002c9d5a0, 0x0000000002c9dd98]
Event: 3.604 Thread 0x0000000012714000 2471       3       com.sun.xml.bind.v2.runtime.unmarshaller.UnmarshallingContext$State::pop (64 bytes)
Event: 3.604 Thread 0x0000000012714000 nmethod 2471 0x0000000002c9e0d0 code [0x0000000002c9e240, 0x0000000002c9e470]
Event: 3.604 Thread 0x0000000012714000 2464       3       com.sun.xml.bind.v2.runtime.unmarshaller.Scope::reset (50 bytes)
Event: 3.604 Thread 0x0000000012714000 nmethod 2464 0x0000000002c9e550 code [0x0000000002c9e6a0, 0x0000000002c9e890]
Event: 3.604 Thread 0x0000000012714000 2465   !   3       sun.reflect.GeneratedConstructorAccessor11::newInstance (49 bytes)
Event: 3.604 Thread 0x0000000012714000 nmethod 2465 0x0000000002c9e910 code [0x0000000002c9eae0, 0x0000000002c9f0f8]

GC Heap History (10 events):
Event: 3.541 GC heap before
{Heap before GC invocations=188 (full 0):
 def new generation   total 1152K, used 1084K [0x00000000a2400000, 0x00000000a2540000, 0x00000000c1800000)
  eden space 1024K, 100% used [0x00000000a2400000, 0x00000000a2500000, 0x00000000a2500000)
  from space 128K,  47% used [0x00000000a2500000, 0x00000000a250f3a8, 0x00000000a2520000)
  to   space 128K,   0% used [0x00000000a2520000, 0x00000000a2520000, 0x00000000a2540000)
 tenured generation   total 97024K, used 31089K [0x00000000c1800000, 0x00000000c76c0000, 0x0000000100000000)
   the space 97024K,  32% used [0x00000000c1800000, 0x00000000c365c5b0, 0x00000000c365c600, 0x00000000c76c0000)
 Metaspace       used 12835K, capacity 13132K, committed 13440K, reserved 1060864K
  class space    used 1485K, capacity 1556K, committed 1664K, reserved 1048576K
Event: 3.542 GC heap after
Heap after GC invocations=189 (full 0):
 def new generation   total 1152K, used 128K [0x00000000a2400000, 0x00000000a2540000, 0x00000000c1800000)
  eden space 1024K,   0% used [0x00000000a2400000, 0x00000000a2400000, 0x00000000a2500000)
  from space 128K, 100% used [0x00000000a2520000, 0x00000000a2540000, 0x00000000a2540000)
  to   space 128K,   0% used [0x00000000a2500000, 0x00000000a2500000, 0x00000000a2520000)
 tenured generation   total 97024K, used 31115K [0x00000000c1800000, 0x00000000c76c0000, 0x0000000100000000)
   the space 97024K,  32% used [0x00000000c1800000, 0x00000000c3662e68, 0x00000000c3663000, 0x00000000c76c0000)
 Metaspace       used 12835K, capacity 13132K, committed 13440K, reserved 1060864K
  class space    used 1485K, capacity 1556K, committed 1664K, reserved 1048576K
}
Event: 3.553 GC heap before
{Heap before GC invocations=189 (full 0):
 def new generation   total 1152K, used 1152K [0x00000000a2400000, 0x00000000a2540000, 0x00000000c1800000)
  eden space 1024K, 100% used [0x00000000a2400000, 0x00000000a2500000, 0x00000000a2500000)
  from space 128K, 100% used [0x00000000a2520000, 0x00000000a2540000, 0x00000000a2540000)
  to   space 128K,   0% used [0x00000000a2500000, 0x00000000a2500000, 0x00000000a2520000)
 tenured generation   total 97024K, used 31115K [0x00000000c1800000, 0x00000000c76c0000, 0x0000000100000000)
   the space 97024K,  32% used [0x00000000c1800000, 0x00000000c3662e68, 0x00000000c3663000, 0x00000000c76c0000)
 Metaspace       used 12835K, capacity 13132K, committed 13440K, reserved 1060864K
  class space    used 1485K, capacity 1556K, committed 1664K, reserved 1048576K
Event: 3.555 GC heap after
Heap after GC invocations=190 (full 0):
 def new generation   total 1152K, used 104K [0x00000000a2400000, 0x00000000a2540000, 0x00000000c1800000)
  eden space 1024K,   0% used [0x00000000a2400000, 0x00000000a2400000, 0x00000000a2500000)
  from space 128K,  81% used [0x00000000a2500000, 0x00000000a251a000, 0x00000000a2520000)
  to   space 128K,   0% used [0x00000000a2520000, 0x00000000a2520000, 0x00000000a2540000)
 tenured generation   total 97024K, used 31201K [0x00000000c1800000, 0x00000000c76c0000, 0x0000000100000000)
   the space 97024K,  32% used [0x00000000c1800000, 0x00000000c36787c0, 0x00000000c3678800, 0x00000000c76c0000)
 Metaspace       used 12835K, capacity 13132K, committed 13440K, reserved 1060864K
  class space    used 1485K, capacity 1556K, committed 1664K, reserved 1048576K
}
Event: 3.566 GC heap before
{Heap before GC invocations=190 (full 0):
 def new generation   total 1152K, used 1128K [0x00000000a2400000, 0x00000000a2540000, 0x00000000c1800000)
  eden space 1024K, 100% used [0x00000000a2400000, 0x00000000a2500000, 0x00000000a2500000)
  from space 128K,  81% used [0x00000000a2500000, 0x00000000a251a000, 0x00000000a2520000)
  to   space 128K,   0% used [0x00000000a2520000, 0x00000000a2520000, 0x00000000a2540000)
 tenured generation   total 97024K, used 31201K [0x00000000c1800000, 0x00000000c76c0000, 0x0000000100000000)
   the space 97024K,  32% used [0x00000000c1800000, 0x00000000c36787c0, 0x00000000c3678800, 0x00000000c76c0000)
 Metaspace       used 12836K, capacity 13132K, committed 13440K, reserved 1060864K
  class space    used 1485K, capacity 1556K, committed 1664K, reserved 1048576K
Event: 3.567 GC heap after
Heap after GC invocations=191 (full 0):
 def new generation   total 1152K, used 82K [0x00000000a2400000, 0x00000000a2540000, 0x00000000c1800000)
  eden space 1024K,   0% used [0x00000000a2400000, 0x00000000a2400000, 0x00000000a2500000)
  from space 128K,  64% used [0x00000000a2520000, 0x00000000a2534928, 0x00000000a2540000)
  to   space 128K,   0% used [0x00000000a2500000, 0x00000000a2500000, 0x00000000a2520000)
 tenured generation   total 97024K, used 31250K [0x00000000c1800000, 0x00000000c76c0000, 0x0000000100000000)
   the space 97024K,  32% used [0x00000000c1800000, 0x00000000c3684bd0, 0x00000000c3684c00, 0x00000000c76c0000)
 Metaspace       used 12836K, capacity 13132K, committed 13440K, reserved 1060864K
  class space    used 1485K, capacity 1556K, committed 1664K, reserved 1048576K
}
Event: 3.582 GC heap before
{Heap before GC invocations=191 (full 0):
 def new generation   total 1152K, used 1106K [0x00000000a2400000, 0x00000000a2540000, 0x00000000c1800000)
  eden space 1024K, 100% used [0x00000000a2400000, 0x00000000a2500000, 0x00000000a2500000)
  from space 128K,  64% used [0x00000000a2520000, 0x00000000a2534928, 0x00000000a2540000)
  to   space 128K,   0% used [0x00000000a2500000, 0x00000000a2500000, 0x00000000a2520000)
 tenured generation   total 97024K, used 31250K [0x00000000c1800000, 0x00000000c76c0000, 0x0000000100000000)
   the space 97024K,  32% used [0x00000000c1800000, 0x00000000c3684bd0, 0x00000000c3684c00, 0x00000000c76c0000)
 Metaspace       used 12836K, capacity 13132K, committed 13440K, reserved 1060864K
  class space    used 1485K, capacity 1556K, committed 1664K, reserved 1048576K
Event: 3.584 GC heap after
Heap after GC invocations=192 (full 0):
 def new generation   total 1152K, used 127K [0x00000000a2400000, 0x00000000a2540000, 0x00000000c1800000)
  eden space 1024K,   0% used [0x00000000a2400000, 0x00000000a2400000, 0x00000000a2500000)
  from space 128K,  99% used [0x00000000a2500000, 0x00000000a251fff0, 0x00000000a2520000)
  to   space 128K,   0% used [0x00000000a2520000, 0x00000000a2520000, 0x00000000a2540000)
 tenured generation   total 97024K, used 31305K [0x00000000c1800000, 0x00000000c76c0000, 0x0000000100000000)
   the space 97024K,  32% used [0x00000000c1800000, 0x00000000c3692600, 0x00000000c3692600, 0x00000000c76c0000)
 Metaspace       used 12836K, capacity 13132K, committed 13440K, reserved 1060864K
  class space    used 1485K, capacity 1556K, committed 1664K, reserved 1048576K
}
Event: 3.594 GC heap before
{Heap before GC invocations=192 (full 0):
 def new generation   total 1152K, used 1151K [0x00000000a2400000, 0x00000000a2540000, 0x00000000c1800000)
  eden space 1024K, 100% used [0x00000000a2400000, 0x00000000a2500000, 0x00000000a2500000)
  from space 128K,  99% used [0x00000000a2500000, 0x00000000a251fff0, 0x00000000a2520000)
  to   space 128K,   0% used [0x00000000a2520000, 0x00000000a2520000, 0x00000000a2540000)
 tenured generation   total 97024K, used 31305K [0x00000000c1800000, 0x00000000c76c0000, 0x0000000100000000)
   the space 97024K,  32% used [0x00000000c1800000, 0x00000000c3692600, 0x00000000c3692600, 0x00000000c76c0000)
 Metaspace       used 12836K, capacity 13132K, committed 13440K, reserved 1060864K
  class space    used 1485K, capacity 1556K, committed 1664K, reserved 1048576K
Event: 3.595 GC heap after
Heap after GC invocations=193 (full 0):
 def new generation   total 1152K, used 65K [0x00000000a2400000, 0x00000000a2540000, 0x00000000c1800000)
  eden space 1024K,   0% used [0x00000000a2400000, 0x00000000a2400000, 0x00000000a2500000)
  from space 128K,  51% used [0x00000000a2520000, 0x00000000a2530730, 0x00000000a2540000)
  to   space 128K,   0% used [0x00000000a2500000, 0x00000000a2500000, 0x00000000a2520000)
 tenured generation   total 97024K, used 31390K [0x00000000c1800000, 0x00000000c76c0000, 0x0000000100000000)
   the space 97024K,  32% used [0x00000000c1800000, 0x00000000c36a7880, 0x00000000c36a7a00, 0x00000000c76c0000)
 Metaspace       used 12836K, capacity 13132K, committed 13440K, reserved 1060864K
  class space    used 1485K, capacity 1556K, committed 1664K, reserved 1048576K
}

Deoptimization events (10 events):
Event: 2.078 Thread 0x0000000002466800 Uncommon trap: reason=class_check action=maybe_recompile pc=0x000000000292e750 method=com.sun.org.apache.xerces.internal.parsers.AbstractSAXParser.startElement(Lcom/sun/org/apache/xerces/internal/xni/QName;Lcom/sun/org/apache/xerces/internal/xni/XMLAttribu!˝/≤Rü
Event: 2.078 Thread 0x0000000002466800 Uncommon trap: reason=class_check action=maybe_recompile pc=0x00000000029838d0 method=com.sun.org.apache.xerces.internal.impl.XMLNSDocumentScannerImpl.scanStartElement()Z @ 1005
Event: 2.078 Thread 0x0000000002466800 Uncommon trap: reason=class_check action=maybe_recompile pc=0x000000000292e750 method=com.sun.org.apache.xerces.internal.parsers.AbstractSAXParser.startElement(Lcom/sun/org/apache/xerces/internal/xni/QName;Lcom/sun/org/apache/xerces/internal/xni/XMLAttribuçàU¶‹	@
Event: 3.233 Thread 0x0000000002466800 Uncommon trap: reason=bimorphic action=maybe_recompile pc=0x000000000278da54 method=java.util.AbstractList$Itr.next()Ljava/lang/Object; @ 14
Event: 3.372 Thread 0x0000000002466800 Uncommon trap: reason=class_check action=maybe_recompile pc=0x0000000002845cfc method=java.util.regex.Pattern$CharProperty$1.isSatisfiedBy(I)Z @ 5
Event: 3.372 Thread 0x0000000002466800 Uncommon trap: reason=class_check action=maybe_recompile pc=0x0000000002845cfc method=java.util.regex.Pattern$CharProperty$1.isSatisfiedBy(I)Z @ 5
Event: 3.372 Thread 0x0000000002466800 Uncommon trap: reason=class_check action=maybe_recompile pc=0x0000000002845cfc method=java.util.regex.Pattern$CharProperty$1.isSatisfiedBy(I)Z @ 5
Event: 3.431 Thread 0x0000000002466800 Uncommon trap: reason=class_check action=maybe_recompile pc=0x0000000002862fe4 method=java.util.HashMap.putVal(ILjava/lang/Object;Ljava/lang/Object;ZZ)Ljava/lang/Object; @ 203
Event: 3.431 Thread 0x0000000002466800 Uncommon trap: reason=class_check action=maybe_recompile pc=0x0000000002862fe4 method=java.util.HashMap.putVal(ILjava/lang/Object;Ljava/lang/Object;ZZ)Ljava/lang/Object; @ 203
Event: 3.431 Thread 0x0000000002466800 Uncommon trap: reason=class_check action=maybe_recompile pc=0x0000000002ab83cc method=java.util.HashMap.putVal(ILjava/lang/Object;Ljava/lang/Object;ZZ)Ljava/lang/Object; @ 203

Internal exceptions (10 events):
Event: 3.560 Thread 0x0000000002466800 Exception <a 'java/security/PrivilegedActionException'> (0x00000000a2457938) thrown at [D:\re\workspace\8-2-build-windows-amd64-cygwin\jdk8u5\2488\hotspot\src\share\vm\prims\jvm.cpp, line 1248]
Event: 3.560 Thread 0x0000000002466800 Exception <a 'java/security/PrivilegedActionException'> (0x00000000a24610d0) thrown at [D:\re\workspace\8-2-build-windows-amd64-cygwin\jdk8u5\2488\hotspot\src\share\vm\prims\jvm.cpp, line 1248]
Event: 3.576 Thread 0x0000000002466800 Exception <a 'java/lang/ClassNotFoundException': com/sun/org/glassfish/hk2/osgiresourcelocator/ServiceLoader> (0x00000000a249c380) thrown at [D:\re\workspace\8-2-build-windows-amd64-cygwin\jdk8u5\2488\hotspot\src\share\vm\classfile\systemDictionary.cpp, li*Ö◊Êr£@
Event: 3.580 Thread 0x0000000002466800 Exception <a 'java/security/PrivilegedActionException'> (0x00000000a24db940) thrown at [D:\re\workspace\8-2-build-windows-amd64-cygwin\jdk8u5\2488\hotspot\src\share\vm\prims\jvm.cpp, line 1248]
Event: 3.580 Thread 0x0000000002466800 Exception <a 'java/security/PrivilegedActionException'> (0x00000000a24e5058) thrown at [D:\re\workspace\8-2-build-windows-amd64-cygwin\jdk8u5\2488\hotspot\src\share\vm\prims\jvm.cpp, line 1248]
Event: 3.581 Thread 0x0000000002466800 Exception <a 'java/security/PrivilegedActionException'> (0x00000000a24edd18) thrown at [D:\re\workspace\8-2-build-windows-amd64-cygwin\jdk8u5\2488\hotspot\src\share\vm\prims\jvm.cpp, line 1248]
Event: 3.582 Thread 0x0000000002466800 Exception <a 'java/security/PrivilegedActionException'> (0x00000000a24f7478) thrown at [D:\re\workspace\8-2-build-windows-amd64-cygwin\jdk8u5\2488\hotspot\src\share\vm\prims\jvm.cpp, line 1248]
Event: 3.585 Thread 0x0000000002466800 Exception <a 'java/security/PrivilegedActionException'> (0x00000000a2406d28) thrown at [D:\re\workspace\8-2-build-windows-amd64-cygwin\jdk8u5\2488\hotspot\src\share\vm\prims\jvm.cpp, line 1248]
Event: 3.586 Thread 0x0000000002466800 Exception <a 'java/security/PrivilegedActionException'> (0x00000000a2410480) thrown at [D:\re\workspace\8-2-build-windows-amd64-cygwin\jdk8u5\2488\hotspot\src\share\vm\prims\jvm.cpp, line 1248]
Event: 3.603 Thread 0x0000000002466800 Exception <a 'java/security/PrivilegedActionException'> (0x00000000a2445ad0) thrown at [D:\re\workspace\8-2-build-windows-amd64-cygwin\jdk8u5\2488\hotspot\src\share\vm\prims\jvm.cpp, line 1248]

Events (10 events):
Event: 3.581 loading class java/lang/ObjectFactory
Event: 3.581 loading class java/lang/ObjectFactory done
Event: 3.582 Executing VM operation: GenCollectForAllocation
Event: 3.584 Executing VM operation: GenCollectForAllocation done
Event: 3.585 loading class java/lang/ObjectFactory
Event: 3.585 loading class java/lang/ObjectFactory done
Event: 3.594 Executing VM operation: GenCollectForAllocation
Event: 3.596 Executing VM operation: GenCollectForAllocation done
Event: 3.603 loading class com/altera/infrastructure/devices/DevFamily
Event: 3.603 loading class com/altera/infrastructure/devices/DevFamily done


Dynamic libraries:
0x00007ff652ef0000 - 0x00007ff652f24000 	C:\intelfpga_lite\18.1\quartus\bin64\jre64\bin\java.exe
0x00007ffb87530000 - 0x00007ffb876dd000 	C:\WINDOWS\SYSTEM32\ntdll.dll
0x00007ffb85030000 - 0x00007ffb8516f000 	C:\WINDOWS\system32\KERNEL32.DLL
0x00007ffb84aa0000 - 0x00007ffb84bb6000 	C:\WINDOWS\system32\KERNELBASE.dll
0x00007ffb83220000 - 0x00007ffb832ae000 	C:\WINDOWS\system32\apphelp.dll
0x00007ffb37f70000 - 0x00007ffb37fc5000 	C:\WINDOWS\AppPatch\AppPatch64\AcGenral.DLL
0x00007ffb856a0000 - 0x00007ffb8574a000 	C:\WINDOWS\system32\msvcrt.dll
0x00007ffb84780000 - 0x00007ffb847ae000 	C:\WINDOWS\system32\SspiCli.dll
0x00007ffb86ca0000 - 0x00007ffb86cf4000 	C:\WINDOWS\system32\SHLWAPI.dll
0x00007ffb873a0000 - 0x00007ffb87517000 	C:\WINDOWS\system32\USER32.dll
0x00007ffb85170000 - 0x00007ffb85304000 	C:\WINDOWS\system32\ole32.dll
0x00007ffb85770000 - 0x00007ffb86c9b000 	C:\WINDOWS\system32\SHELL32.dll
0x00007ffb83c20000 - 0x00007ffb83c41000 	C:\WINDOWS\SYSTEM32\USERENV.dll
0x00007ffb87230000 - 0x00007ffb872da000 	C:\WINDOWS\system32\ADVAPI32.dll
0x00007ffb79c80000 - 0x00007ffb79c9e000 	C:\WINDOWS\SYSTEM32\MPR.dll
0x00007ffb870f0000 - 0x00007ffb87230000 	C:\WINDOWS\system32\RPCRT4.dll
0x00007ffb85520000 - 0x00007ffb85579000 	C:\WINDOWS\SYSTEM32\sechost.dll
0x00007ffb85310000 - 0x00007ffb85520000 	C:\WINDOWS\SYSTEM32\combase.dll
0x00007ffb86d00000 - 0x00007ffb86e4c000 	C:\WINDOWS\system32\GDI32.dll
0x00007ffb84660000 - 0x00007ffb84675000 	C:\WINDOWS\SYSTEM32\profapi.dll
0x00007ffb82ba0000 - 0x00007ffb82c52000 	C:\WINDOWS\SYSTEM32\SHCORE.dll
0x00007ffb84f20000 - 0x00007ffb84f56000 	C:\WINDOWS\system32\IMM32.DLL
0x00007ffb84db0000 - 0x00007ffb84f02000 	C:\WINDOWS\system32\MSCTF.dll
0x00007ffb822b0000 - 0x00007ffb8252b000 	C:\WINDOWS\WinSxS\amd64_microsoft.windows.common-controls_6595b64144ccf1df_6.0.9600.19394_none_62486577ecb635cf\COMCTL32.dll
0x00000000768a0000 - 0x0000000076972000 	C:\intelfpga_lite\18.1\quartus\bin64\jre64\bin\msvcr100.dll
0x0000000076070000 - 0x000000007689a000 	C:\intelfpga_lite\18.1\quartus\bin64\jre64\bin\server\jvm.dll
0x00007ffb41580000 - 0x00007ffb41589000 	C:\WINDOWS\SYSTEM32\WSOCK32.dll
0x00007ffb82020000 - 0x00007ffb82042000 	C:\WINDOWS\SYSTEM32\WINMM.dll
0x00007ffb86e50000 - 0x00007ffb86e57000 	C:\WINDOWS\system32\PSAPI.DLL
0x00007ffb85580000 - 0x00007ffb855da000 	C:\WINDOWS\system32\WS2_32.dll
0x00007ffb81e30000 - 0x00007ffb81e5a000 	C:\WINDOWS\SYSTEM32\WINMMBASE.dll
0x00007ffb84f10000 - 0x00007ffb84f19000 	C:\WINDOWS\system32\NSI.dll
0x00007ffb84730000 - 0x00007ffb8477f000 	C:\WINDOWS\SYSTEM32\cfgmgr32.dll
0x00007ffb83470000 - 0x00007ffb83498000 	C:\WINDOWS\SYSTEM32\DEVOBJ.dll
0x0000000076020000 - 0x000000007602f000 	C:\intelfpga_lite\18.1\quartus\bin64\jre64\bin\verify.dll
0x0000000075ff0000 - 0x0000000076018000 	C:\intelfpga_lite\18.1\quartus\bin64\jre64\bin\java.dll
0x0000000075fd0000 - 0x0000000075fe6000 	C:\intelfpga_lite\18.1\quartus\bin64\jre64\bin\zip.dll
0x00007ffb83ef0000 - 0x00007ffb83f10000 	C:\WINDOWS\SYSTEM32\CRYPTSP.dll
0x00007ffb83b10000 - 0x00007ffb83b46000 	C:\WINDOWS\system32\rsaenh.dll
0x00007ffb84140000 - 0x00007ffb84166000 	C:\WINDOWS\SYSTEM32\bcrypt.dll
0x00007ffb844c0000 - 0x00007ffb84523000 	C:\WINDOWS\system32\bcryptprimitives.dll
0x00007ffb84530000 - 0x00007ffb8453b000 	C:\WINDOWS\SYSTEM32\CRYPTBASE.dll
0x0000000075fb0000 - 0x0000000075fca000 	C:\intelFPGA_lite\18.1\quartus\bin64\jre64\bin\net.dll
0x00007ffb83e90000 - 0x00007ffb83ee9000 	C:\WINDOWS\system32\mswsock.dll
0x00007ffb7e500000 - 0x00007ffb7e52a000 	C:\WINDOWS\SYSTEM32\IPHLPAPI.DLL
0x00007ffb7e4d0000 - 0x00007ffb7e4da000 	C:\WINDOWS\SYSTEM32\WINNSI.DLL
0x00007ffb7e380000 - 0x00007ffb7e396000 	C:\WINDOWS\SYSTEM32\dhcpcsvc6.DLL
0x00007ffb7e360000 - 0x00007ffb7e37a000 	C:\WINDOWS\SYSTEM32\dhcpcsvc.DLL
0x0000000075f90000 - 0x0000000075fa1000 	C:\intelFPGA_lite\18.1\quartus\bin64\jre64\bin\nio.dll
0x00007ffb79790000 - 0x00007ffb79796000 	C:\intelFPGA_lite\18.1\quartus\bin64\sld_utiljni.dll
0x00007ffb7b2b0000 - 0x00007ffb7b39f000 	C:\intelFPGA_lite\18.1\quartus\bin64\MSVCR120.dll
0x0000000050180000 - 0x0000000050307000 	C:\intelFPGA_lite\18.1\quartus\bin64\tcl86.dll
0x00007ffb7f7d0000 - 0x00007ffb7f7e6000 	C:\WINDOWS\SYSTEM32\NETAPI32.dll
0x00007ffb838c0000 - 0x00007ffb838cc000 	C:\WINDOWS\SYSTEM32\netutils.dll
0x00007ffb84270000 - 0x00007ffb84296000 	C:\WINDOWS\SYSTEM32\srvcli.dll
0x00007ffb7f740000 - 0x00007ffb7f757000 	C:\WINDOWS\SYSTEM32\wkscli.dll
0x00007ffb7c8e0000 - 0x00007ffb7c8f7000 	C:\WINDOWS\SYSTEM32\SAMCLI.DLL
0x00007ffb83c50000 - 0x00007ffb83c8f000 	C:\WINDOWS\SYSTEM32\LOGONCLI.DLL
0x00007ffb7a040000 - 0x00007ffb7a100000 	C:\intelFPGA_lite\18.1\quartus\bin64\ccl_sqlite3.dll
0x00007ffb79610000 - 0x00007ffb79620000 	C:\intelFPGA_lite\18.1\quartus\bin64\ccl_sqlite3_jdbc_jni_bridge.dll
0x00007ffb7a560000 - 0x00007ffb7a6e8000 	C:\intelFPGA_lite\18.1\quartus\bin64\dbghelp.dll

VM Arguments:
jvm_args: -Xmx1500M -XX:+UseSerialGC 
java_command: com.altera.sopcmodel.sbtools.sbcatalog.SbCatalog --xml --project-directory= --search-path=$,C:\Users\Ruslan\Desktop\Projects\Menu_on_screen-master,C:\Users\Ruslan\Desktop\Projects\Menu_on_screen-master
java_class_path (initial): C:/intelfpga_lite/18.1/quartus/sopc_builder/model/lib\Nlview.jar;C:/intelfpga_lite/18.1/quartus/sopc_builder/model/lib\QuickServer.jar;C:/intelfpga_lite/18.1/quartus/sopc_builder/model/lib\TableLayout.jar;C:/intelfpga_lite/18.1/quartus/sopc_builder/model/lib\appframework-1.03.jar;C:/intelfpga_lite/18.1/quartus/sopc_builder/model/lib\asm-3.1.jar;C:/intelfpga_lite/18.1/quartus/sopc_builder/model/lib\asm-commons-3.1.jar;C:/intelfpga_lite/18.1/quartus/sopc_builder/model/lib\basicmodel.jar;C:/intelfpga_lite/18.1/quartus/sopc_builder/model/lib\beansbinding-1.2.1.jar;C:/intelfpga_lite/18.1/quartus/sopc_builder/model/lib\binding-2.0.6.jar;C:/intelfpga_lite/18.1/quartus/sopc_builder/model/lib\com.altera.componenteditor2.jar;C:/intelfpga_lite/18.1/quartus/sopc_builder/model/lib\com.altera.embeddedsw.app_lib.jar;C:/intelfpga_lite/18.1/quartus/sopc_builder/model/lib\com.altera.embeddedsw.bsp.editor.jar;C:/intelfpga_lite/18.1/quartus/sopc_builder/model/lib\com.altera.embeddedsw.bsp.elements.jar;C:/intelfpga_lite/18.1/quartus/sopc_builder/model/lib\com.altera.embeddedsw.bsp.jar;C:/intelfpga_lite/18.1/quartus/sopc_builder/model/lib\com.altera.embeddedsw.bsp.plugin.core.jar;C:/intelfpga_lite/18.1/quartus/sopc_builder/model/lib\com.altera.embeddedsw.bsp.plugin.hal.jar;C:/intelfpga_lite/18.1/quartus/sopc_builder/model/lib\com.altera.embeddedsw.bsp.plugin.lwhal.jar;C:/intelfpga_lite/18.1/quartus/sopc_builder/model/lib\com.altera.embeddedsw.bsp.schema.jar;C:/intelfpga_lite/18.1/quartus/sopc_builder/model/lib\com.altera.embeddedsw.bsp.scripting.jar;C:/intelfpga_lite/18.1/quartus/sopc_builder/model/lib\com.altera.embeddedsw.commandline.jar;C:/intelfpga_lite/18.1/quartus/sopc_builder/model/lib\com.altera.embeddedsw.cpexample.jar;C:/intelfpga_lite/18.1/quartus/sopc_builder/model/lib\com.altera.embeddedsw.flash.jar;C:/intelfpga_lite/18.1/quartus/sopc_builder/model/lib\com.altera.embeddedsw.launch.jar;C:/intelfpga_lite/18.1/quartus/sopc_builder/model/lib\com.alte
Launcher Type: SUN_STANDARD

Environment Variables:
PATH=C:/intelfpga_lite/18.1/quartus/bin64;c:\intelfpga_lite\18.1\quartus\bin64\;c:\intelfpga_lite\18.1\quartus\bin64\;C:\Program Files (x86)\Intel\iCLS Client\;C:\Program Files\Intel\iCLS Client\;C:\Program Files (x86)\AMD APP\bin\x86_64;C:\Program Files (x86)\AMD APP\bin\x86;C:\WINDOWS\system32;C:\WINDOWS;C:\WINDOWS\System32\Wbem;C:\WINDOWS\System32\WindowsPowerShell\v1.0\;C:\Program Files (x86)\Windows Live\Shared;C:\Program Files (x86)\Intel\OpenCL SDK\3.0\bin\x86;C:\Program Files (x86)\Intel\OpenCL SDK\3.0\bin\x64;C:\Program Files (x86)\ATI Technologies\ATI.ACE\Core-Static;C:\Program Files\Intel\Intel(R) Management Engine Components\DAL;C:\Program Files\Intel\Intel(R) Management Engine Components\IPT;C:\Program Files (x86)\Intel\Intel(R) Management Engine Components\DAL;C:\Program Files (x86)\Intel\Intel(R) Management Engine Components\IPT;C:\Program Files\Git\cmd;C:\Program Files\MATLAB\R2017b\runtime\win64;C:\Program Files\MATLAB\R2017b\bin;C:\intelFPGA_lite\18.1\modelsim_ase\win32aloem;C:\Microsoft VS Code\bin
USERNAME=Ruslan
OS=Windows_NT
PROCESSOR_IDENTIFIER=Intel64 Family 6 Model 58 Stepping 9, GenuineIntel



---------------  S Y S T E M  ---------------

OS: Windows 8.1 , 64 bit Build 9600 

CPU:total 4 (2 cores per cpu, 2 threads per core) family 6 model 58 stepping 9, cmov, cx8, fxsr, mmx, sse, sse2, sse3, ssse3, sse4.1, sse4.2, popcnt, avx, aes, clmul, erms, ht, tsc, tscinvbit

Memory: 4k page, physical 6181144k(1117996k free), swap 6181144k(5340k free)

vm_info: Java HotSpot(TM) 64-Bit Server VM (25.5-b02) for windows-amd64 JRE (1.8.0_05-b13), built on Mar 18 2014 01:08:39 by "java_re" with MS VC++ 10.0 (VS2010)

time: Fri Dec 27 19:59:57 2019
elapsed time: 3 seconds

