#
# There is insufficient memory for the Java Runtime Environment to continue.
# Native memory allocation (malloc) failed to allocate 39696 bytes for Chunk::new
# Possible reasons:
#   The system is out of physical RAM or swap space
#   In 32 bit mode, the process size limit was hit
# Possible solutions:
#   Reduce memory load on the system
#   Increase physical memory or swap space
#   Check if swap backing store is full
#   Use 64 bit Java on a 64 bit OS
#   Decrease Java heap size (-Xmx/-Xms)
#   Decrease number of Java threads
#   Decrease Java thread stack sizes (-Xss)
#   Set larger code cache with -XX:ReservedCodeCacheSize=
# This output file may be truncated or incomplete.
#
#  Out of Memory Error (allocation.cpp:388), pid=5352, tid=4356
#
# JRE version: Java(TM) SE Runtime Environment (8.0_05-b13) (build 1.8.0_05-b13)
# Java VM: Java HotSpot(TM) 64-Bit Server VM (25.5-b02 mixed mode windows-amd64 compressed oops)
# Failed to write core dump. Minidumps are not enabled by default on client versions of Windows
#

---------------  T H R E A D  ---------------

Current thread (0x0000000012d2e800):  JavaThread "C2 CompilerThread1" daemon [_thread_in_native, id=4356, stack(0x0000000013430000,0x0000000013530000)]

Stack: [0x0000000013430000,0x0000000013530000]
Native frames: (J=compiled Java code, j=interpreted, Vv=VM code, C=native code)
V  [jvm.dll+0x308dea]


Current CompileTask:
C2:   1019  835       4       sun.net.www.ParseUtil::encodePath (336 bytes)


---------------  P R O C E S S  ---------------

Java Threads: ( => current thread )
  0x0000000012daa800 JavaThread "Service Thread" daemon [_thread_blocked, id=8956, stack(0x0000000013630000,0x0000000013730000)]
  0x0000000012d3c000 JavaThread "C1 CompilerThread2" daemon [_thread_blocked, id=2288, stack(0x0000000013530000,0x0000000013630000)]
=>0x0000000012d2e800 JavaThread "C2 CompilerThread1" daemon [_thread_in_native, id=4356, stack(0x0000000013430000,0x0000000013530000)]
  0x0000000012d2b000 JavaThread "C2 CompilerThread0" daemon [_thread_blocked, id=10652, stack(0x0000000013330000,0x0000000013430000)]
  0x0000000012d28800 JavaThread "Attach Listener" daemon [_thread_blocked, id=10792, stack(0x0000000013230000,0x0000000013330000)]
  0x0000000012d26800 JavaThread "Signal Dispatcher" daemon [_thread_blocked, id=7332, stack(0x0000000013130000,0x0000000013230000)]
  0x0000000002b72800 JavaThread "Finalizer" daemon [_thread_blocked, id=6740, stack(0x0000000013030000,0x0000000013130000)]
  0x0000000002b6b000 JavaThread "Reference Handler" daemon [_thread_blocked, id=11220, stack(0x0000000012f30000,0x0000000013030000)]
  0x0000000002a86800 JavaThread "main" [_thread_in_vm, id=3608, stack(0x0000000002980000,0x0000000002a80000)]

Other Threads:
  0x0000000002b65000 VMThread [stack: 0x0000000012e30000,0x0000000012f30000] [id=10124]
  0x0000000012dad000 WatcherThread [stack: 0x0000000013730000,0x0000000013830000] [id=11072]

VM state:not at safepoint (normal execution)

VM Mutex/Monitor currently owned by a thread: None

Heap:
 def new generation   total 1152K, used 442K [0x00000000a2400000, 0x00000000a2540000, 0x00000000c1800000)
  eden space 1024K,  30% used [0x00000000a2400000, 0x00000000a244eb80, 0x00000000a2500000)
  from space 128K,  99% used [0x00000000a2520000, 0x00000000a253fed8, 0x00000000a2540000)
  to   space 128K,   0% used [0x00000000a2500000, 0x00000000a2500000, 0x00000000a2520000)
 tenured generation   total 97024K, used 4602K [0x00000000c1800000, 0x00000000c76c0000, 0x0000000100000000)
   the space 97024K,   4% used [0x00000000c1800000, 0x00000000c1c7ebd8, 0x00000000c1c7ec00, 0x00000000c76c0000)
 Metaspace       used 8881K, capacity 9080K, committed 9344K, reserved 1056768K
  class space    used 1063K, capacity 1126K, committed 1152K, reserved 1048576K

Card table byte_map: [0x0000000011f40000,0x0000000012230000] byte_map_base: 0x0000000011a2e000

Polling page: 0x0000000002910000

CodeCache: size=245760Kb used=3341Kb max_used=3341Kb free=242418Kb
 bounds [0x0000000002b80000, 0x0000000002ed0000, 0x0000000011b80000]
 total_blobs=1150 nmethods=835 adapters=229
 compilation: enabled

Compilation events (10 events):
Event: 1.000 Thread 0x0000000012d3c000 nmethod 830 0x0000000002ec08d0 code [0x0000000002ec0b00, 0x0000000002ec1bf8]
Event: 1.000 Thread 0x0000000012d3c000  832       3       sun.reflect.annotation.AnnotationInvocationHandler::invoke (193 bytes)
Event: 1.002 Thread 0x0000000012d3c000 nmethod 832 0x0000000002ec3750 code [0x0000000002ec3a20, 0x0000000002ec4d98]
Event: 1.002 Thread 0x0000000012d3c000  833       3       java.lang.Class::checkMemberAccess (49 bytes)
Event: 1.002 Thread 0x0000000012d3c000 nmethod 833 0x0000000002ebfbd0 code [0x0000000002ebfd80, 0x0000000002ec03b8]
Event: 1.002 Thread 0x0000000012d3c000  834       3       java.lang.Class::cast (27 bytes)
Event: 1.002 Thread 0x0000000012d3c000 nmethod 834 0x0000000002ebf610 code [0x0000000002ebf780, 0x0000000002ebfad8]
Event: 1.002 Thread 0x0000000012d3c000  831       1       sun.reflect.generics.reflectiveObjects.ParameterizedTypeImpl::getRawType (5 bytes)
Event: 1.002 Thread 0x0000000012d3c000 nmethod 831 0x0000000002ebf350 code [0x0000000002ebf4a0, 0x0000000002ebf5b0]
Event: 1.004 Thread 0x0000000012d2e800  835       4       sun.net.www.ParseUtil::encodePath (336 bytes)

GC Heap History (10 events):
Event: 0.932 GC heap before
{Heap before GC invocations=34 (full 0):
 def new generation   total 1152K, used 1151K [0x00000000a2400000, 0x00000000a2540000, 0x00000000c1800000)
  eden space 1024K, 100% used [0x00000000a2400000, 0x00000000a2500000, 0x00000000a2500000)
  from space 128K,  99% used [0x00000000a2500000, 0x00000000a251fe50, 0x00000000a2520000)
  to   space 128K,   0% used [0x00000000a2520000, 0x00000000a2520000, 0x00000000a2540000)
 tenured generation   total 97024K, used 4239K [0x00000000c1800000, 0x00000000c76c0000, 0x0000000100000000)
   the space 97024K,   4% used [0x00000000c1800000, 0x00000000c1c23d80, 0x00000000c1c23e00, 0x00000000c76c0000)
 Metaspace       used 8241K, capacity 8460K, committed 8832K, reserved 1056768K
  class space    used 945K, capacity 1028K, committed 1152K, reserved 1048576K
Event: 0.933 GC heap after
Heap after GC invocations=35 (full 0):
 def new generation   total 1152K, used 126K [0x00000000a2400000, 0x00000000a2540000, 0x00000000c1800000)
  eden space 1024K,   0% used [0x00000000a2400000, 0x00000000a2400000, 0x00000000a2500000)
  from space 128K,  99% used [0x00000000a2520000, 0x00000000a253fb78, 0x00000000a2540000)
  to   space 128K,   0% used [0x00000000a2500000, 0x00000000a2500000, 0x00000000a2520000)
 tenured generation   total 97024K, used 4285K [0x00000000c1800000, 0x00000000c76c0000, 0x0000000100000000)
   the space 97024K,   4% used [0x00000000c1800000, 0x00000000c1c2f618, 0x00000000c1c2f800, 0x00000000c76c0000)
 Metaspace       used 8241K, capacity 8460K, committed 8832K, reserved 1056768K
  class space    used 945K, capacity 1028K, committed 1152K, reserved 1048576K
}
Event: 0.944 GC heap before
{Heap before GC invocations=35 (full 0):
 def new generation   total 1152K, used 1150K [0x00000000a2400000, 0x00000000a2540000, 0x00000000c1800000)
  eden space 1024K, 100% used [0x00000000a2400000, 0x00000000a2500000, 0x00000000a2500000)
  from space 128K,  99% used [0x00000000a2520000, 0x00000000a253fb78, 0x00000000a2540000)
  to   space 128K,   0% used [0x00000000a2500000, 0x00000000a2500000, 0x00000000a2520000)
 tenured generation   total 97024K, used 4285K [0x00000000c1800000, 0x00000000c76c0000, 0x0000000100000000)
   the space 97024K,   4% used [0x00000000c1800000, 0x00000000c1c2f618, 0x00000000c1c2f800, 0x00000000c76c0000)
 Metaspace       used 8345K, capacity 8524K, committed 8832K, reserved 1056768K
  class space    used 967K, capacity 1028K, committed 1152K, reserved 1048576K
Event: 0.945 GC heap after
Heap after GC invocations=36 (full 0):
 def new generation   total 1152K, used 122K [0x00000000a2400000, 0x00000000a2540000, 0x00000000c1800000)
  eden space 1024K,   0% used [0x00000000a2400000, 0x00000000a2400000, 0x00000000a2500000)
  from space 128K,  95% used [0x00000000a2500000, 0x00000000a251e8a0, 0x00000000a2520000)
  to   space 128K,   0% used [0x00000000a2520000, 0x00000000a2520000, 0x00000000a2540000)
 tenured generation   total 97024K, used 4339K [0x00000000c1800000, 0x00000000c76c0000, 0x0000000100000000)
   the space 97024K,   4% used [0x00000000c1800000, 0x00000000c1c3cd80, 0x00000000c1c3ce00, 0x00000000c76c0000)
 Metaspace       used 8345K, capacity 8524K, committed 8832K, reserved 1056768K
  class space    used 967K, capacity 1028K, committed 1152K, reserved 1048576K
}
Event: 0.964 GC heap before
{Heap before GC invocations=36 (full 0):
 def new generation   total 1152K, used 1146K [0x00000000a2400000, 0x00000000a2540000, 0x00000000c1800000)
  eden space 1024K, 100% used [0x00000000a2400000, 0x00000000a2500000, 0x00000000a2500000)
  from space 128K,  95% used [0x00000000a2500000, 0x00000000a251e8a0, 0x00000000a2520000)
  to   space 128K,   0% used [0x00000000a2520000, 0x00000000a2520000, 0x00000000a2540000)
 tenured generation   total 97024K, used 4339K [0x00000000c1800000, 0x00000000c76c0000, 0x0000000100000000)
   the space 97024K,   4% used [0x00000000c1800000, 0x00000000c1c3cd80, 0x00000000c1c3ce00, 0x00000000c76c0000)
 Metaspace       used 8510K, capacity 8684K, committed 8832K, reserved 1056768K
  class space    used 1007K, capacity 1060K, committed 1152K, reserved 1048576K
Event: 0.965 GC heap after
Heap after GC invocations=37 (full 0):
 def new generation   total 1152K, used 127K [0x00000000a2400000, 0x00000000a2540000, 0x00000000c1800000)
  eden space 1024K,   0% used [0x00000000a2400000, 0x00000000a2400000, 0x00000000a2500000)
  from space 128K,  99% used [0x00000000a2520000, 0x00000000a253fff8, 0x00000000a2540000)
  to   space 128K,   0% used [0x00000000a2500000, 0x00000000a2500000, 0x00000000a2520000)
 tenured generation   total 97024K, used 4381K [0x00000000c1800000, 0x00000000c76c0000, 0x0000000100000000)
   the space 97024K,   4% used [0x00000000c1800000, 0x00000000c1c47728, 0x00000000c1c47800, 0x00000000c76c0000)
 Metaspace       used 8510K, capacity 8684K, committed 8832K, reserved 1056768K
  class space    used 1007K, capacity 1060K, committed 1152K, reserved 1048576K
}
Event: 0.993 GC heap before
{Heap before GC invocations=37 (full 0):
 def new generation   total 1152K, used 1151K [0x00000000a2400000, 0x00000000a2540000, 0x00000000c1800000)
  eden space 1024K, 100% used [0x00000000a2400000, 0x00000000a2500000, 0x00000000a2500000)
  from space 128K,  99% used [0x00000000a2520000, 0x00000000a253fff8, 0x00000000a2540000)
  to   space 128K,   0% used [0x00000000a2500000, 0x00000000a2500000, 0x00000000a2520000)
 tenured generation   total 97024K, used 4381K [0x00000000c1800000, 0x00000000c76c0000, 0x0000000100000000)
   the space 97024K,   4% used [0x00000000c1800000, 0x00000000c1c47728, 0x00000000c1c47800, 0x00000000c76c0000)
 Metaspace       used 8713K, capacity 8914K, committed 9088K, reserved 1056768K
  class space    used 1038K, capacity 1093K, committed 1152K, reserved 1048576K
Event: 0.995 GC heap after
Heap after GC invocations=38 (full 0):
 def new generation   total 1152K, used 127K [0x00000000a2400000, 0x00000000a2540000, 0x00000000c1800000)
  eden space 1024K,   0% used [0x00000000a2400000, 0x00000000a2400000, 0x00000000a2500000)
  from space 128K,  99% used [0x00000000a2500000, 0x00000000a251fc80, 0x00000000a2520000)
  to   space 128K,   0% used [0x00000000a2520000, 0x00000000a2520000, 0x00000000a2540000)
 tenured generation   total 97024K, used 4477K [0x00000000c1800000, 0x00000000c76c0000, 0x0000000100000000)
   the space 97024K,   4% used [0x00000000c1800000, 0x00000000c1c5f6f8, 0x00000000c1c5f800, 0x00000000c76c0000)
 Metaspace       used 8713K, capacity 8914K, committed 9088K, reserved 1056768K
  class space    used 1038K, capacity 1093K, committed 1152K, reserved 1048576K
}
Event: 1.014 GC heap before
{Heap before GC invocations=38 (full 0):
 def new generation   total 1152K, used 1151K [0x00000000a2400000, 0x00000000a2540000, 0x00000000c1800000)
  eden space 1024K, 100% used [0x00000000a2400000, 0x00000000a2500000, 0x00000000a2500000)
  from space 128K,  99% used [0x00000000a2500000, 0x00000000a251fc80, 0x00000000a2520000)
  to   space 128K,   0% used [0x00000000a2520000, 0x00000000a2520000, 0x00000000a2540000)
 tenured generation   total 97024K, used 4477K [0x00000000c1800000, 0x00000000c76c0000, 0x0000000100000000)
   the space 97024K,   4% used [0x00000000c1800000, 0x00000000c1c5f6f8, 0x00000000c1c5f800, 0x00000000c76c0000)
 Metaspace       used 8853K, capacity 9080K, committed 9344K, reserved 1056768K
  class space    used 1057K, capacity 1126K, committed 1152K, reserved 1048576K
Event: 1.016 GC heap after
Heap after GC invocations=39 (full 0):
 def new generation   total 1152K, used 127K [0x00000000a2400000, 0x00000000a2540000, 0x00000000c1800000)
  eden space 1024K,   0% used [0x00000000a2400000, 0x00000000a2400000, 0x00000000a2500000)
  from space 128K,  99% used [0x00000000a2520000, 0x00000000a253fed8, 0x00000000a2540000)
  to   space 128K,   0% used [0x00000000a2500000, 0x00000000a2500000, 0x00000000a2520000)
 tenured generation   total 97024K, used 4602K [0x00000000c1800000, 0x00000000c76c0000, 0x0000000100000000)
   the space 97024K,   4% used [0x00000000c1800000, 0x00000000c1c7ebd8, 0x00000000c1c7ec00, 0x00000000c76c0000)
 Metaspace       used 8853K, capacity 9080K, committed 9344K, reserved 1056768K
  class space    used 1057K, capacity 1126K, committed 1152K, reserved 1048576K
}

Deoptimization events (4 events):
Event: 0.548 Thread 0x0000000002a86800 Uncommon trap: reason=unloaded action=reinterpret pc=0x0000000002d88810 method=sun.misc.URLClassPath$JarLoader.getResource(Ljava/lang/String;Z)Lsun/misc/Resource; @ 67
Event: 0.951 Thread 0x0000000002a86800 Uncommon trap: reason=unreached action=reinterpret pc=0x0000000002e9aaec method=java.util.HashMap.putVal(ILjava/lang/Object;Ljava/lang/Object;ZZ)Ljava/lang/Object; @ 193
Event: 0.980 Thread 0x0000000002a86800 Uncommon trap: reason=unreached action=reinterpret pc=0x0000000002e9cf9c method=java.util.HashMap.putVal(ILjava/lang/Object;Ljava/lang/Object;ZZ)Ljava/lang/Object; @ 193
Event: 0.981 Thread 0x0000000002a86800 Uncommon trap: reason=range_check action=make_not_entrant pc=0x0000000002eb25e0 method=sun.reflect.generics.parser.SignatureParser.current()C @ 34

Internal exceptions (10 events):
Event: 1.010 Thread 0x0000000002a86800 Exception <a 'java/security/PrivilegedActionException'> (0x00000000a249bce0) thrown at [D:\re\workspace\8-2-build-windows-amd64-cygwin\jdk8u5\2488\hotspot\src\share\vm\prims\jvm.cpp, line 1248]
Event: 1.010 Thread 0x0000000002a86800 Exception <a 'java/security/PrivilegedActionException'> (0x00000000a24a5620) thrown at [D:\re\workspace\8-2-build-windows-amd64-cygwin\jdk8u5\2488\hotspot\src\share\vm\prims\jvm.cpp, line 1248]
Event: 1.011 Thread 0x0000000002a86800 Exception <a 'java/security/PrivilegedActionException'> (0x00000000a24b1828) thrown at [D:\re\workspace\8-2-build-windows-amd64-cygwin\jdk8u5\2488\hotspot\src\share\vm\prims\jvm.cpp, line 1248]
Event: 1.011 Thread 0x0000000002a86800 Exception <a 'java/security/PrivilegedActionException'> (0x00000000a24bf728) thrown at [D:\re\workspace\8-2-build-windows-amd64-cygwin\jdk8u5\2488\hotspot\src\share\vm\prims\jvm.cpp, line 1248]
Event: 1.011 Thread 0x0000000002a86800 Exception <a 'java/security/PrivilegedActionException'> (0x00000000a24c8b48) thrown at [D:\re\workspace\8-2-build-windows-amd64-cygwin\jdk8u5\2488\hotspot\src\share\vm\prims\jvm.cpp, line 1248]
Event: 1.012 Thread 0x0000000002a86800 Exception <a 'java/security/PrivilegedActionException'> (0x00000000a24d0eb0) thrown at [D:\re\workspace\8-2-build-windows-amd64-cygwin\jdk8u5\2488\hotspot\src\share\vm\prims\jvm.cpp, line 1248]
Event: 1.013 Thread 0x0000000002a86800 Exception <a 'java/security/PrivilegedActionException'> (0x00000000a24deb20) thrown at [D:\re\workspace\8-2-build-windows-amd64-cygwin\jdk8u5\2488\hotspot\src\share\vm\prims\jvm.cpp, line 1248]
Event: 1.013 Thread 0x0000000002a86800 Exception <a 'java/security/PrivilegedActionException'> (0x00000000a24e7f50) thrown at [D:\re\workspace\8-2-build-windows-amd64-cygwin\jdk8u5\2488\hotspot\src\share\vm\prims\jvm.cpp, line 1248]
Event: 1.014 Thread 0x0000000002a86800 Exception <a 'java/security/PrivilegedActionException'> (0x00000000a24f4d80) thrown at [D:\re\workspace\8-2-build-windows-amd64-cygwin\jdk8u5\2488\hotspot\src\share\vm\prims\jvm.cpp, line 1248]
Event: 1.016 Thread 0x0000000002a86800 Exception <a 'java/security/PrivilegedActionException'> (0x00000000a2400570) thrown at [D:\re\workspace\8-2-build-windows-amd64-cygwin\jdk8u5\2488\hotspot\src\share\vm\prims\jvm.cpp, line 1248]

Events (10 events):
Event: 1.013 loading class com/sun/xml/bind/v2/runtime/property/SingleMapNodeProperty
Event: 1.013 loading class com/sun/xml/bind/v2/runtime/property/SingleMapNodeProperty done
Event: 1.014 loading class com/sun/xml/bind/v2/runtime/property/ArrayElementNodeProperty
Event: 1.014 loading class com/sun/xml/bind/v2/runtime/property/ArrayElementNodeProperty done
Event: 1.014 Executing VM operation: GenCollectForAllocation
Event: 1.016 Executing VM operation: GenCollectForAllocation done
Event: 1.016 loading class com/sun/xml/bind/v2/runtime/property/ArrayReferenceNodeProperty
Event: 1.016 loading class com/sun/xml/bind/v2/runtime/property/ArrayReferenceNodeProperty done
Event: 1.017 loading class com/sun/xml/bind/v2/runtime/unmarshaller/LeafPropertyLoader
Event: 1.017 loading class com/sun/xml/bind/v2/runtime/unmarshaller/LeafPropertyLoader done


Dynamic libraries:
0x00007ff652ef0000 - 0x00007ff652f24000 	C:\intelfpga_lite\18.1\quartus\bin64\jre64\bin\java.exe
0x00007ffb87530000 - 0x00007ffb876dd000 	C:\WINDOWS\SYSTEM32\ntdll.dll
0x00007ffb85030000 - 0x00007ffb8516f000 	C:\WINDOWS\system32\KERNEL32.DLL
0x00007ffb84aa0000 - 0x00007ffb84bb6000 	C:\WINDOWS\system32\KERNELBASE.dll
0x00007ffb83220000 - 0x00007ffb832ae000 	C:\WINDOWS\system32\apphelp.dll
0x00007ffb37f70000 - 0x00007ffb37fc5000 	C:\WINDOWS\AppPatch\AppPatch64\AcGenral.DLL
0x00007ffb856a0000 - 0x00007ffb8574a000 	C:\WINDOWS\system32\msvcrt.dll
0x00007ffb84780000 - 0x00007ffb847ae000 	C:\WINDOWS\system32\SspiCli.dll
0x00007ffb86ca0000 - 0x00007ffb86cf4000 	C:\WINDOWS\system32\SHLWAPI.dll
0x00007ffb873a0000 - 0x00007ffb87517000 	C:\WINDOWS\system32\USER32.dll
0x00007ffb85170000 - 0x00007ffb85304000 	C:\WINDOWS\system32\ole32.dll
0x00007ffb85770000 - 0x00007ffb86c9b000 	C:\WINDOWS\system32\SHELL32.dll
0x00007ffb83c20000 - 0x00007ffb83c41000 	C:\WINDOWS\SYSTEM32\USERENV.dll
0x00007ffb87230000 - 0x00007ffb872da000 	C:\WINDOWS\system32\ADVAPI32.dll
0x00007ffb79c80000 - 0x00007ffb79c9e000 	C:\WINDOWS\SYSTEM32\MPR.dll
0x00007ffb870f0000 - 0x00007ffb87230000 	C:\WINDOWS\system32\RPCRT4.dll
0x00007ffb85520000 - 0x00007ffb85579000 	C:\WINDOWS\SYSTEM32\sechost.dll
0x00007ffb85310000 - 0x00007ffb85520000 	C:\WINDOWS\SYSTEM32\combase.dll
0x00007ffb86d00000 - 0x00007ffb86e4c000 	C:\WINDOWS\system32\GDI32.dll
0x00007ffb84660000 - 0x00007ffb84675000 	C:\WINDOWS\SYSTEM32\profapi.dll
0x00007ffb82ba0000 - 0x00007ffb82c52000 	C:\WINDOWS\SYSTEM32\SHCORE.dll
0x00007ffb84f20000 - 0x00007ffb84f56000 	C:\WINDOWS\system32\IMM32.DLL
0x00007ffb84db0000 - 0x00007ffb84f02000 	C:\WINDOWS\system32\MSCTF.dll
0x00007ffb822b0000 - 0x00007ffb8252b000 	C:\WINDOWS\WinSxS\amd64_microsoft.windows.common-controls_6595b64144ccf1df_6.0.9600.19394_none_62486577ecb635cf\COMCTL32.dll
0x00000000768a0000 - 0x0000000076972000 	C:\intelfpga_lite\18.1\quartus\bin64\jre64\bin\msvcr100.dll
0x0000000076070000 - 0x000000007689a000 	C:\intelfpga_lite\18.1\quartus\bin64\jre64\bin\server\jvm.dll
0x00007ffb41580000 - 0x00007ffb41589000 	C:\WINDOWS\SYSTEM32\WSOCK32.dll
0x00007ffb82020000 - 0x00007ffb82042000 	C:\WINDOWS\SYSTEM32\WINMM.dll
0x00007ffb86e50000 - 0x00007ffb86e57000 	C:\WINDOWS\system32\PSAPI.DLL
0x00007ffb85580000 - 0x00007ffb855da000 	C:\WINDOWS\system32\WS2_32.dll
0x00007ffb81e30000 - 0x00007ffb81e5a000 	C:\WINDOWS\SYSTEM32\WINMMBASE.dll
0x00007ffb84f10000 - 0x00007ffb84f19000 	C:\WINDOWS\system32\NSI.dll
0x00007ffb84730000 - 0x00007ffb8477f000 	C:\WINDOWS\SYSTEM32\cfgmgr32.dll
0x00007ffb83470000 - 0x00007ffb83498000 	C:\WINDOWS\SYSTEM32\DEVOBJ.dll
0x0000000076020000 - 0x000000007602f000 	C:\intelfpga_lite\18.1\quartus\bin64\jre64\bin\verify.dll
0x0000000075ff0000 - 0x0000000076018000 	C:\intelfpga_lite\18.1\quartus\bin64\jre64\bin\java.dll
0x0000000075fd0000 - 0x0000000075fe6000 	C:\intelfpga_lite\18.1\quartus\bin64\jre64\bin\zip.dll

VM Arguments:
jvm_args: -Xmx1500M -XX:+UseSerialGC 
java_command: com.altera.sopcmodel.sbtools.sbcatalog.SbCatalog --xml --project-directory= --search-path=C:/Users/Ruslan/Desktop/Projects/Menu_on_screen-master/,C:\Users\Ruslan\Desktop\Projects\Menu_on_screen-master
java_class_path (initial): C:/intelfpga_lite/18.1/quartus/sopc_builder/model/lib\Nlview.jar;C:/intelfpga_lite/18.1/quartus/sopc_builder/model/lib\QuickServer.jar;C:/intelfpga_lite/18.1/quartus/sopc_builder/model/lib\TableLayout.jar;C:/intelfpga_lite/18.1/quartus/sopc_builder/model/lib\appframework-1.03.jar;C:/intelfpga_lite/18.1/quartus/sopc_builder/model/lib\asm-3.1.jar;C:/intelfpga_lite/18.1/quartus/sopc_builder/model/lib\asm-commons-3.1.jar;C:/intelfpga_lite/18.1/quartus/sopc_builder/model/lib\basicmodel.jar;C:/intelfpga_lite/18.1/quartus/sopc_builder/model/lib\beansbinding-1.2.1.jar;C:/intelfpga_lite/18.1/quartus/sopc_builder/model/lib\binding-2.0.6.jar;C:/intelfpga_lite/18.1/quartus/sopc_builder/model/lib\com.altera.componenteditor2.jar;C:/intelfpga_lite/18.1/quartus/sopc_builder/model/lib\com.altera.embeddedsw.app_lib.jar;C:/intelfpga_lite/18.1/quartus/sopc_builder/model/lib\com.altera.embeddedsw.bsp.editor.jar;C:/intelfpga_lite/18.1/quartus/sopc_builder/model/lib\com.altera.embeddedsw.bsp.elements.jar;C:/intelfpga_lite/18.1/quartus/sopc_builder/model/lib\com.altera.embeddedsw.bsp.jar;C:/intelfpga_lite/18.1/quartus/sopc_builder/model/lib\com.altera.embeddedsw.bsp.plugin.core.jar;C:/intelfpga_lite/18.1/quartus/sopc_builder/model/lib\com.altera.embeddedsw.bsp.plugin.hal.jar;C:/intelfpga_lite/18.1/quartus/sopc_builder/model/lib\com.altera.embeddedsw.bsp.plugin.lwhal.jar;C:/intelfpga_lite/18.1/quartus/sopc_builder/model/lib\com.altera.embeddedsw.bsp.schema.jar;C:/intelfpga_lite/18.1/quartus/sopc_builder/model/lib\com.altera.embeddedsw.bsp.scripting.jar;C:/intelfpga_lite/18.1/quartus/sopc_builder/model/lib\com.altera.embeddedsw.commandline.jar;C:/intelfpga_lite/18.1/quartus/sopc_builder/model/lib\com.altera.embeddedsw.cpexample.jar;C:/intelfpga_lite/18.1/quartus/sopc_builder/model/lib\com.altera.embeddedsw.flash.jar;C:/intelfpga_lite/18.1/quartus/sopc_builder/model/lib\com.altera.embeddedsw.launch.jar;C:/intelfpga_lite/18.1/quartus/sopc_builder/model/lib\com.alte
Launcher Type: SUN_STANDARD

Environment Variables:
PATH=C:/intelfpga_lite/18.1/quartus/bin64;c:\intelfpga_lite\18.1\quartus\bin64\;c:\intelfpga_lite\18.1\quartus\bin64\;C:\Program Files (x86)\Intel\iCLS Client\;C:\Program Files\Intel\iCLS Client\;C:\Program Files (x86)\AMD APP\bin\x86_64;C:\Program Files (x86)\AMD APP\bin\x86;C:\WINDOWS\system32;C:\WINDOWS;C:\WINDOWS\System32\Wbem;C:\WINDOWS\System32\WindowsPowerShell\v1.0\;C:\Program Files (x86)\Windows Live\Shared;C:\Program Files (x86)\Intel\OpenCL SDK\3.0\bin\x86;C:\Program Files (x86)\Intel\OpenCL SDK\3.0\bin\x64;C:\Program Files (x86)\ATI Technologies\ATI.ACE\Core-Static;C:\Program Files\Intel\Intel(R) Management Engine Components\DAL;C:\Program Files\Intel\Intel(R) Management Engine Components\IPT;C:\Program Files (x86)\Intel\Intel(R) Management Engine Components\DAL;C:\Program Files (x86)\Intel\Intel(R) Management Engine Components\IPT;C:\Program Files\Git\cmd;C:\Program Files\MATLAB\R2017b\runtime\win64;C:\Program Files\MATLAB\R2017b\bin;C:\intelFPGA_lite\18.1\modelsim_ase\win32aloem;C:\Microsoft VS Code\bin
USERNAME=Ruslan
OS=Windows_NT
PROCESSOR_IDENTIFIER=Intel64 Family 6 Model 58 Stepping 9, GenuineIntel



---------------  S Y S T E M  ---------------

OS: Windows 8.1 , 64 bit Build 9600 

CPU:total 4 (2 cores per cpu, 2 threads per core) family 6 model 58 stepping 9, cmov, cx8, fxsr, mmx, sse, sse2, sse3, ssse3, sse4.1, sse4.2, popcnt, avx, aes, clmul, erms, ht, tsc, tscinvbit

Memory: 4k page, physical 6181144k(1150816k free), swap 6181144k(5108k free)

vm_info: Java HotSpot(TM) 64-Bit Server VM (25.5-b02) for windows-amd64 JRE (1.8.0_05-b13), built on Mar 18 2014 01:08:39 by "java_re" with MS VC++ 10.0 (VS2010)

time: Fri Dec 27 20:00:22 2019
elapsed time: 1 seconds

