JvmtiExport can_access_local_variables 0
JvmtiExport can_hotswap_or_post_breakpoint 0
JvmtiExport can_post_on_exceptions 0
# 356 ciObject found
ciMethod java/lang/Object <init> ()V 4097 1 91815 0 0
ciMethod java/lang/Object getClass ()Ljava/lang/Class; 2049 1 256 0 -1
ciMethod java/lang/String <init> ([CII)V 4097 1 5786 0 576
ciMethod java/lang/String length ()I 4097 1 34583 0 0
ciMethod java/lang/String charAt (I)C 4097 1 169738 0 -1
ciMethod java/lang/String equals (Ljava/lang/Object;)Z 2657 32769 1902 0 -1
ciMethod java/lang/String hashCode ()I 2769 32769 1290 0 -1
ciMethod java/lang/System arraycopy (Ljava/lang/Object;ILjava/lang/Object;II)V 27649 1 3456 0 -1
ciMethod java/lang/AbstractStringBuilder length ()I 1265 1 158 0 0
ciMethod java/lang/AbstractStringBuilder ensureCapacityInternal (I)V 4097 1 92578 0 608
ciMethod java/lang/AbstractStringBuilder expandCapacity (I)V 4097 1 2859 0 -1
ciMethod java/lang/AbstractStringBuilder setLength (I)V 2049 1 12131 0 0
ciMethod java/lang/AbstractStringBuilder charAt (I)C 3249 1 32827 0 0
ciMethod java/lang/AbstractStringBuilder substring (II)Ljava/lang/String; 1961 1 11933 0 0
ciMethod java/lang/StringBuilder append (Ljava/lang/String;)Ljava/lang/StringBuilder; 4097 1 7020 0 -1
ciMethod java/lang/StringBuilder append (C)Ljava/lang/StringBuilder; 2833 1 1019 0 -1
ciMethod java/lang/StringBuilder toString ()Ljava/lang/String; 4057 1 6158 0 -1
ciMethod java/lang/StringBuilder substring (II)Ljava/lang/String; 1961 1 11713 0 0
ciMethod java/lang/StringBuilder charAt (I)C 3249 1 32674 0 0
ciMethod java/lang/StringBuilder setLength (I)V 1993 1 11716 0 0
ciMethod java/lang/StringBuilder length ()I 3265 1 33144 0 0
ciMethod java/lang/Integer valueOf (I)Ljava/lang/Integer; 2193 1 451 0 0
ciMethod java/lang/Integer <init> (I)V 2801 1 350 0 -1
ciMethod java/util/List add (Ljava/lang/Object;)Z 0 0 1 0 -1
ciMethod java/util/List add (ILjava/lang/Object;)V 0 0 1 0 -1
ciMethod java/util/Vector size ()I 1025 1 128 0 -1
ciMethod java/util/Vector get (I)Ljava/lang/Object; 1681 1 136 0 -1
ciMethod java/util/AbstractList <init> ()V 2161 1 8512 0 0
ciMethod java/util/AbstractCollection <init> ()V 2049 1 8838 0 0
ciMethod java/lang/Math max (II)I 2105 1 17032 0 -1
ciMethod java/lang/Math min (II)I 4097 1 25060 0 -1
ciMethod java/util/ArrayList <init> (I)V 1553 1 4078 0 0
ciMethod java/util/ArrayList ensureCapacityInternal (I)V 2049 1 6168 0 0
ciMethod java/util/ArrayList ensureExplicitCapacity (I)V 2049 1 6168 0 0
ciMethod java/util/ArrayList grow (I)V 169 1 1573 0 0
ciMethod java/util/ArrayList hugeCapacity (I)I 0 0 1 0 0
ciMethod java/util/ArrayList add (Ljava/lang/Object;)Z 2049 1 6017 0 736
ciMethod java/util/Arrays rangeCheck (III)V 1705 1 407 0 -1
ciMethod java/util/Arrays fill ([CIIC)V 49 65 6 0 0
ciMethod java/util/Arrays copyOf ([Ljava/lang/Object;I)[Ljava/lang/Object; 2049 1 1770 0 0
ciMethod java/util/Arrays copyOf ([Ljava/lang/Object;ILjava/lang/Class;)[Ljava/lang/Object; 2233 1 2102 0 -1
ciMethod java/util/Arrays copyOfRange ([CII)[C 4097 1 5719 0 512
ciMethodData java/lang/Object <init> ()V 2 91815 orig 144 152 11 97 118 0 0 0 0 112 4 224 17 0 0 0 0 168 0 0 0 0 0 0 0 0 0 0 0 0 0 0 0 0 0 0 0 0 0 0 0 0 0 0 0 0 0 0 0 0 0 0 0 0 0 0 0 0 0 0 0 0 0 0 0 1 0 0 0 0 0 0 0 1 0 0 0 0 0 0 0 1 0 0 0 0 0 0 0 0 0 0 0 0 0 0 0 0 2 0 0 57 37 11 0 1 0 0 0 0 0 0 0 0 0 0 0 0 0 3 0 3 0 0 0 0 0 0 0 255 255 255 255 0 0 0 0 0 0 0 0 0 0 0 0 data 0 oops 0
ciMethod java/io/Reader read ([CII)I 0 0 1 0 -1
ciMethodData java/lang/AbstractStringBuilder ensureCapacityInternal (I)V 2 92596 orig 144 152 11 97 118 0 0 0 0 176 198 230 17 0 0 0 0 0 1 0 0 0 0 0 0 0 0 0 0 0 0 0 0 0 0 0 0 0 0 0 0 0 0 0 0 0 0 0 0 0 0 0 0 0 0 0 0 0 0 0 0 0 0 0 0 0 0 0 0 0 0 0 0 0 0 0 0 0 0 0 0 0 0 0 0 0 0 0 0 0 0 0 0 0 0 0 0 0 2 0 0 161 61 11 0 1 0 0 0 0 0 0 0 0 0 0 0 0 0 0 0 4 0 1 0 80 0 0 0 255 255 255 255 0 0 0 0 7 0 7 0 0 0 0 0 data 10 0x70007 0x15cd3 0x50 0xae1 0xc0005 0x0 0x2512a60 0x2e6 0x25129b0 0x7fb oops 2 6 java/lang/StringBuilder 8 java/lang/AbstractStringBuilder
ciMethodData java/lang/String length ()I 2 37713 orig 144 152 11 97 118 0 0 0 0 136 58 224 17 0 0 0 0 168 0 0 0 0 0 0 0 0 0 0 0 0 0 0 0 0 0 0 0 0 0 0 0 0 0 0 0 0 0 0 0 0 0 0 0 0 0 0 0 0 0 0 0 0 0 0 0 1 0 0 0 0 0 0 0 0 0 0 0 0 0 0 0 1 0 0 0 0 0 0 0 0 0 0 0 0 0 0 0 0 2 0 0 137 138 4 0 1 0 0 0 0 0 0 0 0 0 0 0 0 0 3 0 3 0 0 0 0 0 0 0 255 255 255 255 0 0 0 0 0 0 0 0 0 0 0 0 data 0 oops 0
ciMethodData java/util/Arrays copyOfRange ([CII)[C 2 5719 orig 144 152 11 97 118 0 0 0 0 40 116 239 17 0 0 0 0 216 1 0 0 240 0 0 0 0 0 0 0 0 0 0 0 0 0 0 0 0 0 0 0 0 0 0 0 0 0 0 0 0 0 0 0 0 0 0 0 0 0 0 0 0 0 0 0 29 0 0 0 0 0 0 0 0 0 0 0 0 0 0 0 0 0 0 0 0 0 0 0 0 0 0 0 0 0 0 0 0 2 0 0 185 162 0 0 1 0 0 0 0 0 0 0 0 0 0 0 0 0 9 0 4 0 1 0 32 1 0 0 255 255 255 255 0 0 0 0 7 0 5 0 0 0 0 0 data 36 0x50007 0x1457 0x100 0x0 0x100002 0x0 0x140005 0x0 0x0 0x0 0x0 0x0 0x190005 0x0 0x0 0x0 0x0 0x0 0x1d0005 0x0 0x0 0x0 0x0 0x0 0x200005 0x0 0x0 0x0 0x0 0x0 0x230002 0x0 0x360002 0x1457 0x390002 0x1457 oops 0
ciMethodData java/lang/String <init> ([CII)V 2 5786 orig 144 152 11 97 118 0 0 0 0 104 48 224 17 0 0 0 0 112 1 0 0 144 0 0 0 0 0 0 0 0 0 0 0 0 0 0 0 0 0 0 0 0 0 0 0 0 0 0 0 0 0 0 0 0 0 0 0 0 0 0 0 0 0 0 0 0 0 0 0 0 0 0 0 0 0 0 0 0 0 0 0 0 0 0 0 0 0 0 0 0 0 0 0 0 0 0 0 0 2 0 0 209 164 0 0 1 0 0 0 0 0 0 0 0 0 0 0 0 0 9 0 4 0 1 0 176 0 0 0 255 255 255 255 0 0 0 0 2 0 1 0 0 0 0 0 data 22 0x10002 0x149a 0x50007 0x149a 0x30 0x0 0xd0002 0x0 0x120007 0x149a 0x30 0x0 0x1a0002 0x0 0x230007 0x149a 0x30 0x0 0x2d0002 0x0 0x370002 0x149a oops 0
ciMethodData java/util/ArrayList add (Ljava/lang/Object;)Z 2 6017 orig 144 152 11 97 118 0 0 0 0 40 213 236 17 0 0 0 0 240 0 0 0 0 0 0 0 0 0 0 0 0 0 0 0 0 0 0 0 0 0 0 0 0 0 0 0 0 0 0 0 0 0 0 0 0 0 0 0 0 0 0 0 0 0 0 0 0 0 0 0 0 0 0 0 0 0 0 0 0 0 0 0 0 0 0 0 0 0 0 0 0 0 0 0 0 0 0 0 0 1 0 0 9 180 0 0 1 0 0 0 0 0 0 0 0 0 0 0 0 0 15 0 4 0 1 0 64 0 0 0 255 255 255 255 0 0 0 0 2 0 7 0 0 0 0 0 data 8 0x70002 0x1681 0x1a0004 0x0 0x13752840 0x74 0x137528f0 0x18 oops 2 4 sun/misc/URLClassPath$JarLoader 6 java/io/FilePermission
ciMethodData java/util/ArrayList ensureCapacityInternal (I)V 2 6168 orig 144 152 11 97 118 0 0 0 0 40 203 236 17 0 0 0 0 240 0 0 0 32 0 0 0 0 0 0 0 0 0 0 0 0 0 0 0 0 0 0 0 0 0 0 0 0 0 0 0 0 0 0 0 0 0 0 0 0 0 0 0 0 0 0 0 0 0 0 0 0 0 0 0 0 0 0 0 0 0 0 0 0 0 0 0 0 0 0 0 0 0 0 0 0 0 0 0 0 1 0 0 193 184 0 0 1 0 0 0 0 0 0 0 0 0 0 0 0 0 14 0 3 0 1 0 64 0 0 0 255 255 255 255 0 0 0 0 7 0 7 0 0 0 0 0 data 8 0x70007 0x113c 0x30 0x5dc 0xd0002 0x5dc 0x130002 0x1718 oops 0
ciMethodData java/util/ArrayList ensureExplicitCapacity (I)V 2 6168 orig 144 152 11 97 118 0 0 0 0 208 203 236 17 0 0 0 0 224 0 0 0 0 0 0 0 0 0 0 0 0 0 0 0 0 0 0 0 0 0 0 0 0 0 0 0 0 0 0 0 0 0 0 0 0 0 0 0 0 0 0 0 0 0 0 0 0 0 0 0 0 0 0 0 0 0 0 0 0 0 0 0 0 0 0 0 0 0 0 0 0 0 0 0 0 0 0 0 0 1 0 0 193 184 0 0 1 0 0 0 0 0 0 0 0 0 0 0 0 0 0 0 0 0 1 0 48 0 0 0 255 255 255 255 0 0 0 0 7 0 17 0 0 0 0 0 data 6 0x110007 0x110c 0x30 0x60c 0x160002 0x60c oops 0
ciMethodData java/util/ArrayList grow (I)V 2 1573 orig 144 152 11 97 118 0 0 0 0 136 204 236 17 0 0 0 0 16 1 0 0 64 0 0 0 0 0 0 0 0 0 0 0 0 0 0 0 0 0 0 0 0 0 0 0 0 0 0 0 0 0 0 0 0 0 0 0 0 0 0 0 0 0 0 0 17 0 0 0 0 0 0 0 0 0 0 0 0 0 0 0 1 0 0 0 0 0 0 0 0 0 0 0 0 0 0 0 21 0 0 0 129 48 0 0 1 0 0 0 0 0 0 0 0 0 0 0 0 0 15 0 3 0 1 0 96 0 0 0 255 255 255 255 0 0 0 0 7 0 15 0 0 0 0 0 data 12 0xf0007 0x31 0x20 0x5df 0x180007 0x610 0x30 0x0 0x1c0002 0x0 0x260002 0x610 oops 0
ciMethodData java/util/AbstractCollection <init> ()V 2 8838 orig 144 152 11 97 118 0 0 0 0 144 170 234 17 0 0 0 0 184 0 0 0 0 0 0 0 0 0 0 0 0 0 0 0 0 0 0 0 0 0 0 0 0 0 0 0 0 0 0 0 0 0 0 0 0 0 0 0 0 0 0 0 0 0 0 0 0 0 0 0 0 0 0 0 0 0 0 0 0 0 0 0 0 0 0 0 0 0 0 0 0 0 0 0 0 0 0 0 0 1 0 0 49 12 1 0 1 0 0 0 0 0 0 0 0 0 0 0 0 0 3 0 3 0 1 0 16 0 0 0 255 255 255 255 0 0 0 0 2 0 1 0 0 0 0 0 data 2 0x10002 0x2186 oops 0
ciMethodData java/util/AbstractList <init> ()V 2 8512 orig 144 152 11 97 118 0 0 0 0 176 151 234 17 0 0 0 0 184 0 0 0 0 0 0 0 0 0 0 0 0 0 0 0 0 0 0 0 0 0 0 0 0 0 0 0 0 0 0 0 0 0 0 0 0 0 0 0 0 0 0 0 0 0 0 0 0 0 0 0 0 0 0 0 0 0 0 0 0 0 0 0 0 0 0 0 0 0 0 0 0 0 0 0 0 0 0 0 14 1 0 0 145 1 1 0 1 0 0 0 0 0 0 0 0 0 0 0 0 0 3 0 3 0 1 0 16 0 0 0 255 255 255 255 0 0 0 0 2 0 1 0 0 0 0 0 data 2 0x10002 0x2032 oops 0
ciMethodData java/lang/StringBuilder length ()I 2 33210 orig 144 152 11 97 118 0 0 0 0 16 47 231 17 0 0 0 0 184 0 0 0 0 0 0 0 0 0 0 0 0 0 0 0 0 0 0 0 0 0 0 0 0 0 0 0 0 0 0 0 0 0 0 0 0 0 0 0 0 0 0 0 0 0 0 0 0 0 0 0 0 0 0 0 0 0 0 0 0 0 0 0 0 0 0 0 0 0 0 0 0 0 0 0 0 0 0 0 152 1 0 0 17 1 4 0 1 0 0 0 0 0 0 0 0 0 0 0 0 0 3 0 3 0 1 0 16 0 0 0 255 255 255 255 0 0 0 0 2 0 1 0 0 0 0 0 data 2 0x10002 0x8022 oops 0
ciMethod com/altera/utilities/altNode/AltNode setXmlWhiteSpace (Z)V 3129 1 35877 0 0
ciMethod com/altera/utilities/altNode/AltNode initAltNode ()V 4097 1 15277 0 0
ciMethod com/altera/utilities/altNode/AltNode <init> (Ljava/lang/String;Ljava/lang/String;I)V 4097 1 15277 0 128
ciMethod com/altera/utilities/altNode/AltNode addChild (Lcom/altera/utilities/altNode/AltNode;)Lcom/altera/utilities/altNode/AltNode; 1969 1 11029 0 0
ciMethod com/altera/utilities/altNode/AltNode addChild (Lcom/altera/utilities/altNode/AltNode;I)Lcom/altera/utilities/altNode/AltNode; 4097 1 18021 0 1216
ciMethod com/altera/utilities/altNode/AltNode initChildrenList ()V 4097 1 18021 0 0
ciMethod com/altera/utilities/altNode/AltNode setKind (I)V 4097 1 15277 0 0
ciMethod com/altera/utilities/altNode/AltNode setKey (Ljava/lang/String;)V 4097 1 15277 0 0
ciMethod com/altera/utilities/altNode/AltNode setValue (Ljava/lang/String;)V 4097 1 15543 0 0
ciMethod com/altera/utilities/altNode/AltNode$Builder beginSection (Ljava/lang/String;Ljava/lang/String;)Lcom/altera/utilities/altNode/AltNode; 4097 1 10298 0 0
ciMethod com/altera/utilities/altNode/AltNode$Builder addChild (Lcom/altera/utilities/altNode/AltNode;)Lcom/altera/utilities/altNode/AltNode; 3129 1 31965 0 0
ciMethod com/altera/utilities/altNode/AltNode$Builder addAssignment (Ljava/lang/String;Ljava/lang/String;)Lcom/altera/utilities/altNode/AltNode; 4097 1 30859 0 0
ciMethod com/altera/utilities/altNode/AltNode$Builder addXMLText (Ljava/lang/String;)Lcom/altera/utilities/altNode/AltNode; 9 1 1 0 0
ciMethod com/altera/utilities/altNode/AltNodeXML$AltNodeXMLParser startElement (Ljava/lang/String;Ljava/lang/String;Ljava/lang/String;Lorg/xml/sax/Attributes;)V 3785 16385 10290 0 0
ciMethod com/altera/utilities/altNode/AltNodeXML$AltNodeXMLParser commitCharacters ()V 3121 8145 20585 0 0
ciMethod com/altera/utilities/altNode/AltNodeXML$AltNodeXMLParser isWhitespace (C)Z 3529 1 1515 0 64
ciMethod com/sun/org/apache/xerces/internal/util/SymbolTable addSymbol ([CII)Ljava/lang/String; 2609 15521 4022 0 -1
ciMethod com/sun/org/apache/xerces/internal/impl/XMLEntityManager endEntity ()V 25 1 2 0 -1
ciMethod com/sun/org/apache/xerces/internal/impl/XMLEntityScanner peekChar ()I 2073 1 10044 0 224
ciMethod com/sun/org/apache/xerces/internal/impl/XMLEntityScanner scanChar ()I 3713 1 6048 0 640
ciMethod com/sun/org/apache/xerces/internal/impl/XMLEntityScanner scanName ()Ljava/lang/String; 9 17 47 0 0
ciMethod com/sun/org/apache/xerces/internal/impl/XMLEntityScanner scanQName (Lcom/sun/org/apache/xerces/internal/xni/QName;)Z 4097 23265 13923 0 -1
ciMethod com/sun/org/apache/xerces/internal/impl/XMLEntityScanner skipChar (I)Z 2217 1 7427 0 576
ciMethod com/sun/org/apache/xerces/internal/impl/XMLEntityScanner skipSpaces ()Z 2561 9 7672 1 1056
ciMethod com/sun/org/apache/xerces/internal/impl/XMLEntityScanner arrangeCapacity (IZ)Z 3089 57 1176 0 -1
ciMethod com/sun/org/apache/xerces/internal/impl/XMLEntityScanner skipString (Ljava/lang/String;)Z 281 1961 1169 0 0
ciMethod com/sun/org/apache/xerces/internal/impl/XMLEntityScanner load (IZ)Z 57 1 138 2 0
ciMethod com/sun/org/apache/xerces/internal/impl/XMLEntityScanner invokeListeners (I)V 57 25 139 0 0
ciMethod com/sun/org/apache/xerces/internal/impl/XMLErrorReporter reportError (Ljava/lang/String;Ljava/lang/String;[Ljava/lang/Object;S)Ljava/lang/String; 0 0 1 0 0
ciMethod com/sun/org/apache/xerces/internal/impl/XMLErrorReporter reportError (Lcom/sun/org/apache/xerces/internal/xni/XMLLocator;Ljava/lang/String;Ljava/lang/String;[Ljava/lang/Object;S)Ljava/lang/String; 0 0 1 0 -1
ciMethod com/sun/org/apache/xerces/internal/xni/XMLDocumentHandler startElement (Lcom/sun/org/apache/xerces/internal/xni/QName;Lcom/sun/org/apache/xerces/internal/xni/XMLAttributes;Lcom/sun/org/apache/xerces/internal/xni/Augmentations;)V 0 0 1 0 -1
ciMethod com/sun/org/apache/xerces/internal/xni/XMLDocumentHandler emptyElement (Lcom/sun/org/apache/xerces/internal/xni/QName;Lcom/sun/org/apache/xerces/internal/xni/XMLAttributes;Lcom/sun/org/apache/xerces/internal/xni/Augmentations;)V 0 0 1 0 -1
ciMethod com/sun/org/apache/xerces/internal/impl/XMLNSDocumentScannerImpl scanStartElement ()Z 3377 24577 7927 0 -1
ciMethod com/sun/org/apache/xerces/internal/impl/XMLNSDocumentScannerImpl scanAttribute (Lcom/sun/org/apache/xerces/internal/util/XMLAttributesImpl;)V 4097 1 24452 0 -1
ciMethod com/sun/xml/internal/stream/XMLBufferListener refresh (I)V 0 0 1 0 -1
ciMethod com/sun/org/apache/xerces/internal/impl/XMLDocumentFragmentScannerImpl seekCloseOfStartTag ()Z 4097 1 32312 0 0
ciMethod com/sun/org/apache/xerces/internal/impl/XMLDocumentFragmentScannerImpl getString ()Lcom/sun/org/apache/xerces/internal/xni/XMLString; 4097 1 26961 0 -1
ciMethod com/sun/org/apache/xerces/internal/impl/XMLScanner scanAttributeValue (Lcom/sun/org/apache/xerces/internal/xni/XMLString;Lcom/sun/org/apache/xerces/internal/xni/XMLString;Ljava/lang/String;Lcom/sun/org/apache/xerces/internal/xni/XMLAttributes;IZ)V 4097 1 26967 0 -1
ciMethod com/sun/org/apache/xerces/internal/impl/XMLScanner isValidNameStartChar (I)Z 4097 1 25586 0 0
ciMethod com/sun/org/apache/xerces/internal/impl/XMLScanner reportFatalError (Ljava/lang/String;[Ljava/lang/Object;)V 0 0 1 0 0
ciMethod com/sun/org/apache/xerces/internal/xni/XMLString toString ()Ljava/lang/String; 4097 1 33995 0 0
ciMethod com/sun/org/apache/xerces/internal/impl/XMLDocumentFragmentScannerImpl$ElementStack getNext ()Lcom/sun/org/apache/xerces/internal/xni/QName; 0 0 1 0 0
ciMethod com/sun/org/apache/xerces/internal/impl/XMLDocumentFragmentScannerImpl$ElementStack push ()V 0 0 1 0 0
ciMethod com/sun/org/apache/xerces/internal/impl/XMLDocumentFragmentScannerImpl$ElementStack matchElement (Lcom/sun/org/apache/xerces/internal/xni/QName;)Z 0 0 1 0 0
ciMethod com/sun/org/apache/xerces/internal/impl/XMLDocumentFragmentScannerImpl$ElementStack nextElement ()Lcom/sun/org/apache/xerces/internal/xni/QName; 4097 1 7948 0 0
ciMethod com/sun/org/apache/xerces/internal/impl/XMLDocumentFragmentScannerImpl$ElementStack popElement ()Lcom/sun/org/apache/xerces/internal/xni/QName; 4097 1 7961 0 0
ciMethod com/sun/org/apache/xerces/internal/impl/XMLDocumentFragmentScannerImpl$ElementStack reposition ()V 0 0 1 0 0
ciMethod com/sun/org/apache/xerces/internal/xni/QName <init> ()V 2057 1 257 0 0
ciMethod com/sun/org/apache/xerces/internal/xni/QName setValues (Lcom/sun/org/apache/xerces/internal/xni/QName;)V 2881 1 34656 0 96
ciMethod com/sun/org/apache/xerces/internal/xni/QName setValues (Ljava/lang/String;Ljava/lang/String;Ljava/lang/String;Ljava/lang/String;)V 4097 1 13923 0 0
ciMethod com/sun/org/apache/xerces/internal/xni/QName clear ()V 2073 1 260 0 -1
ciMethod com/sun/org/apache/xerces/internal/util/XMLAttributesIteratorImpl removeAllAttributes ()V 4097 1 7956 0 0
ciMethod com/sun/org/apache/xerces/internal/xni/XMLAttributes removeAttributeAt (I)V 0 0 1 0 -1
ciMethod com/sun/org/apache/xerces/internal/xni/XMLAttributes getLength ()I 0 0 1 0 -1
ciMethod com/sun/org/apache/xerces/internal/xni/XMLAttributes setName (ILcom/sun/org/apache/xerces/internal/xni/QName;)V 0 0 1 0 -1
ciMethod com/sun/org/apache/xerces/internal/xni/XMLAttributes getName (ILcom/sun/org/apache/xerces/internal/xni/QName;)V 0 0 1 0 -1
ciMethod com/sun/org/apache/xerces/internal/xni/XMLAttributes getQName (I)Ljava/lang/String; 0 0 1 0 -1
ciMethod com/sun/org/apache/xerces/internal/xni/XMLAttributes getValue (I)Ljava/lang/String; 0 0 1 0 -1
ciMethod com/sun/org/apache/xerces/internal/util/XMLAttributesImpl addAttribute (Lcom/sun/org/apache/xerces/internal/xni/QName;Ljava/lang/String;Ljava/lang/String;)I 0 0 1 0 -1
ciMethod com/sun/org/apache/xerces/internal/util/XMLAttributesImpl removeAllAttributes ()V 4097 1 8359 0 0
ciMethod com/sun/org/apache/xerces/internal/util/XMLAttributesImpl setName (ILcom/sun/org/apache/xerces/internal/xni/QName;)V 0 0 1 0 0
ciMethod com/sun/org/apache/xerces/internal/util/XMLAttributesImpl getName (ILcom/sun/org/apache/xerces/internal/xni/QName;)V 4097 1 48840 0 192
ciMethod com/sun/org/apache/xerces/internal/util/XMLAttributesImpl setValue (ILjava/lang/String;Lcom/sun/org/apache/xerces/internal/xni/XMLString;)V 4097 1 26977 0 -1
ciMethod com/sun/org/apache/xerces/internal/util/XMLAttributesImpl setSpecified (IZ)V 4097 1 26979 0 -1
ciMethod com/sun/org/apache/xerces/internal/util/XMLAttributesImpl getLength ()I 1129 1 141 0 0
ciMethod com/sun/org/apache/xerces/internal/util/XMLAttributesImpl getValue (I)Ljava/lang/String; 4097 1 34304 0 0
ciMethod com/sun/org/apache/xerces/internal/util/XMLAttributesImpl getQName (I)Ljava/lang/String; 4097 1 33674 0 0
ciMethod com/sun/org/apache/xerces/internal/util/XMLAttributesImpl addAttributeNS (Lcom/sun/org/apache/xerces/internal/xni/QName;Ljava/lang/String;Ljava/lang/String;)V 4097 65 26989 0 -1
ciMethod com/sun/org/apache/xerces/internal/util/XMLAttributesImpl checkDuplicatesNS ()Lcom/sun/org/apache/xerces/internal/xni/QName; 2377 32769 5094 0 1024
ciMethod com/sun/org/apache/xerces/internal/util/XMLAttributesImpl getTableViewBucket (Ljava/lang/String;Ljava/lang/String;)I 0 0 1 0 0
ciMethod com/sun/org/apache/xerces/internal/util/XMLAttributesImpl cleanTableView ()V 0 0 1 0 -1
ciMethod com/sun/org/apache/xerces/internal/util/XMLAttributesImpl prepareTableView ()V 0 0 1 0 0
ciMethod com/sun/org/apache/xerces/internal/util/XMLAttributesImpl setURI (ILjava/lang/String;)V 0 0 1 0 -1
ciMethod com/sun/org/apache/xerces/internal/xni/NamespaceContext pushContext ()V 0 0 1 0 -1
ciMethod com/sun/org/apache/xerces/internal/xni/NamespaceContext declarePrefix (Ljava/lang/String;Ljava/lang/String;)Z 0 0 1 0 -1
ciMethod com/sun/org/apache/xerces/internal/xni/NamespaceContext getURI (Ljava/lang/String;)Ljava/lang/String; 0 0 1 0 -1
ciMethod com/sun/org/apache/xerces/internal/xni/NamespaceContext getDeclaredPrefixCount ()I 0 0 1 0 -1
ciMethod com/sun/org/apache/xerces/internal/xni/NamespaceContext getDeclaredPrefixAt (I)Ljava/lang/String; 0 0 1 0 -1
ciMethod com/sun/org/apache/xerces/internal/util/NamespaceSupport pushContext ()V 4097 1 8236 0 0
ciMethod com/sun/org/apache/xerces/internal/util/NamespaceSupport getURI (Ljava/lang/String;)Ljava/lang/String; 4097 8177 14705 0 192
ciMethod com/sun/org/apache/xerces/internal/util/NamespaceSupport getDeclaredPrefixCount ()I 4097 1 20081 0 0
ciMethod com/sun/org/apache/xerces/internal/util/NamespaceSupport containsPrefixInCurrentContext (Ljava/lang/String;)Z 0 0 1 0 -1
ciMethod com/sun/org/apache/xerces/internal/utils/XMLSecurityManager isNoLimit (I)Z 4097 1 24462 0 0
ciMethod org/xml/sax/ContentHandler startPrefixMapping (Ljava/lang/String;Ljava/lang/String;)V 0 0 1 0 -1
ciMethod org/xml/sax/ContentHandler startElement (Ljava/lang/String;Ljava/lang/String;Ljava/lang/String;Lorg/xml/sax/Attributes;)V 0 0 1 0 -1
ciMethod org/xml/sax/ContentHandler endElement (Ljava/lang/String;Ljava/lang/String;Ljava/lang/String;)V 0 0 1 0 -1
ciMethod com/sun/org/apache/xerces/internal/parsers/AbstractSAXParser startElement (Lcom/sun/org/apache/xerces/internal/xni/QName;Lcom/sun/org/apache/xerces/internal/xni/XMLAttributes;Lcom/sun/org/apache/xerces/internal/xni/Augmentations;)V 3785 16385 9966 0 0
ciMethod com/sun/org/apache/xerces/internal/parsers/AbstractSAXParser endElement (Lcom/sun/org/apache/xerces/internal/xni/QName;Lcom/sun/org/apache/xerces/internal/xni/Augmentations;)V 4097 1 12318 0 0
ciMethod com/sun/org/apache/xerces/internal/parsers/AbstractSAXParser startNamespaceMapping ()V 4097 1 9986 0 0
ciMethod com/sun/org/apache/xerces/internal/parsers/AbstractSAXParser endNamespaceMapping ()V 4097 1 12327 0 -1
ciMethod com/sun/org/apache/xerces/internal/parsers/AbstractXMLDocumentParser startElement (Lcom/sun/org/apache/xerces/internal/xni/QName;Lcom/sun/org/apache/xerces/internal/xni/XMLAttributes;Lcom/sun/org/apache/xerces/internal/xni/Augmentations;)V 0 0 1 0 -1
ciMethod com/sun/org/apache/xerces/internal/parsers/AbstractXMLDocumentParser emptyElement (Lcom/sun/org/apache/xerces/internal/xni/QName;Lcom/sun/org/apache/xerces/internal/xni/XMLAttributes;Lcom/sun/org/apache/xerces/internal/xni/Augmentations;)V 4097 1 8590 0 0
ciMethod com/sun/org/apache/xerces/internal/parsers/AbstractXMLDocumentParser endElement (Lcom/sun/org/apache/xerces/internal/xni/QName;Lcom/sun/org/apache/xerces/internal/xni/Augmentations;)V 0 0 1 0 -1
ciMethod org/xml/sax/Attributes getLength ()I 0 0 1 0 -1
ciMethod org/xml/sax/Attributes getQName (I)Ljava/lang/String; 0 0 1 0 -1
ciMethod org/xml/sax/Attributes getValue (I)Ljava/lang/String; 0 0 1 0 -1
ciMethod com/sun/org/apache/xerces/internal/parsers/AbstractSAXParser$AttributesProxy setAttributes (Lcom/sun/org/apache/xerces/internal/xni/XMLAttributes;)V 4097 1 9980 0 0
ciMethod com/sun/org/apache/xerces/internal/parsers/AbstractSAXParser$AttributesProxy getLength ()I 4097 1 44621 0 0
ciMethod com/sun/org/apache/xerces/internal/parsers/AbstractSAXParser$AttributesProxy getQName (I)Ljava/lang/String; 4097 1 33630 0 0
ciMethod com/sun/org/apache/xerces/internal/parsers/AbstractSAXParser$AttributesProxy getValue (I)Ljava/lang/String; 4097 1 33937 0 0
ciMethod com/sun/org/apache/xerces/internal/util/XMLChar isSpace (I)Z 2089 1 15345 0 0
ciMethod com/sun/org/apache/xerces/internal/util/XMLChar isNameStart (I)Z 3193 1 47179 0 0
ciMethod com/sun/org/apache/xerces/internal/util/XMLChar isName (I)Z 0 0 1 0 -1
ciMethodData com/altera/utilities/altNode/AltNodeXML$AltNodeXMLParser isWhitespace (C)Z 2 1515 orig 144 152 11 97 118 0 0 0 0 104 217 64 18 0 0 0 0 16 1 0 0 0 0 0 0 0 0 0 0 0 0 0 0 0 0 0 0 0 0 0 0 0 0 0 0 0 0 0 0 0 0 0 0 0 0 0 0 0 0 0 0 0 0 0 0 0 0 0 0 0 0 0 0 0 0 0 0 0 0 0 0 0 0 0 0 0 0 0 0 0 0 0 0 0 0 0 0 185 1 0 0 145 33 0 0 1 0 0 0 0 0 0 0 0 0 0 0 0 0 6 0 4 0 0 0 96 0 0 0 255 255 255 255 0 0 0 0 8 0 1 0 0 0 0 0 data 12 0x10008 0xa 0x0 0x60 0x2 0x60 0x2 0x60 0x0 0x60 0x8 0x60 oops 0
ciMethodData com/altera/utilities/altNode/AltNode <init> (Ljava/lang/String;Ljava/lang/String;I)V 2 15277 orig 144 152 11 97 118 0 0 0 0 168 99 64 18 0 0 0 0 112 1 0 0 0 0 0 0 0 0 0 0 0 0 0 0 0 0 0 0 0 0 0 0 0 0 0 0 0 0 0 0 0 0 0 0 0 0 0 0 0 0 0 0 0 0 0 0 0 0 0 0 0 0 0 0 0 0 0 0 0 0 0 0 0 0 0 0 0 0 0 0 0 0 0 0 0 0 0 0 0 2 0 0 105 205 1 0 1 0 0 0 0 0 0 0 0 0 0 0 0 0 11 0 4 0 1 0 176 0 0 0 255 255 255 255 0 0 0 0 2 0 1 0 0 0 0 0 data 22 0x10002 0x39ad 0x190002 0x39ad 0x1e0005 0x0 0x13dd9ea0 0x39ad 0x0 0x0 0x230005 0x0 0x13dd9ea0 0x39ad 0x0 0x0 0x280005 0x0 0x13dd9ea0 0x39ad 0x0 0x0 oops 3 6 com/altera/utilities/altNode/AltNode 12 com/altera/utilities/altNode/AltNode 18 com/altera/utilities/altNode/AltNode
ciMethodData com/altera/utilities/altNode/AltNode initAltNode ()V 2 15277 orig 144 152 11 97 118 0 0 0 0 8 98 64 18 0 0 0 0 168 0 0 0 0 0 0 0 0 0 0 0 0 0 0 0 0 0 0 0 0 0 0 0 0 0 0 0 0 0 0 0 0 0 0 0 0 0 0 0 0 0 0 0 0 0 0 0 0 0 0 0 0 0 0 0 0 0 0 0 0 0 0 0 0 0 0 0 0 0 0 0 0 0 0 0 0 0 0 0 0 2 0 0 105 205 1 0 1 0 0 0 0 0 0 0 0 0 0 0 0 0 0 0 0 0 1 0 0 0 0 0 255 255 255 255 0 0 0 0 0 0 0 0 0 0 0 0 data 0 oops 0
ciMethodData com/altera/utilities/altNode/AltNode setKey (Ljava/lang/String;)V 2 15277 orig 144 152 11 97 118 0 0 0 0 56 115 64 18 0 0 0 0 208 0 0 0 0 0 0 0 0 0 0 0 0 0 0 0 0 0 0 0 0 0 0 0 0 0 0 0 0 0 0 0 0 0 0 0 0 0 0 0 0 0 0 0 0 0 0 0 0 0 0 0 0 0 0 0 0 0 0 0 0 0 0 0 0 0 0 0 0 0 0 0 0 0 0 0 0 0 0 0 0 2 0 0 105 205 1 0 1 0 0 0 0 0 0 0 0 0 0 0 0 0 0 0 0 0 1 0 32 0 0 0 255 255 255 255 0 0 0 0 7 0 1 0 0 0 0 0 data 4 0x10007 0x39a8 0x20 0x5 oops 0
ciMethodData com/altera/utilities/altNode/AltNode setValue (Ljava/lang/String;)V 2 15543 orig 144 152 11 97 118 0 0 0 0 168 116 64 18 0 0 0 0 208 0 0 0 0 0 0 0 0 0 0 0 0 0 0 0 0 0 0 0 0 0 0 0 0 0 0 0 0 0 0 0 0 0 0 0 0 0 0 0 0 0 0 0 0 0 0 0 0 0 0 0 0 0 0 0 0 0 0 0 0 0 0 0 0 0 0 0 0 0 0 0 0 0 0 0 0 0 0 0 0 2 0 0 185 213 1 0 1 0 0 0 0 0 0 0 0 0 0 0 0 0 6 0 3 0 1 0 32 0 0 0 255 255 255 255 0 0 0 0 7 0 1 0 0 0 0 0 data 4 0x10007 0x2e30 0x20 0xc87 oops 0
ciMethodData com/altera/utilities/altNode/AltNode setKind (I)V 2 15277 orig 144 152 11 97 118 0 0 0 0 224 113 64 18 0 0 0 0 176 0 0 0 0 0 0 0 0 0 0 0 0 0 0 0 0 0 0 0 0 0 0 0 0 0 0 0 0 0 0 0 0 0 0 0 0 0 0 0 0 0 0 0 0 0 0 0 0 0 0 0 0 0 0 0 0 0 0 0 0 0 0 0 0 0 0 0 0 0 0 0 0 0 0 0 0 0 0 0 0 2 0 0 105 205 1 0 1 0 0 0 0 0 0 0 0 0 0 0 0 0 0 0 0 0 1 0 0 0 0 0 255 255 255 255 0 0 0 0 0 0 0 0 0 0 0 0 data 0 oops 0
ciMethodData com/altera/utilities/altNode/AltNode addChild (Lcom/altera/utilities/altNode/AltNode;I)Lcom/altera/utilities/altNode/AltNode; 2 18021 orig 144 152 11 97 118 0 0 0 0 48 104 64 18 0 0 0 0 176 1 0 0 176 0 0 0 0 0 0 0 0 0 0 0 0 0 0 0 0 0 0 0 0 0 0 0 0 0 0 0 0 0 0 0 0 0 0 0 0 0 0 0 0 0 0 0 0 0 0 0 0 0 0 0 0 0 0 0 0 0 0 0 0 0 0 0 0 0 0 0 0 0 0 0 0 0 0 0 0 2 0 0 41 35 2 0 1 0 0 0 0 0 0 0 0 0 0 0 0 0 15 0 4 0 1 0 248 0 0 0 255 255 255 255 0 0 0 0 7 0 5 0 0 0 0 0 data 31 0x50007 0x4464 0x50 0x1 0xd0007 0x1 0x30 0x0 0x160002 0x0 0x1b0002 0x4465 0x1f0007 0x4465 0x68 0x0 0x280005 0x0 0x0 0x0 0x0 0x0 0x2d0003 0x0 0x48 0x350005 0x0 0x138ddc80 0x4465 0x0 0x0 oops 1 27 java/util/ArrayList
ciMethodData com/altera/utilities/altNode/AltNode initChildrenList ()V 2 18021 orig 144 152 11 97 118 0 0 0 0 0 105 64 18 0 0 0 0 216 0 0 0 0 0 0 0 0 0 0 0 0 0 0 0 0 0 0 0 0 0 0 0 0 0 0 0 0 0 0 0 0 0 0 0 0 0 0 0 0 0 0 0 0 0 0 0 0 0 0 0 0 0 0 0 0 0 0 0 0 0 0 0 0 0 0 0 0 0 0 0 0 0 0 0 0 0 0 0 0 2 0 0 41 35 2 0 1 0 0 0 0 0 0 0 0 0 0 0 0 0 6 0 3 0 1 0 48 0 0 0 255 255 255 255 0 0 0 0 7 0 4 0 0 0 0 0 data 6 0x40007 0x3528 0x30 0xf3d 0xe0002 0xf3d oops 0
ciMethodData com/altera/utilities/altNode/AltNode addChild (Lcom/altera/utilities/altNode/AltNode;)Lcom/altera/utilities/altNode/AltNode; 2 11152 orig 144 152 11 97 118 0 0 0 0 56 103 64 18 0 0 0 0 224 0 0 0 0 0 0 0 0 0 0 0 0 0 0 0 0 0 0 0 0 0 0 0 0 0 0 0 0 0 0 0 0 0 0 0 0 0 0 0 0 0 0 0 0 0 0 0 0 0 0 0 0 0 0 0 0 0 0 0 0 0 0 0 0 0 0 0 0 0 0 0 0 0 0 0 0 0 0 0 246 0 0 0 209 84 1 0 1 0 0 0 0 0 0 0 0 0 0 0 0 0 3 0 3 0 1 0 48 0 0 0 255 255 255 255 0 0 0 0 5 0 3 0 0 0 0 0 data 6 0x30005 0x0 0x13dd9ea0 0x2a9a 0x0 0x0 oops 1 2 com/altera/utilities/altNode/AltNode
ciMethodData com/altera/utilities/altNode/AltNode$Builder addChild (Lcom/altera/utilities/altNode/AltNode;)Lcom/altera/utilities/altNode/AltNode; 2 35880 orig 144 152 11 97 118 0 0 0 0 128 189 64 18 0 0 0 0 48 1 0 0 48 0 0 0 0 0 0 0 0 0 0 0 0 0 0 0 0 0 0 0 0 0 0 0 0 0 0 0 0 0 0 0 0 0 0 0 0 0 0 0 0 0 0 0 0 0 0 0 0 0 0 0 0 0 0 0 0 0 0 0 0 0 0 0 0 0 0 0 0 0 0 0 0 0 0 0 135 1 0 0 9 85 4 0 1 0 0 0 0 0 0 0 0 0 0 0 0 0 6 0 3 0 1 0 128 0 0 0 255 255 255 255 0 0 0 0 5 0 2 0 0 0 0 0 data 16 0x20005 0x0 0x13dd9ea0 0x8aa1 0x0 0x0 0x1a0007 0x8aa1 0x20 0x0 0x2d0005 0x0 0x13dd9ea0 0x8aa1 0x0 0x0 oops 2 2 com/altera/utilities/altNode/AltNode 12 com/altera/utilities/altNode/AltNode
ciMethodData com/altera/utilities/altNode/AltNode setXmlWhiteSpace (Z)V 2 35902 orig 144 152 11 97 118 0 0 0 0 80 97 64 18 0 0 0 0 176 0 0 0 0 0 0 0 0 0 0 0 0 0 0 0 0 0 0 0 0 0 0 0 0 0 0 0 0 0 0 0 0 0 0 0 0 0 0 0 0 0 0 0 0 0 0 0 0 0 0 0 0 0 0 0 0 0 0 0 0 0 0 0 0 0 0 0 0 0 0 0 0 0 0 0 0 0 0 0 135 1 0 0 185 85 4 0 1 0 0 0 0 0 0 0 0 0 0 0 0 0 3 0 3 0 0 0 0 0 0 0 255 255 255 255 0 0 0 0 0 0 0 0 0 0 0 0 data 0 oops 0
ciMethodData com/altera/utilities/altNode/AltNodeXML$AltNodeXMLParser commitCharacters ()V 2 32686 orig 144 152 11 97 118 0 0 0 0 104 216 64 18 0 0 0 0 88 3 0 0 80 2 0 0 0 0 0 0 0 0 0 0 0 0 0 0 0 0 0 0 0 0 0 0 0 0 0 0 0 0 0 0 0 0 0 0 0 0 0 0 0 0 0 0 0 0 0 0 0 0 0 0 0 0 0 0 0 0 0 0 0 0 0 0 0 0 0 0 0 0 0 0 0 0 0 0 250 3 0 0 129 121 2 0 137 221 3 0 0 0 0 0 0 0 0 0 2 0 36 0 3 0 1 0 176 2 0 0 255 255 255 255 0 0 0 0 7 0 4 0 0 0 0 0 data 86 0x40007 0x4f30 0x20 0x0 0xc0005 0x1d 0x2512a60 0x4f13 0x0 0x0 0xf0007 0x2cd9 0x20 0x2257 0x170005 0x16 0x2512a60 0x2cc3 0x0 0x0 0x1e0007 0x2cd9 0x98 0x4ed8 0x270005 0x1e 0x2512a60 0x4eba 0x0 0x0 0x2a0002 0x4ed8 0x2d0007 0x0 0x38 0x4ed8 0x330003 0x4ed8 0xffffffffffffff80 0x3a0007 0x2cd9 0x98 0x2cd9 0x430005 0x16 0x2512a60 0x2cc3 0x0 0x0 0x460002 0x2cd9 0x490007 0x0 0x38 0x2cd9 0x4f0003 0x2cd9 0xffffffffffffff80 0x5a0005 0x16 0x2512a60 0x2cc3 0x0 0x0 0x5f0005 0x16 0x245ef50 0x2cc3 0x0 0x0 0x620007 0x2cd9 0x50 0x0 0x6a0005 0x0 0x0 0x0 0x0 0x0 0x730005 0x16 0x2512a60 0x2cc3 0x0 0x0 oops 7 6 java/lang/StringBuilder 16 java/lang/StringBuilder 26 java/lang/StringBuilder 45 java/lang/StringBuilder 60 java/lang/StringBuilder 66 java/lang/String 82 java/lang/StringBuilder
ciMethodData com/altera/utilities/altNode/AltNode$Builder addAssignment (Ljava/lang/String;Ljava/lang/String;)Lcom/altera/utilities/altNode/AltNode; 2 35565 orig 144 152 11 97 118 0 0 0 0 112 190 64 18 0 0 0 0 248 0 0 0 0 0 0 0 0 0 0 0 0 0 0 0 0 0 0 0 0 0 0 0 0 0 0 0 0 0 0 0 0 0 0 0 0 0 0 0 0 0 0 0 0 0 0 0 0 0 0 0 0 0 0 0 0 0 0 0 0 0 0 0 0 0 0 0 0 0 0 0 0 0 0 0 0 0 0 0 0 2 0 0 105 71 4 0 1 0 0 0 0 0 0 0 0 0 0 0 0 0 3 0 3 0 1 0 64 0 0 0 255 255 255 255 0 0 0 0 2 0 7 0 0 0 0 0 data 8 0x70002 0x88ed 0xd0005 0x0 0x13dd9c10 0x88ed 0x0 0x0 oops 1 4 com/altera/utilities/altNode/AltNode$Builder
ciMethodData com/altera/utilities/altNode/AltNodeXML$AltNodeXMLParser startElement (Ljava/lang/String;Ljava/lang/String;Ljava/lang/String;Lorg/xml/sax/Attributes;)V 2 30902 orig 144 152 11 97 118 0 0 0 0 232 210 64 18 0 0 0 0 8 4 0 0 120 1 0 0 0 0 0 0 0 0 0 0 0 0 0 0 0 0 0 0 0 0 0 0 0 0 0 0 0 0 0 0 0 0 0 0 0 0 0 0 0 0 0 0 0 0 0 0 0 0 0 0 0 0 0 0 0 0 0 0 0 0 0 0 0 0 0 0 0 0 0 0 0 0 0 0 0 8 0 0 145 51 1 0 161 133 3 0 0 0 0 0 0 0 0 0 1 0 29 0 3 0 1 0 56 3 0 0 255 255 255 255 0 0 0 0 2 0 1 0 0 0 0 0 data 103 0x10002 0x2672 0x80007 0x2672 0x168 0x0 0xf0007 0x0 0x38 0x0 0x1c0003 0x0 0x108 0x250005 0x0 0x0 0x0 0x0 0x0 0x290005 0x0 0x0 0x0 0x0 0x0 0x350005 0x0 0x0 0x0 0x0 0x0 0x380005 0x0 0x0 0x0 0x0 0x0 0x3d0007 0x0 0x30 0x0 0x410002 0x0 0x4d0007 0x0 0x20 0x0 0x570005 0x0 0x13dd9c10 0x2672 0x0 0x0 0x630005 0x0 0x13e97040 0x9725 0x0 0x0 0x680007 0x2672 0x160 0x70b3 0x6f0005 0x0 0x13e97040 0x70b3 0x0 0x0 0x7a0005 0x0 0x13e97040 0x70b3 0x0 0x0 0x850005 0x6f2 0x245ef50 0x69c1 0x0 0x0 0x880007 0x70b3 0x68 0x0 0x8f0005 0x0 0x0 0x0 0x0 0x0 0x920003 0x0 0x48 0x9d0005 0x0 0x13dd9c10 0x70b3 0x0 0x0 0xa40003 0x70b3 0xfffffffffffffe88 oops 6 49 com/altera/utilities/altNode/AltNode$Builder 55 com/sun/org/apache/xerces/internal/parsers/AbstractSAXParser$AttributesProxy 65 com/sun/org/apache/xerces/internal/parsers/AbstractSAXParser$AttributesProxy 71 com/sun/org/apache/xerces/internal/parsers/AbstractSAXParser$AttributesProxy 77 java/lang/String 96 com/altera/utilities/altNode/AltNode$Builder
ciMethodData com/altera/utilities/altNode/AltNode$Builder beginSection (Ljava/lang/String;Ljava/lang/String;)Lcom/altera/utilities/altNode/AltNode; 2 10768 orig 144 152 11 97 118 0 0 0 0 120 185 64 18 0 0 0 0 40 1 0 0 0 0 0 0 0 0 0 0 0 0 0 0 0 0 0 0 0 0 0 0 0 0 0 0 0 0 0 0 0 0 0 0 0 0 0 0 0 0 0 0 0 0 0 0 0 0 0 0 0 0 0 0 0 0 0 0 0 0 0 0 0 0 0 0 0 0 0 0 0 0 0 0 0 0 0 0 0 2 0 0 129 64 1 0 1 0 0 0 0 0 0 0 0 0 0 0 0 0 3 0 3 0 1 0 112 0 0 0 255 255 255 255 0 0 0 0 2 0 17 0 0 0 0 0 data 14 0x110002 0x2810 0x190005 0x0 0x13dd9ea0 0x2810 0x0 0x0 0x310004 0x0 0x13dd9ea0 0x2810 0x0 0x0 oops 2 4 com/altera/utilities/altNode/AltNode 10 com/altera/utilities/altNode/AltNode
ciMethodData com/sun/org/apache/xerces/internal/util/XMLChar isSpace (I)Z 2 15345 orig 144 152 11 97 118 0 0 0 0 40 225 78 18 0 0 0 0 0 1 0 0 0 0 0 0 0 0 0 0 0 0 0 0 0 0 0 0 0 0 0 0 0 0 0 0 0 0 0 0 0 0 0 0 0 0 0 0 0 0 0 0 0 0 0 0 0 0 0 0 0 0 0 0 0 0 0 0 0 0 0 0 0 0 0 0 0 0 0 0 0 0 0 0 0 0 0 0 5 1 0 0 97 215 1 0 1 0 0 0 0 0 0 0 0 0 0 0 0 0 9 0 3 0 1 0 88 0 0 0 255 255 255 255 0 0 0 0 7 0 3 0 0 0 0 0 data 11 0x30007 0x1d40 0x58 0x1dac 0xd0007 0x0 0x38 0x1dac 0x110003 0x1dac 0x18 oops 0
ciMethodData com/sun/org/apache/xerces/internal/impl/XMLEntityScanner peekChar ()I 2 10044 orig 144 152 11 97 118 0 0 0 0 88 20 67 18 0 0 0 0 96 1 0 0 48 0 0 0 0 0 0 0 0 0 0 0 0 0 0 0 0 0 0 0 0 0 0 0 0 0 0 0 0 0 0 0 0 0 0 0 0 0 0 0 0 0 0 0 0 0 0 0 0 0 0 0 0 0 0 0 0 0 0 0 0 0 0 0 0 0 0 0 0 0 0 0 0 0 0 0 2 1 0 0 201 49 1 0 1 0 0 0 0 0 0 0 0 0 0 0 0 0 11 0 4 0 1 0 184 0 0 0 255 255 255 255 0 0 0 0 7 0 14 0 0 0 0 0 data 23 0xe0007 0x2639 0x60 0x0 0x130002 0x0 0x190005 0x0 0x0 0x0 0x0 0x0 0x310007 0x0 0x58 0x2639 0x370007 0xb3 0x38 0x2586 0x3b0003 0x2586 0x18 oops 0
ciMethodData com/sun/org/apache/xerces/internal/impl/XMLEntityScanner skipChar (I)Z 2 7427 orig 144 152 11 97 118 0 0 0 0 40 42 67 18 0 0 0 0 88 2 0 0 72 1 0 0 0 0 0 0 0 0 0 0 0 0 0 0 0 0 0 0 0 0 0 0 0 0 0 0 0 0 0 0 0 0 0 0 0 0 0 0 0 0 0 0 0 0 0 0 0 0 0 0 0 0 0 0 0 0 0 0 0 0 0 0 0 0 0 0 0 0 0 0 0 0 0 0 20 1 0 0 113 223 0 0 1 0 0 0 0 0 0 0 0 0 0 0 0 0 24 0 4 0 1 0 152 1 0 0 255 255 255 255 0 0 0 0 7 0 14 0 0 0 0 0 data 51 0xe0007 0x1bed 0x60 0x1 0x130002 0x1 0x190005 0x0 0x127b6dd0 0x1 0x0 0x0 0x2f0007 0x36b 0x58 0x1883 0x420007 0x1883 0x38 0x0 0x5a0003 0x0 0x18 0x6f0007 0x36b 0xe0 0x0 0x750007 0x0 0xc0 0x0 0x7c0007 0x0 0xa0 0x0 0x8d0007 0x0 0x60 0x0 0x920002 0x0 0xa30005 0x0 0x0 0x0 0x0 0x0 0xc50007 0x0 0x20 0x0 oops 1 8 com/sun/org/apache/xerces/internal/impl/XMLEntityScanner
ciMethodData com/sun/org/apache/xerces/internal/impl/XMLEntityScanner skipSpaces ()Z 2 7672 orig 144 152 11 97 118 0 0 0 0 160 44 67 18 0 0 0 0 208 3 0 0 144 0 0 0 0 0 0 0 0 0 0 0 0 0 0 0 0 0 0 0 0 0 0 0 0 0 0 0 0 0 0 0 0 0 0 0 0 0 0 0 0 0 0 0 0 0 0 0 0 0 0 0 0 0 0 0 0 0 0 0 0 0 0 0 0 0 0 0 0 0 0 0 0 0 0 0 64 1 0 0 193 229 0 0 65 234 0 0 0 0 0 0 0 0 0 0 1 0 57 0 4 0 1 0 16 3 0 0 255 255 255 255 0 0 0 0 7 0 14 0 0 0 0 0 data 98 0xe0007 0x1cb5 0x60 0x3 0x130002 0x3 0x190005 0x0 0x127b6dd0 0x3 0x0 0x0 0x210007 0x1cb8 0x20 0x0 0x370002 0x1cb8 0x3a0007 0x12df 0x280 0x9d9 0x420007 0x667 0x60 0x170f 0x490007 0x0 0x170 0x170f 0x4f0007 0x1703 0x150 0xc 0x770007 0x673 0xb8 0x0 0x7c0002 0x0 0x8d0005 0x0 0x0 0x0 0x0 0x0 0x920007 0x0 0x38 0x0 0x9d0003 0x0 0x38 0xa40007 0x0 0x20 0x0 0xac0007 0x667 0x78 0xc 0xb30007 0x0 0x58 0xc 0xce0007 0xc 0x38 0x0 0xde0003 0x0 0x18 0xef0007 0x0 0x20 0x1d76 0x10d0007 0x1d75 0x80 0x1 0x1120002 0x1 0x1180005 0x0 0x127b6dd0 0x1 0x0 0x0 0x1200007 0x0 0x20 0x0 0x1360002 0x1d75 0x1390007 0x139d 0xfffffffffffffdc0 0x9d8 oops 2 8 com/sun/org/apache/xerces/internal/impl/XMLEntityScanner 84 com/sun/org/apache/xerces/internal/impl/XMLEntityScanner
ciMethodData com/sun/org/apache/xerces/internal/xni/QName setValues (Lcom/sun/org/apache/xerces/internal/xni/QName;)V 2 34760 orig 144 152 11 97 118 0 0 0 0 16 132 72 18 0 0 0 0 176 0 0 0 0 0 0 0 0 0 0 0 0 0 0 0 0 0 0 0 0 0 0 0 0 0 0 0 0 0 0 0 0 0 0 0 0 0 0 0 0 0 0 0 0 0 0 0 0 0 0 0 0 0 0 0 0 0 0 0 0 0 0 0 0 0 0 0 0 0 0 0 0 0 0 0 0 0 0 0 104 1 0 0 1 51 4 0 1 0 0 0 0 0 0 0 0 0 0 0 0 0 3 0 4 0 0 0 0 0 0 0 255 255 255 255 0 0 0 0 0 0 0 0 0 0 0 0 data 0 oops 0
ciMethodData com/sun/org/apache/xerces/internal/util/XMLChar isNameStart (I)Z 2 49663 orig 144 152 11 97 118 0 0 0 0 200 225 78 18 0 0 0 0 0 1 0 0 0 0 0 0 0 0 0 0 0 0 0 0 0 0 0 0 0 0 0 0 0 0 0 0 0 0 0 0 0 0 0 0 0 0 0 0 0 0 0 0 0 0 0 0 0 0 0 0 0 0 0 0 0 0 0 0 0 0 0 0 0 0 0 0 0 0 0 0 0 0 0 0 0 0 0 0 143 1 0 0 121 3 6 0 1 0 0 0 0 0 0 0 0 0 0 0 0 0 9 0 3 0 1 0 88 0 0 0 255 255 255 255 0 0 0 0 7 0 3 0 0 0 0 0 data 11 0x30007 0x0 0x58 0xc06f 0xd0007 0x5 0x38 0xc06a 0x110003 0xc06a 0x18 oops 0
ciMethodData java/lang/StringBuilder charAt (I)C 2 32827 orig 144 152 11 97 118 0 0 0 0 64 44 231 17 0 0 0 0 192 0 0 0 0 0 0 0 0 0 0 0 0 0 0 0 0 0 0 0 0 0 0 0 0 0 0 0 0 0 0 0 0 0 0 0 0 0 0 0 0 0 0 0 0 0 0 0 0 0 0 0 0 0 0 0 0 0 0 0 0 0 0 0 0 0 0 0 0 0 0 0 0 0 0 0 0 0 0 0 150 1 0 0 41 245 3 0 1 0 0 0 0 0 0 0 0 0 0 0 0 0 9 0 3 0 1 0 16 0 0 0 255 255 255 255 0 0 0 0 2 0 2 0 0 0 0 0 data 2 0x20002 0x7ea5 oops 0
ciMethodData java/lang/AbstractStringBuilder charAt (I)C 2 32845 orig 144 152 11 97 118 0 0 0 0 120 201 230 17 0 0 0 0 0 1 0 0 32 0 0 0 0 0 0 0 0 0 0 0 0 0 0 0 0 0 0 0 0 0 0 0 0 0 0 0 0 0 0 0 0 0 0 0 0 0 0 0 0 0 0 0 0 0 0 0 0 0 0 0 0 0 0 0 0 0 0 0 0 0 0 0 0 0 0 0 0 0 0 0 0 0 0 0 150 1 0 0 185 245 3 0 1 0 0 0 0 0 0 0 0 0 0 0 0 0 8 0 3 0 1 0 80 0 0 0 255 255 255 255 0 0 0 0 7 0 1 0 0 0 0 0 data 10 0x10007 0x0 0x40 0x7eb7 0x90007 0x7eb7 0x30 0x0 0x110002 0x0 oops 0
ciMethodData com/sun/org/apache/xerces/internal/impl/XMLEntityScanner scanChar ()I 2 6048 orig 144 152 11 97 118 0 0 0 0 176 21 67 18 0 0 0 0 56 2 0 0 240 0 0 0 0 0 0 0 0 0 0 0 0 0 0 0 0 0 0 0 0 0 0 0 0 0 0 0 0 0 0 0 0 0 0 0 0 0 0 0 0 0 0 0 0 0 0 0 0 0 0 0 0 0 0 0 0 0 0 0 0 0 0 0 0 0 0 0 0 0 0 0 0 0 0 0 208 1 0 0 129 174 0 0 1 0 0 0 0 0 0 0 0 0 0 0 0 0 24 0 4 0 1 0 128 1 0 0 255 255 255 255 0 0 0 0 7 0 14 0 0 0 0 0 data 48 0xe0007 0x15d0 0x60 0x0 0x130002 0x0 0x190005 0x0 0x0 0x0 0x0 0x0 0x370007 0x0 0x60 0x15d0 0x3d0007 0x15d0 0x100 0x0 0x440007 0x0 0xe0 0x0 0x6a0007 0x0 0x60 0x0 0x6f0002 0x0 0x800005 0x0 0x0 0x0 0x0 0x0 0x870007 0x0 0x60 0x0 0x8e0007 0x0 0x40 0x0 0xa90007 0x0 0x20 0x0 oops 0
ciMethodData com/sun/org/apache/xerces/internal/util/XMLAttributesImpl getName (ILcom/sun/org/apache/xerces/internal/xni/QName;)V 2 57338 orig 144 152 11 97 118 0 0 0 0 0 10 73 18 0 0 0 0 232 0 0 0 0 0 0 0 0 0 0 0 0 0 0 0 0 0 0 0 0 0 0 0 0 0 0 0 0 0 0 0 0 0 0 0 0 0 0 0 0 0 0 0 0 0 0 0 0 0 0 0 0 0 0 0 0 0 0 0 0 0 0 0 0 0 0 0 0 0 0 0 0 0 0 0 0 0 0 0 0 2 0 0 209 239 6 0 1 0 0 0 0 0 0 0 0 0 0 0 0 0 3 0 4 0 1 0 48 0 0 0 255 255 255 255 0 0 0 0 5 0 10 0 0 0 0 0 data 6 0xa0005 0x0 0x127bc2b0 0xddfa 0x0 0x0 oops 1 2 com/sun/org/apache/xerces/internal/xni/QName
ciMethodData com/sun/org/apache/xerces/internal/impl/XMLDocumentFragmentScannerImpl seekCloseOfStartTag ()Z 2 33983 orig 144 152 11 97 118 0 0 0 0 120 160 71 18 0 0 0 0 48 3 0 0 0 2 0 0 0 0 0 0 0 0 0 0 0 0 0 0 0 0 0 0 0 0 0 0 0 0 0 0 0 0 0 0 0 0 0 0 0 0 0 0 0 0 0 0 0 0 0 0 0 0 0 0 0 0 0 0 0 0 0 0 0 0 0 0 0 0 0 0 0 0 0 0 0 0 0 0 0 2 0 0 249 21 4 0 1 0 0 0 0 0 0 0 0 0 0 0 0 0 24 0 3 0 1 0 128 2 0 0 255 255 255 255 0 0 0 0 5 0 4 0 0 0 0 0 data 80 0x40005 0x0 0x127b6dd0 0x82bf 0x0 0x0 0xc0005 0x0 0x127b6dd0 0x82bf 0x0 0x0 0x130007 0x7e39 0x50 0x486 0x1a0005 0x0 0x127b6dd0 0x486 0x0 0x0 0x230007 0x62ab 0x100 0x1b8e 0x2a0005 0x0 0x127b6dd0 0x1b8e 0x0 0x0 0x340005 0x0 0x127b6dd0 0x1b8e 0x0 0x0 0x370007 0x1b8e 0x80 0x0 0x4a0004 0x0 0x0 0x0 0x0 0x0 0x4b0005 0x0 0x0 0x0 0x0 0x0 0x570005 0x0 0x127b5b00 0x16e 0x127bc520 0x613d 0x5a0007 0x0 0x40 0x62ab 0x5e0007 0x62ab 0x80 0x0 0x710004 0x0 0x0 0x0 0x0 0x0 0x720005 0x0 0x0 0x0 0x0 0x0 oops 7 2 com/sun/org/apache/xerces/internal/impl/XMLEntityScanner 8 com/sun/org/apache/xerces/internal/impl/XMLEntityScanner 18 com/sun/org/apache/xerces/internal/impl/XMLEntityScanner 28 com/sun/org/apache/xerces/internal/impl/XMLEntityScanner 34 com/sun/org/apache/xerces/internal/impl/XMLEntityScanner 56 com/sun/org/apache/xerces/internal/impl/XMLNSDocumentScannerImpl 58 com/sun/org/apache/xerces/internal/impl/XMLScanner
ciMethodData com/sun/org/apache/xerces/internal/util/NamespaceSupport getURI (Ljava/lang/String;)Ljava/lang/String; 2 29410 orig 144 152 11 97 118 0 0 0 0 176 71 73 18 0 0 0 0 8 1 0 0 32 0 0 0 0 0 0 0 0 0 0 0 0 0 0 0 0 0 0 0 0 0 0 0 0 0 0 0 0 0 0 0 0 0 0 0 0 0 0 0 0 0 0 0 0 0 0 0 0 0 0 0 0 0 0 0 0 0 0 0 0 0 0 0 0 0 0 0 0 0 0 0 0 0 0 0 254 3 0 0 137 187 1 0 33 119 3 0 0 0 0 0 0 0 0 0 1 0 8 0 4 0 1 0 88 0 0 0 255 255 255 255 0 0 0 0 7 0 6 0 0 0 0 0 data 11 0x60007 0x3771 0x58 0x6ee2 0x120007 0x6ee2 0x20 0x0 0x210003 0x6ee2 0xffffffffffffffc0 oops 0
ciMethodData com/sun/org/apache/xerces/internal/parsers/AbstractSAXParser$AttributesProxy getLength ()I 2 44627 orig 144 152 11 97 118 0 0 0 0 16 26 78 18 0 0 0 0 216 0 0 0 0 0 0 0 0 0 0 0 0 0 0 0 0 0 0 0 0 0 0 0 0 0 0 0 0 0 0 0 0 0 0 0 0 0 0 0 0 0 0 0 0 0 0 0 0 0 0 0 0 0 0 0 0 0 0 0 0 0 0 0 0 0 0 0 0 0 0 0 0 0 0 0 0 0 0 0 0 2 0 0 153 98 5 0 1 0 0 0 0 0 0 0 0 0 0 0 0 0 3 0 3 0 1 0 48 0 0 0 255 255 255 255 0 0 0 0 5 0 4 0 0 0 0 0 data 6 0x40005 0x0 0x127b6f30 0x14b 0x127b7140 0xab08 oops 2 2 com/sun/org/apache/xerces/internal/util/XMLAttributesIteratorImpl 4 com/sun/org/apache/xerces/internal/util/XMLAttributesImpl
ciMethodData java/util/ArrayList <init> (I)V 2 4078 orig 144 152 11 97 118 0 0 0 0 216 199 236 17 0 0 0 0 144 1 0 0 0 0 0 0 0 0 0 0 0 0 0 0 0 0 0 0 0 0 0 0 0 0 0 0 0 0 0 0 0 0 0 0 0 0 0 0 0 0 0 0 0 0 0 0 0 0 0 0 0 0 0 0 0 0 0 0 0 0 0 0 0 0 0 0 0 0 0 0 0 0 0 0 0 0 0 0 194 0 0 0 97 121 0 0 1 0 0 0 0 0 0 0 0 0 0 0 0 0 5 0 3 0 1 0 224 0 0 0 255 255 255 255 0 0 0 0 2 0 1 0 0 0 0 0 data 28 0x10002 0xf2c 0x50007 0xf2c 0xd0 0x0 0x100002 0x0 0x150005 0x0 0x0 0x0 0x0 0x0 0x190005 0x0 0x0 0x0 0x0 0x0 0x1c0005 0x0 0x0 0x0 0x0 0x0 0x1f0002 0x0 oops 0
ciMethodData java/lang/StringBuilder substring (II)Ljava/lang/String; 2 11935 orig 144 152 11 97 118 0 0 0 0 152 29 231 17 0 0 0 0 200 0 0 0 0 0 0 0 0 0 0 0 0 0 0 0 0 0 0 0 0 0 0 0 0 0 0 0 0 0 0 0 0 0 0 0 0 0 0 0 0 0 0 0 0 0 0 0 0 0 0 0 0 0 0 0 0 0 0 0 0 0 0 0 0 0 0 0 0 0 0 0 0 0 0 0 0 0 0 0 245 0 0 0 81 109 1 0 1 0 0 0 0 0 0 0 0 0 0 0 0 0 0 0 0 0 1 0 16 0 0 0 255 255 255 255 0 0 0 0 2 0 3 0 0 0 0 0 data 2 0x30002 0x2daa oops 0
ciMethodData java/lang/AbstractStringBuilder substring (II)Ljava/lang/String; 2 11953 orig 144 152 11 97 118 0 0 0 0 136 222 230 17 0 0 0 0 88 1 0 0 128 0 0 0 0 0 0 0 0 0 0 0 0 0 0 0 0 0 0 0 0 0 0 0 0 0 0 0 0 0 0 0 0 0 0 0 0 0 0 0 0 0 0 0 0 0 0 0 0 0 0 0 0 0 0 0 0 0 0 0 0 0 0 0 0 0 0 0 0 0 0 0 0 0 0 0 245 0 0 0 225 109 1 0 1 0 0 0 0 0 0 0 0 0 0 0 0 0 9 0 3 0 1 0 160 0 0 0 255 255 255 255 0 0 0 0 7 0 1 0 0 0 0 0 data 20 0x10007 0x2dbc 0x30 0x0 0x90002 0x0 0x120007 0x2dbc 0x30 0x0 0x1a0002 0x0 0x200007 0x2dbc 0x30 0x0 0x2a0002 0x0 0x3a0002 0x2dbc oops 0
ciMethodData java/lang/StringBuilder setLength (I)V 2 12126 orig 144 152 11 97 118 0 0 0 0 208 44 231 17 0 0 0 0 192 0 0 0 0 0 0 0 0 0 0 0 0 0 0 0 0 0 0 0 0 0 0 0 0 0 0 0 0 0 0 0 0 0 0 0 0 0 0 0 0 0 0 0 0 0 0 0 0 0 0 0 0 0 0 0 0 0 0 0 0 0 0 0 0 0 0 0 0 0 0 0 0 0 0 0 0 0 0 0 249 0 0 0 41 115 1 0 1 0 0 0 0 0 0 0 0 0 0 0 0 0 0 0 0 0 1 0 16 0 0 0 255 255 255 255 0 0 0 0 2 0 2 0 0 0 0 0 data 2 0x20002 0x2e65 oops 0
ciMethodData java/lang/AbstractStringBuilder setLength (I)V 2 12146 orig 144 152 11 97 118 0 0 0 0 208 200 230 17 0 0 0 0 32 1 0 0 32 0 0 0 0 0 0 0 0 0 0 0 0 0 0 0 0 0 0 0 0 0 0 0 0 0 0 0 0 0 0 0 0 0 0 0 0 0 0 0 0 0 0 0 0 0 0 0 0 0 0 0 0 0 0 0 0 0 0 0 0 0 0 0 0 0 0 0 0 0 0 0 0 0 0 0 0 1 0 0 145 115 1 0 1 0 0 0 0 0 0 0 0 0 0 0 1 0 15 0 3 0 1 0 112 0 0 0 255 255 255 255 0 0 0 0 7 0 1 0 0 0 0 0 data 14 0x10007 0x2e72 0x30 0x0 0x90002 0x0 0xf0002 0x2e72 0x170007 0x2e72 0x30 0x0 0x240002 0x0 oops 0
ciMethodData com/sun/org/apache/xerces/internal/impl/XMLScanner isValidNameStartChar (I)Z 2 26814 orig 144 152 11 97 118 0 0 0 0 104 240 71 18 0 0 0 0 192 0 0 0 0 0 0 0 0 0 0 0 0 0 0 0 0 0 0 0 0 0 0 0 0 0 0 0 0 0 0 0 0 0 0 0 0 0 0 0 0 0 0 0 0 0 0 0 0 0 0 0 0 0 0 0 0 0 0 0 0 0 0 0 0 0 0 0 0 0 0 0 0 0 0 0 0 0 0 0 0 2 0 0 241 53 3 0 1 0 0 0 0 0 0 0 0 0 0 0 0 0 10 0 3 0 1 0 16 0 0 0 255 255 255 255 0 0 0 0 2 0 1 0 0 0 0 0 data 2 0x10002 0x66be oops 0
ciMethodData com/sun/org/apache/xerces/internal/utils/XMLSecurityManager isNoLimit (I)Z 2 27078 orig 144 152 11 97 118 0 0 0 0 216 245 74 18 0 0 0 0 232 0 0 0 0 0 0 0 0 0 0 0 0 0 0 0 0 0 0 0 0 0 0 0 0 0 0 0 0 0 0 0 0 0 0 0 0 0 0 0 0 0 0 0 0 0 0 0 0 0 0 0 0 0 0 0 0 0 0 0 0 0 0 0 0 0 0 0 0 0 0 0 0 0 0 0 0 0 0 0 0 2 0 0 49 62 3 0 1 0 0 0 0 0 0 0 0 0 0 0 0 0 6 0 3 0 1 0 56 0 0 0 255 255 255 255 0 0 0 0 7 0 1 0 0 0 0 0 data 7 0x10007 0x67c6 0x38 0x0 0x50003 0x0 0x18 oops 0
ciMethodData com/sun/org/apache/xerces/internal/util/XMLAttributesImpl getValue (I)Ljava/lang/String; 2 34327 orig 144 152 11 97 118 0 0 0 0 240 16 73 18 0 0 0 0 96 1 0 0 32 0 0 0 0 0 0 0 0 0 0 0 0 0 0 0 0 0 0 0 0 0 0 0 0 0 0 0 0 0 0 0 0 0 0 0 0 0 0 0 0 0 0 0 0 0 0 0 0 0 0 0 0 0 0 0 0 0 0 0 0 0 0 0 0 0 0 0 0 0 0 0 0 0 0 0 0 2 0 0 185 32 4 0 1 0 0 0 0 0 0 0 0 0 0 0 0 0 17 0 3 0 1 0 176 0 0 0 255 255 255 255 0 0 0 0 7 0 1 0 0 0 0 0 data 22 0x10007 0x0 0x40 0x8417 0x90007 0x8417 0x20 0x0 0x170007 0x144 0x70 0x82d3 0x230007 0x0 0x50 0x82d3 0x350005 0x0 0x13745c00 0x82d3 0x0 0x0 oops 1 18 com/sun/org/apache/xerces/internal/xni/XMLString
ciMethodData com/sun/org/apache/xerces/internal/xni/XMLString toString ()Ljava/lang/String; 2 34171 orig 144 152 11 97 118 0 0 0 0 56 97 72 18 0 0 0 0 240 0 0 0 0 0 0 0 0 0 0 0 0 0 0 0 0 0 0 0 0 0 0 0 0 0 0 0 0 0 0 0 0 0 0 0 0 0 0 0 0 0 0 0 0 0 0 0 0 0 0 0 0 0 0 0 0 0 0 0 0 0 0 0 0 0 0 0 0 0 0 0 0 0 0 0 0 0 0 0 0 2 0 0 217 27 4 0 1 0 0 0 0 0 0 0 0 0 0 0 0 0 6 0 3 0 1 0 72 0 0 0 255 255 255 255 0 0 0 0 7 0 4 0 0 0 0 0 data 9 0x40007 0x737 0x48 0x7c44 0x170002 0x7c44 0x1a0003 0x7c44 0x18 oops 0
ciMethodData com/sun/org/apache/xerces/internal/parsers/AbstractSAXParser$AttributesProxy getQName (I)Ljava/lang/String; 2 33646 orig 144 152 11 97 118 0 0 0 0 64 27 78 18 0 0 0 0 224 0 0 0 0 0 0 0 0 0 0 0 0 0 0 0 0 0 0 0 0 0 0 0 0 0 0 0 0 0 0 0 0 0 0 0 0 0 0 0 0 0 0 0 0 0 0 0 0 0 0 0 0 0 0 0 0 0 0 0 0 0 0 0 0 0 0 0 0 0 0 0 0 0 0 0 0 0 0 0 0 2 0 0 113 11 4 0 1 0 0 0 0 0 0 0 0 0 0 0 0 0 3 0 3 0 1 0 48 0 0 0 255 255 255 255 0 0 0 0 5 0 5 0 0 0 0 0 data 6 0x50005 0x0 0x127b6f30 0x31c 0x127b7140 0x7e52 oops 2 2 com/sun/org/apache/xerces/internal/util/XMLAttributesIteratorImpl 4 com/sun/org/apache/xerces/internal/util/XMLAttributesImpl
ciMethodData com/sun/org/apache/xerces/internal/util/XMLAttributesImpl getQName (I)Ljava/lang/String; 2 33708 orig 144 152 11 97 118 0 0 0 0 32 22 73 18 0 0 0 0 40 1 0 0 32 0 0 0 0 0 0 0 0 0 0 0 0 0 0 0 0 0 0 0 0 0 0 0 0 0 0 0 0 0 0 0 0 0 0 0 0 0 0 0 0 0 0 0 0 0 0 0 0 0 0 0 0 0 0 0 0 0 0 0 0 0 0 0 0 0 0 0 0 0 0 0 0 0 0 0 0 2 0 0 97 13 4 0 1 0 0 0 0 0 0 0 0 0 0 0 0 0 11 0 3 0 1 0 120 0 0 0 255 255 255 255 0 0 0 0 7 0 1 0 0 0 0 0 data 15 0x10007 0x0 0x40 0x81ac 0x90007 0x81ac 0x20 0x0 0x1c0007 0x0 0x38 0x81ac 0x200003 0x81ac 0x18 oops 0
ciMethodData com/sun/org/apache/xerces/internal/parsers/AbstractSAXParser$AttributesProxy getValue (I)Ljava/lang/String; 2 33948 orig 144 152 11 97 118 0 0 0 0 240 30 78 18 0 0 0 0 224 0 0 0 0 0 0 0 0 0 0 0 0 0 0 0 0 0 0 0 0 0 0 0 0 0 0 0 0 0 0 0 0 0 0 0 0 0 0 0 0 0 0 0 0 0 0 0 0 0 0 0 0 0 0 0 0 0 0 0 0 0 0 0 0 0 0 0 0 0 0 0 0 0 0 0 0 0 0 0 0 2 0 0 217 20 4 0 1 0 0 0 0 0 0 0 0 0 0 0 0 0 3 0 3 0 1 0 48 0 0 0 255 255 255 255 0 0 0 0 5 0 5 0 0 0 0 0 data 6 0x50005 0x0 0x127b6f30 0x357 0x127b7140 0x7f44 oops 2 2 com/sun/org/apache/xerces/internal/util/XMLAttributesIteratorImpl 4 com/sun/org/apache/xerces/internal/util/XMLAttributesImpl
ciMethodData com/sun/org/apache/xerces/internal/util/NamespaceSupport getDeclaredPrefixCount ()I 2 20100 orig 144 152 11 97 118 0 0 0 0 16 73 73 18 0 0 0 0 168 0 0 0 0 0 0 0 0 0 0 0 0 0 0 0 0 0 0 0 0 0 0 0 0 0 0 0 0 0 0 0 0 0 0 0 0 0 0 0 0 0 0 0 0 0 0 0 0 0 0 0 0 0 0 0 0 0 0 0 0 0 0 0 0 0 0 0 0 0 0 0 0 0 0 0 0 0 0 0 0 2 0 0 33 100 2 0 1 0 0 0 0 0 0 0 0 0 0 0 0 0 3 0 3 0 0 0 0 0 0 0 255 255 255 255 0 0 0 0 0 0 0 0 0 0 0 0 data 0 oops 0
ciMethodData com/sun/org/apache/xerces/internal/util/XMLAttributesImpl checkDuplicatesNS ()Lcom/sun/org/apache/xerces/internal/xni/QName; 2 47344 orig 144 152 11 97 118 0 0 0 0 240 26 73 18 0 0 0 0 72 3 0 0 232 0 0 0 0 0 0 0 0 0 0 0 0 0 0 0 0 0 0 0 0 0 0 0 0 0 0 0 0 0 0 0 0 0 0 0 0 0 0 0 0 0 0 0 0 0 0 0 0 0 0 0 0 0 0 0 0 0 0 0 0 0 0 0 0 0 0 0 0 0 0 0 0 0 0 0 0 16 0 0 233 149 0 0 129 71 5 0 0 0 0 0 0 0 0 0 4 0 34 0 4 0 1 0 144 2 0 0 255 255 255 255 0 0 0 0 7 0 6 0 0 0 0 0 data 82 0x60007 0x0 0xe8 0x12bd 0x120007 0x12bd 0xb0 0x29d0 0x250007 0x29d0 0x78 0x7f1c 0x3f0007 0x7f1c 0x40 0x0 0x510007 0x0 0x20 0x0 0x5d0003 0x7f1c 0xffffffffffffffa0 0x630003 0x29d0 0xffffffffffffff68 0x660003 0x12bd 0x1c0 0x6f0005 0x0 0x0 0x0 0x0 0x0 0x7a0007 0x0 0x178 0x0 0x930005 0x0 0x0 0x0 0x0 0x0 0xa10007 0x0 0x68 0x0 0xb90004 0x0 0x0 0x0 0x0 0x0 0xba0003 0x0 0xc0 0xc70007 0x0 0x78 0x0 0xd90007 0x0 0x40 0x0 0xeb0007 0x0 0x20 0x0 0xfa0003 0x0 0xffffffffffffffa0 0x10d0004 0x0 0x0 0x0 0x0 0x0 0x1110003 0x0 0xfffffffffffffea0 oops 0
ciMethodData com/sun/org/apache/xerces/internal/impl/XMLNSDocumentScannerImpl scanStartElement ()Z 2 47985 orig 144 152 11 97 118 0 0 0 0 40 24 71 18 0 0 0 0 112 16 0 0 0 15 0 0 0 0 0 0 0 0 0 0 0 0 0 0 0 0 0 0 0 0 0 0 0 0 0 0 0 0 0 0 0 0 0 0 0 0 0 0 0 0 0 0 0 0 0 0 0 0 0 0 0 0 0 0 0 0 0 0 0 0 0 0 0 0 0 0 0 0 0 0 0 0 0 0 0 12 0 0 193 234 0 0 65 123 5 0 0 0 0 0 0 0 0 0 2 0 116 0 3 0 1 0 128 15 0 0 255 255 255 255 0 0 0 0 7 0 4 0 0 0 0 0 data 496 0x40007 0x1d58 0x138 0x0 0xb0007 0x0 0x118 0x0 0x120005 0x0 0x0 0x0 0x0 0x0 0x1f0005 0x0 0x0 0x0 0x0 0x0 0x290007 0x0 0x68 0x0 0x300005 0x0 0x0 0x0 0x0 0x0 0x380003 0x0 0x48 0x3f0005 0x0 0x0 0x0 0x0 0x0 0x460007 0x1d58 0x40 0x0 0x4d0007 0x0 0x118 0x0 0x550005 0x0 0x127b6d20 0x1d58 0x0 0x0 0x5f0007 0x0 0x68 0x1d58 0x6a0005 0x0 0x127b6dd0 0x1d58 0x0 0x0 0x6e0003 0x1d58 0x78 0x750005 0x0 0x0 0x0 0x0 0x0 0x810005 0x0 0x0 0x0 0x0 0x0 0x880007 0x1d58 0x50 0x0 0x930005 0x0 0x0 0x0 0x0 0x0 0xab0007 0x0 0x1f0 0x1d58 0xb20005 0x0 0x127b6e80 0x1d58 0x0 0x0 0xbd0007 0x1d58 0x1a0 0x0 0xc40007 0x0 0x180 0x0 0xd60004 0x0 0x0 0x0 0x0 0x0 0xd80005 0x0 0x0 0x0 0x0 0x0 0xe00007 0x0 0x70 0x0 0xe80005 0x0 0x0 0x0 0x0 0x0 0xeb0007 0x0 0xb0 0x0 0x1000004 0x0 0x0 0x0 0x0 0x0 0x1040004 0x0 0x0 0x0 0x0 0x0 0x1060005 0x0 0x0 0x0 0x0 0x0 0x1130005 0x0 0x127b6f30 0x1d58 0x0 0x0 0x1170005 0x0 0x127b5b00 0xca 0x127b6fe0 0x1c8e 0x11a0007 0x0 0x200 0x1d58 0x13b0005 0x0 0x127b5b00 0x5817 0x0 0x0 0x1420007 0x0 0x160 0x5817 0x14d0005 0x4b2 0x127b7090 0x5365 0x0 0x0 0x1500007 0x0 0x110 0x5817 0x1570005 0x0 0x127b6f30 0x4b2 0x127b7140 0x5365 0x15e0007 0x5817 0xc0 0x0 0x1700004 0x0 0x0 0x0 0x0 0x0 0x1770002 0x0 0x17a0004 0x0 0x0 0x0 0x0 0x0 0x17c0005 0x0 0x0 0x0 0x0 0x0 0x1810005 0x0 0x127b5b00 0x4b2 0x127b6fe0 0x5365 0x1840007 0x3abf 0xfffffffffffffe40 0x1d58 0x1900007 0x0 0x698 0x1d58 0x19d0007 0x1d58 0x80 0x0 0x1b50004 0x0 0x0 0x0 0x0 0x0 0x1b70005 0x0 0x0 0x0 0x0 0x0 0x1c20007 0x1d58 0x38 0x0 0x1cc0003 0x0 0x18 0x1dc0005 0x0 0x127b6e80 0x1d58 0x0 0x0 0x1f90007 0x0 0x40 0x1d58 0x2030007 0x1d58 0x20 0x0 0x2170007 0x1d58 0xd0 0x0 0x2210007 0x0 0xb0 0x0 0x2390004 0x0 0x0 0x0 0x0 0x0 0x2430004 0x0 0x0 0x0 0x0 0x0 0x2450005 0x0 0x0 0x0 0x0 0x0 0x24d0005 0x0 0x127b6f30 0xca 0x127b7140 0x1c8e 0x2570007 0x1d58 0x258 0x5817 0x2640005 0x0 0x127b6f30 0x4b2 0x127b7140 0x5365 0x26e0007 0x5817 0x38 0x0 0x2780003 0x0 0x18 0x2860005 0x0 0x127b6e80 0x5817 0x0 0x0 0x2940007 0x5817 0x58 0x0 0x2a00007 0x0 0x38 0x0 0x2a30003 0x0 0x148 0x2ab0007 0x5817 0x130 0x0 0x2b90007 0x0 0xe0 0x0 0x2d10004 0x0 0x0 0x0 0x0 0x0 0x2db0004 0x0 0x0 0x0 0x0 0x0 0x2e00004 0x0 0x0 0x0 0x0 0x0 0x2e20005 0x0 0x0 0x0 0x0 0x0 0x2ee0005 0x0 0x0 0x0 0x0 0x0 0x2f40003 0x5817 0xfffffffffffffdc0 0x2f90007 0x0 0x1f8 0x1d58 0x3000005 0x0 0x127b6f30 0xca 0x127b7140 0x1c8e 0x3070007 0x1d57 0x1a8 0x0 0x30f0007 0x0 0xf8 0x0 0x3270004 0x0 0x0 0x0 0x0 0x0 0x32f0004 0x0 0x0 0x0 0x0 0x0 0x3370004 0x0 0x0 0x0 0x0 0x0 0x3390005 0x0 0x0 0x0 0x0 0x0 0x33d0003 0x0 0xa8 0x3550004 0x0 0x0 0x0 0x0 0x0 0x35d0004 0x0 0x0 0x0 0x0 0x0 0x35f0005 0x0 0x0 0x0 0x0 0x0 0x3670007 0x3f2 0x138 0x1965 0x3830007 0x1965 0x80 0x0 0x3960004 0x0 0x0 0x0 0x0 0x0 0x3970005 0x0 0x0 0x0 0x0 0x0 0x39e0007 0x0 0x50 0x1965 0x3ae0005 0x0 0x127b71f0 0x1965 0x0 0x0 0x3bc0005 0x0 0x127b6d20 0x1965 0x0 0x0 0x3c00003 0x1965 0xb8 0x3c70007 0x3f2 0x50 0x0 0x3d60005 0x0 0x0 0x0 0x0 0x0 0x3dd0007 0x0 0x50 0x3f2 0x3ed0005 0x0 0x127b71f0 0x3f2 0x0 0x0 oops 23 49 com/sun/org/apache/xerces/internal/impl/XMLDocumentFragmentScannerImpl$ElementStack 59 com/sun/org/apache/xerces/internal/impl/XMLEntityScanner 94 com/sun/org/apache/xerces/internal/util/NamespaceSupport 152 com/sun/org/apache/xerces/internal/util/XMLAttributesIteratorImpl 158 com/sun/org/apache/xerces/internal/impl/XMLNSDocumentScannerImpl 160 com/sun/org/apache/xerces/internal/impl/XMLDocumentFragmentScannerImpl 168 com/sun/org/apache/xerces/internal/impl/XMLNSDocumentScannerImpl 178 com/sun/org/apache/xerces/internal/utils/XMLSecurityManager 188 com/sun/org/apache/xerces/internal/util/XMLAttributesIteratorImpl 190 com/sun/org/apache/xerces/internal/util/XMLAttributesImpl 218 com/sun/org/apache/xerces/internal/impl/XMLNSDocumentScannerImpl 220 com/sun/org/apache/xerces/internal/impl/XMLDocumentFragmentScannerImpl 255 com/sun/org/apache/xerces/internal/util/NamespaceSupport 295 com/sun/org/apache/xerces/internal/util/XMLAttributesIteratorImpl 297 com/sun/org/apache/xerces/internal/util/XMLAttributesImpl 305 com/sun/org/apache/xerces/internal/util/XMLAttributesIteratorImpl 307 com/sun/org/apache/xerces/internal/util/XMLAttributesImpl 318 com/sun/org/apache/xerces/internal/util/NamespaceSupport 380 com/sun/org/apache/xerces/internal/util/XMLAttributesIteratorImpl 382 com/sun/org/apache/xerces/internal/util/XMLAttributesImpl 463 com/sun/org/apache/xerces/internal/parsers/SAXParser 469 com/sun/org/apache/xerces/internal/impl/XMLDocumentFragmentScannerImpl$ElementStack 492 com/sun/org/apache/xerces/internal/parsers/SAXParser
ciMethodData com/sun/org/apache/xerces/internal/parsers/AbstractSAXParser startElement (Lcom/sun/org/apache/xerces/internal/xni/QName;Lcom/sun/org/apache/xerces/internal/xni/XMLAttributes;Lcom/sun/org/apache/xerces/internal/xni/Augmentations;)V 2 29976 orig 144 152 11 97 118 0 0 0 0 216 237 75 18 0 0 0 0 240 4 0 0 128 3 0 0 0 0 0 0 0 0 0 0 0 0 0 0 0 0 0 0 0 0 0 0 0 0 0 0 0 0 0 0 0 0 0 0 0 0 0 0 0 0 0 0 0 0 0 0 0 0 0 0 0 0 0 0 0 0 0 0 0 0 0 0 0 0 0 0 0 0 0 0 0 0 0 0 0 8 0 0 169 41 1 0 193 104 3 0 0 0 0 0 0 0 0 0 2 0 42 0 3 0 1 0 32 4 0 0 255 255 255 255 0 0 0 0 7 0 4 0 0 0 0 0 data 132 0x40007 0x2535 0x80 0x0 0xc0005 0x0 0x0 0x0 0x0 0x0 0x1b0005 0x0 0x0 0x0 0x0 0x0 0x240007 0x0 0x378 0x2535 0x2b0007 0x0 0x288 0x2535 0x2f0005 0x172 0x127b71f0 0x23c3 0x0 0x0 0x330005 0x0 0x127b6f30 0x172 0x127b7140 0x23c3 0x3e0007 0x0 0x110 0x2535 0x490007 0x2535 0xd8 0x6d17 0x530005 0x0 0x127b6f30 0x6f2 0x127b7140 0x6625 0x620007 0x0 0x40 0x6d17 0x6f0007 0x6d17 0x50 0x0 0x750005 0x0 0x0 0x0 0x0 0x0 0x7d0003 0x6d17 0xffffffffffffff40 0x800003 0x2535 0x110 0x870007 0x0 0xf8 0x0 0x920007 0x0 0xd8 0x0 0x9c0005 0x0 0x0 0x0 0x0 0x0 0xab0007 0x0 0x40 0x0 0xb80007 0x0 0x50 0x0 0xdd0005 0x0 0x0 0x0 0x0 0x0 0xe50003 0x0 0xffffffffffffff40 0xf10007 0x2535 0x38 0x0 0xf80003 0x0 0x18 0x1030007 0x0 0x38 0x2535 0x10a0003 0x2535 0x18 0x1160005 0x172 0x13e97040 0x23c3 0x0 0x0 0x1290005 0x0 0x13b47b90 0x2535 0x0 0x0 0x12e0003 0x2535 0x28 0x1390002 0x0 oops 7 26 com/sun/org/apache/xerces/internal/parsers/SAXParser 32 com/sun/org/apache/xerces/internal/util/XMLAttributesIteratorImpl 34 com/sun/org/apache/xerces/internal/util/XMLAttributesImpl 46 com/sun/org/apache/xerces/internal/util/XMLAttributesIteratorImpl 48 com/sun/org/apache/xerces/internal/util/XMLAttributesImpl 117 com/sun/org/apache/xerces/internal/parsers/AbstractSAXParser$AttributesProxy 123 com/altera/utilities/altNode/AltNodeXML$AltNodeXMLParser
ciMethodData com/sun/org/apache/xerces/internal/impl/XMLDocumentFragmentScannerImpl$ElementStack nextElement ()Lcom/sun/org/apache/xerces/internal/xni/QName; 2 8088 orig 144 152 11 97 118 0 0 0 0 176 120 72 18 0 0 0 0 120 1 0 0 64 0 0 0 0 0 0 0 0 0 0 0 0 0 0 0 0 0 0 0 0 0 0 0 0 0 0 0 0 0 0 0 0 0 0 0 0 0 0 0 0 0 0 0 0 0 0 0 0 0 0 0 0 0 0 0 0 0 0 0 0 0 0 0 0 0 0 0 0 0 0 0 0 0 0 0 0 2 0 0 193 236 0 0 1 0 0 0 0 0 0 0 0 0 0 0 1 0 11 0 3 0 1 0 200 0 0 0 255 255 255 255 0 0 0 0 7 0 7 0 0 0 0 0 data 25 0x70007 0x1d98 0x20 0x0 0x2e0007 0x1d98 0xa8 0x0 0x470002 0x0 0x5a0007 0x0 0x78 0x0 0x660002 0x0 0x690004 0x0 0x0 0x0 0x0 0x0 0x6d0003 0x0 0xffffffffffffffa0 oops 0
ciMethodData com/sun/org/apache/xerces/internal/util/NamespaceSupport pushContext ()V 2 8247 orig 144 152 11 97 118 0 0 0 0 72 69 73 18 0 0 0 0 216 0 0 0 0 0 0 0 0 0 0 0 0 0 0 0 0 0 0 0 0 0 0 0 0 0 0 0 0 0 0 0 0 0 0 0 0 0 0 0 0 0 0 0 0 0 0 0 0 0 0 0 0 0 0 0 0 0 0 0 0 0 0 0 0 0 0 0 0 0 0 0 0 0 0 0 0 0 0 0 0 2 0 0 185 241 0 0 1 0 0 0 0 0 0 0 0 0 0 0 0 0 6 0 3 0 1 0 48 0 0 0 255 255 255 255 0 0 0 0 7 0 11 0 0 0 0 0 data 6 0xb0007 0x1e37 0x30 0x0 0x240002 0x0 oops 0
ciMethodData com/sun/org/apache/xerces/internal/util/XMLAttributesIteratorImpl removeAllAttributes ()V 2 8359 orig 144 152 11 97 118 0 0 0 0 32 228 72 18 0 0 0 0 184 0 0 0 0 0 0 0 0 0 0 0 0 0 0 0 0 0 0 0 0 0 0 0 0 0 0 0 0 0 0 0 0 0 0 0 0 0 0 0 0 0 0 0 0 0 0 0 0 0 0 0 0 0 0 0 0 0 0 0 0 0 0 0 0 0 0 0 0 0 0 0 0 0 0 0 0 0 0 0 0 2 0 0 57 245 0 0 1 0 0 0 0 0 0 0 0 0 0 0 0 0 0 0 0 0 1 0 16 0 0 0 255 255 255 255 0 0 0 0 2 0 1 0 0 0 0 0 data 2 0x10002 0x1ea7 oops 0
ciMethodData com/sun/org/apache/xerces/internal/util/XMLAttributesImpl removeAllAttributes ()V 2 8366 orig 144 152 11 97 118 0 0 0 0 0 8 73 18 0 0 0 0 168 0 0 0 0 0 0 0 0 0 0 0 0 0 0 0 0 0 0 0 0 0 0 0 0 0 0 0 0 0 0 0 0 0 0 0 0 0 0 0 0 0 0 0 0 0 0 0 0 0 0 0 0 0 0 0 0 0 0 0 0 0 0 0 0 0 0 0 0 0 0 0 0 0 0 0 0 0 0 0 0 2 0 0 113 245 0 0 1 0 0 0 0 0 0 0 0 0 0 0 0 0 0 0 0 0 1 0 0 0 0 0 255 255 255 255 0 0 0 0 0 0 0 0 0 0 0 0 data 0 oops 0
ciMethodData com/sun/org/apache/xerces/internal/parsers/AbstractSAXParser startNamespaceMapping ()V 2 10036 orig 144 152 11 97 118 0 0 0 0 216 19 76 18 0 0 0 0 248 1 0 0 48 0 0 0 0 0 0 0 0 0 0 0 0 0 0 0 0 0 0 0 0 0 0 0 0 0 0 0 0 0 0 0 0 0 0 0 0 0 0 0 0 0 0 0 0 0 0 0 0 0 0 0 0 0 0 0 0 0 0 0 0 0 0 0 0 0 0 0 0 0 0 0 0 0 0 0 0 2 0 0 153 41 1 0 1 0 0 0 0 0 0 0 0 0 0 0 1 0 12 0 3 0 1 0 80 1 0 0 255 255 255 255 0 0 0 0 5 0 4 0 0 0 0 0 data 42 0x40005 0x0 0x127b6e80 0x2533 0x0 0x0 0xb0007 0x2533 0x120 0x0 0x180007 0x0 0x100 0x0 0x210005 0x0 0x0 0x0 0x0 0x0 0x2c0005 0x0 0x0 0x0 0x0 0x0 0x380007 0x0 0x38 0x0 0x3d0003 0x0 0x18 0x410005 0x0 0x0 0x0 0x0 0x0 0x490003 0x0 0xffffffffffffff18 oops 1 2 com/sun/org/apache/xerces/internal/util/NamespaceSupport
ciMethodData com/sun/org/apache/xerces/internal/parsers/AbstractSAXParser$AttributesProxy setAttributes (Lcom/sun/org/apache/xerces/internal/xni/XMLAttributes;)V 2 10275 orig 144 152 11 97 118 0 0 0 0 120 25 78 18 0 0 0 0 176 0 0 0 0 0 0 0 0 0 0 0 0 0 0 0 0 0 0 0 0 0 0 0 0 0 0 0 0 0 0 0 0 0 0 0 0 0 0 0 0 0 0 0 0 0 0 0 0 0 0 0 0 0 0 0 0 0 0 0 0 0 0 0 0 0 0 0 0 0 0 0 0 0 0 0 0 0 0 0 0 2 0 0 25 49 1 0 1 0 0 0 0 0 0 0 0 0 0 0 0 0 3 0 3 0 0 0 0 0 0 0 255 255 255 255 0 0 0 0 0 0 0 0 0 0 0 0 data 0 oops 0
ciMethodData com/sun/org/apache/xerces/internal/parsers/AbstractXMLDocumentParser emptyElement (Lcom/sun/org/apache/xerces/internal/xni/QName;Lcom/sun/org/apache/xerces/internal/xni/XMLAttributes;Lcom/sun/org/apache/xerces/internal/xni/Augmentations;)V 2 8603 orig 144 152 11 97 118 0 0 0 0 8 35 76 18 0 0 0 0 32 1 0 0 0 0 0 0 0 0 0 0 0 0 0 0 0 0 0 0 0 0 0 0 0 0 0 0 0 0 0 0 0 0 0 0 0 0 0 0 0 0 0 0 0 0 0 0 0 0 0 0 0 0 0 0 0 0 0 0 0 0 0 0 0 0 0 0 0 0 0 0 0 0 0 0 0 0 0 0 0 2 0 0 217 252 0 0 1 0 0 0 0 0 0 0 0 0 0 0 0 0 3 0 3 0 1 0 96 0 0 0 255 255 255 255 0 0 0 0 5 0 4 0 0 0 0 0 data 12 0x40005 0x0 0x127b71f0 0x1f9b 0x0 0x0 0xa0005 0x0 0x127b71f0 0x1f9b 0x0 0x0 oops 2 2 com/sun/org/apache/xerces/internal/parsers/SAXParser 8 com/sun/org/apache/xerces/internal/parsers/SAXParser
instanceKlass com/altera/sopcmodel/util/DocumentUrl
instanceKlass com/altera/entityinterfaces/elementclassext/IElementClassDocumentationInfo$IDocumentUrl
instanceKlass com/altera/sopclibrary/conan/ConanUtils
instanceKlass com/altera/sopcmodel/util/IElementPresetList
instanceKlass com/altera/sopclibrary/conan/Analyzer$2
instanceKlass com/altera/utilities/AltFileTraverser$PathAndPattern
instanceKlass sun/misc/FormattedFloatingDecimal$2
instanceKlass sun/misc/FDBigInteger
instanceKlass sun/misc/FormattedFloatingDecimal
instanceKlass com/altera/sopclibrary/conan/IpxUtils$CardThawer
instanceKlass com/altera/sopclibrary/conan/IpxUtils
instanceKlass com/altera/entityinterfaces/IConnection
instanceKlass com/altera/entityinterfaces/IConnectionPoint
instanceKlass com/sun/org/apache/xerces/internal/impl/Constants$ArrayEnumeration
instanceKlass com/sun/org/apache/xerces/internal/impl/Constants
instanceKlass com/sun/org/apache/xerces/internal/util/XMLChar
instanceKlass com/sun/org/apache/xerces/internal/parsers/AbstractSAXParser$LocatorProxy
instanceKlass org/xml/sax/ext/Locator2
instanceKlass org/xml/sax/Locator
instanceKlass com/sun/org/apache/xerces/internal/util/XMLSymbols
instanceKlass com/sun/org/apache/xerces/internal/utils/XMLLimitAnalyzer
instanceKlass com/sun/xml/internal/stream/Entity
instanceKlass com/sun/xml/internal/stream/util/BufferAllocator
instanceKlass com/sun/xml/internal/stream/util/ThreadLocalBufferAllocator
instanceKlass com/sun/org/apache/xerces/internal/xni/parser/XMLInputSource
instanceKlass org/xml/sax/InputSource
instanceKlass com/altera/utilities/altNode/AltNodeXML$AltNodeXMLParser$1
instanceKlass com/sun/org/apache/xerces/internal/parsers/AbstractSAXParser$AttributesProxy
instanceKlass org/xml/sax/ext/Attributes2
instanceKlass org/xml/sax/Attributes
instanceKlass org/xml/sax/AttributeList
instanceKlass com/sun/org/apache/xerces/internal/impl/dtd/DTDGrammarBucket
instanceKlass com/sun/org/apache/xerces/internal/impl/dtd/XMLAttributeDecl
instanceKlass com/sun/org/apache/xerces/internal/impl/dtd/XMLSimpleType
instanceKlass com/sun/org/apache/xerces/internal/impl/dtd/XMLElementDecl
instanceKlass com/sun/org/apache/xerces/internal/impl/validation/ValidationState
instanceKlass com/sun/org/apache/xerces/internal/impl/dv/ValidationContext
instanceKlass com/sun/org/apache/xerces/internal/impl/dtd/XMLDTDValidator
instanceKlass com/sun/org/apache/xerces/internal/impl/RevalidationHandler
instanceKlass com/sun/org/apache/xerces/internal/impl/dtd/XMLDTDValidatorFilter
instanceKlass com/sun/org/apache/xerces/internal/xni/parser/XMLDocumentFilter
instanceKlass com/sun/org/apache/xerces/internal/impl/dtd/XMLEntityDecl
instanceKlass com/sun/org/apache/xerces/internal/impl/dtd/XMLDTDProcessor
instanceKlass com/sun/org/apache/xerces/internal/xni/parser/XMLDTDContentModelFilter
instanceKlass com/sun/org/apache/xerces/internal/xni/parser/XMLDTDFilter
instanceKlass com/sun/org/apache/xerces/internal/parsers/XML11Configurable
instanceKlass com/sun/org/apache/xerces/internal/parsers/XMLParser
instanceKlass org/xml/sax/XMLReader
instanceKlass org/xml/sax/Parser
instanceKlass com/sun/org/apache/xerces/internal/xs/PSVIProvider
instanceKlass org/xml/sax/helpers/NewInstance
instanceKlass org/xml/sax/helpers/SecuritySupport$4
instanceKlass org/xml/sax/helpers/SecuritySupport$2
instanceKlass org/xml/sax/helpers/SecuritySupport$1
instanceKlass org/xml/sax/helpers/SecuritySupport
instanceKlass org/xml/sax/helpers/XMLReaderFactory
instanceKlass org/xml/sax/helpers/DefaultHandler
instanceKlass org/xml/sax/ContentHandler
instanceKlass org/xml/sax/DTDHandler
instanceKlass org/xml/sax/ext/EntityResolver2
instanceKlass org/xml/sax/EntityResolver
instanceKlass org/xml/sax/ext/DeclHandler
instanceKlass org/xml/sax/ext/LexicalHandler
instanceKlass com/altera/utilities/altNode/AltNode$Builder
instanceKlass com/altera/utilities/altNode/AltNode
instanceKlass com/sun/org/apache/xerces/internal/utils/XMLSecurityPropertyManager
instanceKlass com/sun/org/apache/xerces/internal/utils/SecuritySupport$8
instanceKlass com/sun/org/apache/xerces/internal/utils/XMLSecurityManager
instanceKlass com/sun/org/apache/xerces/internal/jaxp/validation/XMLSchemaFactory$XMLGrammarPoolWrapper
instanceKlass com/sun/org/apache/xerces/internal/xni/grammars/XMLGrammarPool
instanceKlass com/sun/org/apache/xerces/internal/util/DOMEntityResolverWrapper
instanceKlass com/sun/org/apache/xerces/internal/jaxp/validation/DraconianErrorHandler
instanceKlass com/sun/org/apache/xerces/internal/util/ErrorHandlerWrapper
instanceKlass com/sun/org/apache/xerces/internal/impl/xs/opti/SchemaDOMParser$BooleanStack
instanceKlass com/sun/org/apache/xerces/internal/impl/msg/XMLMessageFormatter
instanceKlass com/sun/org/apache/xerces/internal/impl/XMLVersionDetector
instanceKlass com/sun/org/apache/xerces/internal/impl/validation/ValidationManager
instanceKlass com/sun/org/apache/xerces/internal/impl/dv/dtd/NMTOKENDatatypeValidator
instanceKlass com/sun/org/apache/xerces/internal/impl/dv/dtd/NOTATIONDatatypeValidator
instanceKlass com/sun/org/apache/xerces/internal/impl/dv/dtd/ENTITYDatatypeValidator
instanceKlass com/sun/org/apache/xerces/internal/impl/dv/dtd/ListDatatypeValidator
instanceKlass com/sun/org/apache/xerces/internal/impl/dv/dtd/IDREFDatatypeValidator
instanceKlass com/sun/org/apache/xerces/internal/impl/dv/dtd/IDDatatypeValidator
instanceKlass com/sun/org/apache/xerces/internal/impl/dv/dtd/StringDatatypeValidator
instanceKlass com/sun/org/apache/xerces/internal/impl/dv/DatatypeValidator
instanceKlass com/sun/org/apache/xerces/internal/utils/SecuritySupport$3
instanceKlass com/sun/org/apache/xerces/internal/utils/SecuritySupport$2
instanceKlass com/sun/org/apache/xerces/internal/utils/SecuritySupport$1
instanceKlass com/sun/org/apache/xerces/internal/utils/SecuritySupport$4
instanceKlass com/sun/org/apache/xerces/internal/utils/SecuritySupport
instanceKlass com/sun/org/apache/xerces/internal/utils/ObjectFactory
instanceKlass com/sun/org/apache/xerces/internal/impl/dv/DTDDVFactory
instanceKlass com/sun/org/apache/xerces/internal/xni/parser/XMLDTDScanner
instanceKlass com/sun/org/apache/xerces/internal/xni/parser/XMLDTDContentModelSource
instanceKlass com/sun/org/apache/xerces/internal/xni/parser/XMLDTDSource
instanceKlass com/sun/org/apache/xerces/internal/xni/grammars/XMLDTDDescription
instanceKlass com/sun/org/apache/xerces/internal/impl/XMLDocumentScannerImpl$TrailingMiscDriver
instanceKlass com/sun/org/apache/xerces/internal/impl/XMLDocumentScannerImpl$PrologDriver
instanceKlass com/sun/org/apache/xerces/internal/impl/XMLDocumentScannerImpl$XMLDeclDriver
instanceKlass com/sun/org/apache/xerces/internal/util/NamespaceSupport
instanceKlass com/sun/org/apache/xerces/internal/xni/NamespaceContext
instanceKlass com/sun/org/apache/xerces/internal/util/XMLAttributesImpl$Attribute
instanceKlass com/sun/org/apache/xerces/internal/util/XMLAttributesImpl
instanceKlass com/sun/org/apache/xerces/internal/xni/XMLAttributes
instanceKlass com/sun/org/apache/xerces/internal/impl/XMLDocumentFragmentScannerImpl$FragmentContentDriver
instanceKlass com/sun/org/apache/xerces/internal/impl/XMLDocumentFragmentScannerImpl$Driver
instanceKlass com/sun/org/apache/xerces/internal/impl/XMLDocumentFragmentScannerImpl$ElementStack2
instanceKlass com/sun/org/apache/xerces/internal/xni/QName
instanceKlass com/sun/org/apache/xerces/internal/impl/XMLDocumentFragmentScannerImpl$ElementStack
instanceKlass com/sun/org/apache/xerces/internal/xni/XMLString
instanceKlass com/sun/org/apache/xerces/internal/impl/XMLScanner
instanceKlass com/sun/xml/internal/stream/XMLBufferListener
instanceKlass com/sun/org/apache/xerces/internal/impl/XMLEntityHandler
instanceKlass com/sun/org/apache/xerces/internal/xni/parser/XMLDocumentScanner
instanceKlass com/sun/org/apache/xerces/internal/xni/parser/XMLDocumentSource
instanceKlass com/sun/org/apache/xerces/internal/xni/parser/XMLPullParserConfiguration
instanceKlass com/sun/org/apache/xerces/internal/xni/parser/XMLParserConfiguration
instanceKlass com/sun/org/apache/xerces/internal/impl/xs/opti/DefaultXMLDocumentHandler
instanceKlass com/sun/org/apache/xerces/internal/xni/XMLDTDContentModelHandler
instanceKlass com/sun/org/apache/xerces/internal/xni/XMLDTDHandler
instanceKlass com/sun/org/apache/xerces/internal/xni/XMLDocumentHandler
instanceKlass com/sun/org/apache/xerces/internal/impl/xs/util/SimpleLocator
instanceKlass com/sun/org/apache/xerces/internal/util/SymbolHash$Entry
instanceKlass com/sun/org/apache/xerces/internal/util/SymbolHash
instanceKlass com/sun/org/apache/xerces/internal/impl/xs/traversers/XSDocumentInfo
instanceKlass com/sun/org/apache/xerces/internal/impl/xs/XSParticleDecl
instanceKlass com/sun/org/apache/xerces/internal/xs/XSParticle
instanceKlass com/sun/org/apache/xerces/internal/impl/xs/traversers/XSDHandler
instanceKlass com/sun/org/apache/xerces/internal/impl/xs/models/XSEmptyCM
instanceKlass com/sun/org/apache/xerces/internal/impl/xs/models/XSCMValidator
instanceKlass com/sun/org/apache/xerces/internal/impl/xs/models/CMBuilder
instanceKlass com/sun/org/apache/xerces/internal/impl/xs/SubstitutionGroupHandler$OneSubGroup
instanceKlass com/sun/org/apache/xerces/internal/impl/xs/XSElementDecl
instanceKlass com/sun/org/apache/xerces/internal/xs/XSElementDeclaration
instanceKlass com/sun/org/apache/xerces/internal/xs/XSTerm
instanceKlass com/sun/org/apache/xerces/internal/xs/XSObject
instanceKlass com/sun/org/apache/xerces/internal/impl/xs/SubstitutionGroupHandler
instanceKlass com/sun/org/apache/xerces/internal/impl/xs/XSGrammarBucket
instanceKlass com/sun/org/apache/xerces/internal/util/FeatureState
instanceKlass com/sun/org/apache/xerces/internal/impl/xs/XSMessageFormatter
instanceKlass com/sun/org/apache/xerces/internal/util/MessageFormatter
instanceKlass com/sun/org/apache/xerces/internal/util/DefaultErrorHandler
instanceKlass com/sun/org/apache/xerces/internal/xni/parser/XMLErrorHandler
instanceKlass com/sun/org/apache/xerces/internal/util/PropertyState
instanceKlass com/sun/org/apache/xerces/internal/xni/grammars/XMLSchemaDescription
instanceKlass com/sun/org/apache/xerces/internal/xni/grammars/XMLGrammarDescription
instanceKlass com/sun/org/apache/xerces/internal/impl/xs/models/CMNodeFactory
instanceKlass com/sun/org/apache/xerces/internal/impl/XMLErrorReporter
instanceKlass com/sun/org/apache/xerces/internal/util/ParserConfigurationSettings
instanceKlass com/sun/org/apache/xerces/internal/xni/parser/XMLComponentManager
instanceKlass com/sun/org/apache/xerces/internal/impl/XMLEntityScanner
instanceKlass com/sun/org/apache/xerces/internal/xni/XMLLocator
instanceKlass com/sun/xml/internal/stream/XMLEntityStorage
instanceKlass com/sun/org/apache/xerces/internal/impl/XMLEntityManager$CharacterBuffer
instanceKlass com/sun/org/apache/xerces/internal/impl/XMLEntityManager$CharacterBufferPool
instanceKlass com/sun/org/apache/xerces/internal/util/AugmentationsImpl$AugmentationsItemsContainer
instanceKlass com/sun/org/apache/xerces/internal/util/AugmentationsImpl
instanceKlass com/sun/org/apache/xerces/internal/xni/Augmentations
instanceKlass com/sun/org/apache/xerces/internal/util/XMLResourceIdentifierImpl
instanceKlass com/sun/org/apache/xerces/internal/xni/XMLResourceIdentifier
instanceKlass com/sun/org/apache/xerces/internal/impl/XMLEntityManager
instanceKlass com/sun/org/apache/xerces/internal/xni/parser/XMLEntityResolver
instanceKlass com/sun/org/apache/xerces/internal/util/SymbolTable$Entry
instanceKlass com/sun/org/apache/xerces/internal/util/SymbolTable
instanceKlass com/sun/org/apache/xerces/internal/impl/xs/XMLSchemaLoader
instanceKlass org/w3c/dom/DOMConfiguration
instanceKlass com/sun/org/apache/xerces/internal/xs/XSLoader
instanceKlass com/sun/org/apache/xerces/internal/xni/parser/XMLComponent
instanceKlass com/sun/org/apache/xerces/internal/xni/grammars/XMLGrammarLoader
instanceKlass javax/xml/validation/SecuritySupport$5
instanceKlass javax/xml/validation/SchemaFactoryFinder$2
instanceKlass javax/xml/validation/SecuritySupport$8
instanceKlass javax/xml/validation/SecuritySupport$2
instanceKlass javax/xml/validation/SchemaFactoryFinder
instanceKlass javax/xml/validation/SecuritySupport$1
instanceKlass javax/xml/validation/SecuritySupport
instanceKlass javax/xml/validation/SchemaFactory
instanceKlass com/altera/utilities/altNode/AltNodeXML$1
instanceKlass com/altera/utilities/altNode/AltNodeXML
instanceKlass com/altera/sopclibrary/conan/Analyzer$1
instanceKlass org/apache/commons/lang3/mutable/Mutable
instanceKlass com/altera/sopclibrary/conan/Conan$1
instanceKlass com/altera/sopcmodel/util/Message
instanceKlass com/altera/sopcmodel/util/MessageUtils
instanceKlass com/altera/ui/quartus/quickini/QuickIni
instanceKlass com/altera/ui/quartus/Quartus2IniUtils
instanceKlass com/altera/qsys/blackboxmodule/definitions/GenerationInfoDefinition
instanceKlass com/altera/entityinterfaces/IGetType
instanceKlass com/altera/sopcmodel/util/ParameterDescriptor
instanceKlass com/altera/sopcmodel/extensions/IParameterAffectsElaboration
instanceKlass com/altera/sopcmodel/extensions/IParameterAffectsValidation
instanceKlass com/altera/sopcmodel/extensions/IParameterGroups2$IDisplayItemState
instanceKlass com/altera/entityinterfaces/parameterext/IParameterNewInstanceValue
instanceKlass com/altera/entityinterfaces/parameterext/IParameterRequestSystemInfo
instanceKlass com/altera/sopcmodel/extensions/IDisplayHints
instanceKlass com/altera/entityinterfaces/parameterext/IParameterHDLPresence
instanceKlass com/altera/sopcmodel/extensions/IParameterDescriptorExtExposure
instanceKlass com/altera/entityinterfaces/parameterext/IParameterHDLWidth
instanceKlass com/altera/entityinterfaces/parameterext/IParameterHDLType
instanceKlass com/altera/sopcmodel/extensions/IDisplayUnits
instanceKlass com/altera/sopcmodel/extensions/ILongDescription
instanceKlass com/altera/sopcmodel/extensions/IDisplayDetails
instanceKlass com/altera/sopcmodel/definition/BoundaryDefinition
instanceKlass com/altera/sopcmodel/util/ISerializableObject
instanceKlass com/google/common/collect/Lists
instanceKlass com/altera/sopcmodel/beanelement/BeanElementClass$AssignmentsExtension
instanceKlass com/altera/sopcmodel/extensions/IElementExtAssignments
instanceKlass com/altera/entityinterfaces/IParameterDescriptor
instanceKlass com/altera/entityinterfaces/IParameterStatics
instanceKlass com/altera/qsys/blackboxmodule/definitions/IBlackboxModule
instanceKlass com/altera/sopcmodel/definition/IDynamicModule
instanceKlass com/altera/sopcmodel/module/ModuleBase
instanceKlass com/altera/entityinterfaces/moduleext/IGetParameterDescriptor
instanceKlass com/altera/sopcmodel/module/ModuleBaseClass
instanceKlass com/altera/sopcmodel/extensions/ISupportedDeviceFamilyExt
instanceKlass com/google/common/base/Joiner$MapJoiner
instanceKlass com/google/common/base/Joiner
instanceKlass com/google/common/collect/Collections2
instanceKlass com/google/common/collect/Maps$EntryTransformer
instanceKlass com/google/common/collect/BiMap
instanceKlass com/google/common/collect/ImmutableMap
instanceKlass com/google/common/base/Function
instanceKlass com/google/common/collect/UnmodifiableIterator
instanceKlass com/google/common/collect/SortedMapDifference
instanceKlass com/google/common/collect/MapDifference
instanceKlass com/google/common/collect/Maps
instanceKlass com/altera/sopclibrary/conan/Catalog$CardInfo
instanceKlass com/altera/entityinterfaces/IModule
instanceKlass com/altera/sopcdocument/variations/LiveVariationElementClassFactory
instanceKlass com/altera/sopcmodel/util/CatalogCard
instanceKlass com/altera/sopclibrary/conan/Conan$PathInfo
instanceKlass com/altera/sopcfactories/librarian/LibrarianUtils$1
instanceKlass java/beans/PropertyChangeListener
instanceKlass java/util/EventListener
instanceKlass com/altera/embeddedsw/utilities/log/model/LoggingModelUtils
instanceKlass com/altera/tcl/interpreter/SimpleTCLInterpreter$CommandProfileCommand
instanceKlass com/altera/tcl/interpreter/TafTclInterpreter$TafCommandProfile$1
instanceKlass com/altera/tcl/interpreter/ISimpleTclCommand$IArgumentDescriptor
instanceKlass com/altera/tcl/interpreter/TafTclInterpreter$TafCommandProfile
instanceKlass com/altera/embeddedsw/bsp/elements/IBaseSoftwareElement
instanceKlass com/altera/sopcmodel/extensions/IParameterGroups
instanceKlass com/altera/embeddedsw/bsp/elements/ISoftwareAssignments
instanceKlass com/altera/entityinterfaces/IElement
instanceKlass com/altera/embeddedsw/bsp/elements/tcl/EmbeddedSwManipulators
instanceKlass tcl/lang/StringCmd
instanceKlass tcl/lang/Procedure
instanceKlass tcl/lang/ProcCmd
instanceKlass tcl/lang/CatchCmd
instanceKlass tcl/lang/TclInteger
instanceKlass tcl/lang/FindElemResult
instanceKlass tcl/lang/LsearchCmd
instanceKlass tcl/lang/StrtoulResult
instanceKlass tcl/lang/TclBoolean
instanceKlass tcl/lang/PackageCmd$VersionSatisfiesResult
instanceKlass tcl/lang/ExprValue
instanceKlass tcl/lang/StrtodResult
instanceKlass sun/misc/FloatingDecimal$PreparedASCIIToBinaryBuffer
instanceKlass sun/misc/FloatingDecimal$ASCIIToBinaryConverter
instanceKlass sun/misc/FloatingDecimal$BinaryToASCIIBuffer
instanceKlass sun/misc/FloatingDecimal$ExceptionalBinaryToASCIIBuffer
instanceKlass sun/misc/FloatingDecimal$BinaryToASCIIConverter
instanceKlass sun/misc/FloatingDecimal
instanceKlass tcl/lang/ParseResult
instanceKlass tcl/lang/TclList
instanceKlass tcl/lang/InfoCmd
instanceKlass tcl/lang/ParseAdaptor
instanceKlass tcl/lang/IfCmd
instanceKlass tcl/lang/BackSlashResult
instanceKlass tcl/lang/SetCmd
instanceKlass tcl/lang/ChannelBuffer
instanceKlass tcl/lang/TclInputStream$IntPtr
instanceKlass tcl/lang/TclInputStream
instanceKlass tcl/lang/Env
instanceKlass tcl/lang/PackageCmd$PkgAvail
instanceKlass tcl/lang/PackageCmd$Package
instanceKlass tcl/lang/TclIndex
instanceKlass tcl/lang/PackageCmd
instanceKlass tcl/lang/CharPointer
instanceKlass tcl/lang/CommandWithDispose
instanceKlass tcl/lang/RegsubCmd
instanceKlass tcl/lang/RegexpCmd
instanceKlass tcl/lang/WrappedCommand
instanceKlass tcl/lang/AutoloadStub
instanceKlass tcl/lang/Extension
instanceKlass tcl/lang/TraceRecord
instanceKlass tcl/lang/Var
instanceKlass tcl/lang/PrecTraceProc
instanceKlass tcl/lang/EncodingCmd
instanceKlass tcl/lang/TclIO
instanceKlass tcl/lang/TclToken
instanceKlass tcl/lang/TclParse
instanceKlass tcl/lang/Parser
instanceKlass tcl/lang/DebugInfo
instanceKlass tcl/lang/Notifier
instanceKlass tcl/lang/EventDeleter
instanceKlass tcl/lang/VarTrace
instanceKlass tcl/lang/Util
instanceKlass tcl/lang/NamespaceCmd$Namespace
instanceKlass tcl/lang/NamespaceCmd
instanceKlass tcl/lang/MathFunction
instanceKlass tcl/lang/Expression
instanceKlass tcl/lang/CObject
instanceKlass tcl/lang/TclString
instanceKlass tcl/lang/InternalRep
instanceKlass tcl/lang/AssocData
instanceKlass com/altera/tcl/interpreter/taf/TafOption
instanceKlass com/altera/tcl/interpreter/taf/TafCommand
instanceKlass com/altera/tcl/interpreter/taf/TafMessage
instanceKlass com/altera/tcl/interpreter/taf/TafPackage
instanceKlass com/altera/tcl/interpreter/taf/TafDocument
instanceKlass com/altera/tcl/interpreter/taf/TafReader
instanceKlass com/altera/utilities/TclUtilities$ITclObject
instanceKlass tcl/lang/TclObject
instanceKlass com/altera/tcl/interpreter/ISimpleTclCommand
instanceKlass tcl/lang/TclEvent
instanceKlass tcl/lang/Command
instanceKlass tcl/lang/Channel
instanceKlass tcl/lang/EventuallyFreed
instanceKlass java/util/EnumMap$1
instanceKlass com/altera/sopcmodel/util/CatalogCard$IObjectGetter
instanceKlass org/apache/commons/lang3/ArrayUtils
instanceKlass com/altera/sopcmodel/util/Version
instanceKlass com/altera/tcl/interpreter/SimpleTCLInterpreter
instanceKlass com/altera/tcl/interpreter/ITclInterpreter
instanceKlass com/altera/embeddedsw/bsp/elements/tcl/EmbeddedSwTclDriverFactory
instanceKlass com/altera/sopcfactories/IPXactBlackBoxFactory
instanceKlass com/altera/sopcfactories/QsysFactory
instanceKlass com/altera/sopcmodel/extensions/ICatalogCardFactoryDefaults
instanceKlass com/altera/sopcmodel/presets/PresetFactory
instanceKlass com/altera/sopcfactories/BeanElementFactory
instanceKlass com/altera/sopcmodel/components/tclmodule/TclModuleFactory
instanceKlass com/altera/sopcmodel/extensions/IElementClassFactory
instanceKlass com/altera/sopcmodel/extensions/ICatalogCardFactory2
instanceKlass java/util/Vector$Itr
instanceKlass com/altera/etc/genericentity/ExtensibleImpl
instanceKlass com/altera/etc/genericentity/Mutable/IMutableExtensible
instanceKlass com/altera/etc/genericentity/Mutable/IMutableCatalogCard
instanceKlass com/altera/dspbuilder/app/factory/DSPBuilderFactory
instanceKlass com/altera/etc/genericentity/generators/EntityVelocityParser
instanceKlass com/altera/entityinterface/moduleext/IModuleVhdlIncludes
instanceKlass com/altera/etc/genericentity/generators/EntityHDLParser
instanceKlass com/altera/etc/genericentity/generators/EntityJavaGeneratorParser
instanceKlass com/altera/etc/genericentity/generators/EntityNativeParser
instanceKlass com/altera/etc/genericentity/xml/IEntityParserURLAware
instanceKlass com/altera/etc/genericentity/generators/IGeneratorParser
instanceKlass com/altera/etc/genericentity/xml/EntityExtensionParser
instanceKlass com/altera/etc/genericentity/xml/EntityElementClassCoreInfoParser
instanceKlass com/altera/etc/genericentity/xml/EntityElementClassDocumentationInfoParser
instanceKlass com/altera/etc/genericentity/xml/EntityMegaWizardGuiParser
instanceKlass org/w3c/dom/Element
instanceKlass com/altera/etc/genericentity/xml/EntityCatalogInfoParser
instanceKlass com/altera/etc/genericentity/xml/EntityParameterTypeParser
instanceKlass com/altera/etc/genericentity/xml/EntityValidatorParser
instanceKlass com/altera/etc/genericentity/xml/EntityConstraintParser
instanceKlass com/altera/etc/genericentity/xml/EntityInterfaceParser
instanceKlass com/altera/etc/genericentity/xml/IEntityExtension
instanceKlass com/altera/etc/genericentity/xml/EntityParameterParser
instanceKlass org/xml/sax/ErrorHandler
instanceKlass javax/xml/transform/Source
instanceKlass org/w3c/dom/Node
instanceKlass com/altera/etc/genericentity/xml/EntityXMLParser
instanceKlass com/altera/etc/genericentity/GenericBlockFactory
instanceKlass com/altera/etc/genericentity/xml/IEntityParser
instanceKlass com/altera/etc/genericentity/Mutable/IMutableElementClass
instanceKlass com/altera/etc/genericentity/Mutable/IMutableCatalogCard
instanceKlass com/altera/etc/genericentity/Mutable/IMutableExtensible
instanceKlass com/altera/entityinterfaces/IElementClass
instanceKlass com/altera/etc/genericentity/Mutable/IMutableMessage
instanceKlass com/altera/dspbuilder/blockgen/ImportFactory
instanceKlass com/altera/sopclibrary/conan/Analyzer$FactoryInfo
instanceKlass com/altera/etc/extfactory/FactoryExternal
instanceKlass com/altera/sopclibrary/conan/legacyjarfactory/ClassLoaderUtils$URLFollower
instanceKlass java/util/zip/ZipFile$ZipEntryIterator
instanceKlass java/util/jar/JarFile$JarEntryIterator
instanceKlass java/util/Collections$1
instanceKlass com/altera/sopclibrary/conan/legacyjarfactory/ClassLoaderUtils
instanceKlass com/altera/utilities/AltFileTraverser$1
instanceKlass com/altera/utilities/AltFileTraverser
instanceKlass com/altera/sopcmodel/util/MessageLogger
instanceKlass org/apache/commons/lang3/CharSequenceUtils
instanceKlass com/altera/sopclibrary/conan/legacyjarfactory/JarFactory
instanceKlass com/google/common/collect/ListMultimap
instanceKlass com/altera/sopcmodel/ipupgrade/OutdatedIpInquisitor
instanceKlass com/google/common/collect/Sets
instanceKlass com/altera/sopcmodel/ipupgrade/OutdatedIpInfo
instanceKlass com/altera/sopcmodel/util/IExternalEnsembleValidator
instanceKlass com/altera/sopcmodel/util/IOutdatedIpInfo
instanceKlass com/google/common/collect/ForwardingObject
instanceKlass com/google/common/collect/HashBasedTable$Factory
instanceKlass com/google/common/base/Supplier
instanceKlass com/google/common/collect/AbstractTable
instanceKlass com/altera/sopcmodel/util/IIpInfo
instanceKlass com/google/common/collect/Table
instanceKlass com/altera/sopclibrary/conan/IpMigrationMapper
instanceKlass com/altera/sopclibrary/conan/Conan$ConanPublicLibrarian
instanceKlass com/altera/sopclibrary/conan/Catalog$outercatalogListener
instanceKlass java/util/NavigableSet
instanceKlass com/google/common/collect/SortedSetMultimap
instanceKlass com/google/common/base/Preconditions
instanceKlass java/util/SortedSet
instanceKlass com/google/common/collect/Multiset
instanceKlass com/google/common/collect/AbstractMultimap
instanceKlass com/altera/sopclibrary/conan/Catalog$2
instanceKlass com/altera/sopclibrary/conan/Catalog$1
instanceKlass com/altera/librarianinterfaces/ICatalogListener
instanceKlass com/altera/librarianinterfaces/IVersion
instanceKlass com/altera/sopcmodel/extensions/ICatalogCard2
instanceKlass com/google/common/base/Predicate
instanceKlass com/google/common/collect/SetMultimap
instanceKlass com/google/common/collect/Multimap
instanceKlass com/altera/sopclibrary/conan/Catalog
instanceKlass com/altera/utilities/AltFileTraverser$ITraverserGatherer
instanceKlass com/altera/entityinterfaces/message/IMessage
instanceKlass com/altera/sopclibrary/conan/IpxUtils$IIpxFileFixer
instanceKlass com/altera/sopclibrary/conan/Analyzer
instanceKlass com/altera/librarianinterfaces/ICatalogCardProvider$Adder
instanceKlass com/altera/sopclibrary/conan/Analyzer$IAnalyzerResults
instanceKlass org/apache/commons/lang3/StringUtils
instanceKlass com/altera/sopcdocument/variations/IEditableElementClassFactory
instanceKlass com/altera/librarianinterfaces/ICatalogCardFactory
instanceKlass com/altera/entityinterfaces/message/IMessageLogger
instanceKlass com/altera/sopcfactories/librarian/LibrarianUtils
instanceKlass java/text/DontCareFieldPosition$1
instanceKlass java/text/Format$FieldDelegate
instanceKlass java/text/DigitList
instanceKlass java/text/FieldPosition
instanceKlass java/text/DateFormatSymbols
instanceKlass sun/util/locale/provider/CalendarDataUtility$CalendarWeekParameterGetter
instanceKlass sun/util/locale/provider/CalendarDataUtility
instanceKlass java/util/Calendar$Builder
instanceKlass java/util/Calendar
instanceKlass java/text/AttributedCharacterIterator$Attribute
instanceKlass java/util/logging/LogRecord
instanceKlass java/util/Formattable
instanceKlass java/util/Formatter$Conversion
instanceKlass java/util/Formatter$Flags
instanceKlass java/util/Formatter$FormatSpecifier
instanceKlass java/util/Formatter$FixedString
instanceKlass java/util/Formatter$FormatString
instanceKlass java/util/Currency$CurrencyNameGetter
instanceKlass sun/util/locale/provider/LocaleServiceProviderPool$LocalizedObjectGetter
instanceKlass sun/util/locale/provider/SPILocaleProviderAdapter$1
instanceKlass sun/util/locale/provider/LocaleServiceProviderPool
instanceKlass java/util/Currency$1
instanceKlass java/util/Currency
instanceKlass java/util/concurrent/atomic/AtomicMarkableReference$Pair
instanceKlass java/util/concurrent/atomic/AtomicMarkableReference
instanceKlass java/util/ResourceBundle$RBClassLoader$1
instanceKlass sun/util/resources/LocaleData$1
instanceKlass sun/util/resources/LocaleData
instanceKlass sun/util/locale/provider/LocaleResources
instanceKlass java/util/Collections$EmptyIterator
instanceKlass sun/util/locale/LanguageTag
instanceKlass sun/util/locale/provider/JRELocaleProviderAdapter$1
instanceKlass sun/util/locale/provider/LocaleDataMetaInfo
instanceKlass sun/util/locale/provider/AvailableLanguageTags
instanceKlass sun/util/locale/provider/LocaleProviderAdapter$1
instanceKlass java/util/Collections$UnmodifiableCollection$1
instanceKlass sun/util/locale/provider/ResourceBundleBasedAdapter
instanceKlass sun/util/locale/provider/LocaleProviderAdapter
instanceKlass java/util/spi/LocaleServiceProvider
instanceKlass java/text/DecimalFormatSymbols
instanceKlass java/util/Locale$1
instanceKlass java/util/Formatter
instanceKlass com/altera/utilities/StringResource
instanceKlass com/altera/utilities/AltUtilities
instanceKlass com/altera/utilities/AltCmdLineToolBase$Pair
instanceKlass com/altera/utilities/AltCmdLineToolBase$IValueEnum
instanceKlass com/altera/utilities/AltArgs$SwitchDescription
instanceKlass com/altera/utilities/Utilities
instanceKlass java/lang/Class$4
instanceKlass sun/net/www/protocol/jar/JarFileFactory
instanceKlass sun/net/www/protocol/jar/URLJarFile$URLJarFileCloseController
instanceKlass java/net/URLClassLoader$2
instanceKlass java/util/ResourceBundle$Control$1
instanceKlass java/util/LinkedList$Node
instanceKlass java/util/ResourceBundle$CacheKeyReference
instanceKlass java/util/ResourceBundle$CacheKey
instanceKlass java/util/ResourceBundle$Control
instanceKlass java/net/URLClassLoader$3$1
instanceKlass sun/misc/CompoundEnumeration
instanceKlass java/net/URLClassLoader$3
instanceKlass sun/misc/URLClassPath$1
instanceKlass java/lang/ClassLoader$2
instanceKlass sun/misc/URLClassPath$2
instanceKlass sun/misc/Launcher$BootClassPathHolder$1
instanceKlass sun/misc/Launcher$BootClassPathHolder
instanceKlass java/util/ServiceLoader$1
instanceKlass java/util/ServiceLoader$LazyIterator
instanceKlass java/util/ServiceLoader
instanceKlass java/util/spi/ResourceBundleControlProvider
instanceKlass java/util/ResourceBundle
instanceKlass java/util/logging/ErrorManager
instanceKlass java/util/logging/LogManager$5
instanceKlass sun/reflect/UnsafeFieldAccessorFactory
instanceKlass java/util/logging/LoggingProxyImpl
instanceKlass sun/util/logging/LoggingProxy
instanceKlass sun/util/logging/LoggingSupport$1
instanceKlass sun/util/logging/LoggingSupport
instanceKlass sun/util/logging/PlatformLogger$LoggerProxy
instanceKlass sun/util/logging/PlatformLogger$1
instanceKlass sun/util/logging/PlatformLogger
instanceKlass java/util/Properties$LineReader
instanceKlass java/util/logging/LogManager$LoggerContext$1
instanceKlass java/util/logging/LogManager$3
instanceKlass java/util/logging/LogManager$2
instanceKlass java/lang/Shutdown$Lock
instanceKlass java/lang/Shutdown
instanceKlass java/lang/ApplicationShutdownHooks$1
instanceKlass java/lang/ApplicationShutdownHooks
instanceKlass java/util/logging/LogManager$LogNode
instanceKlass java/util/logging/LogManager$LoggerContext
instanceKlass java/util/logging/LogManager$1
instanceKlass java/util/logging/LogManager
instanceKlass java/util/concurrent/locks/AbstractQueuedSynchronizer$Node
instanceKlass java/util/concurrent/locks/AbstractOwnableSynchronizer
instanceKlass java/util/concurrent/CopyOnWriteArrayList
instanceKlass java/util/logging/Logger$LoggerBundle
instanceKlass java/util/logging/Logger
instanceKlass java/util/logging/Level$KnownLevel
instanceKlass java/util/logging/Level
instanceKlass com/altera/infrastructure/common/QuartusPrime
instanceKlass java/text/Format
instanceKlass com/altera/utilities/AltString
instanceKlass java/util/ArrayList$SubList$1
instanceKlass java/util/ListIterator
instanceKlass com/altera/utilities/AltConsole
instanceKlass java/util/ArrayList$Itr
instanceKlass com/altera/utilities/AltArgs$AnArg
instanceKlass java/util/regex/Matcher
instanceKlass java/util/regex/MatchResult
instanceKlass com/altera/utilities/AltArgs
instanceKlass sun/nio/fs/AbstractPath
instanceKlass java/net/URI$Parser
instanceKlass java/net/URI
instanceKlass sun/nio/fs/Util
instanceKlass sun/nio/fs/WindowsPathParser$Result
instanceKlass sun/nio/fs/WindowsPathParser
instanceKlass java/util/AbstractList$Itr
instanceKlass java/nio/file/FileSystem
instanceKlass java/nio/file/spi/FileSystemProvider
instanceKlass sun/nio/fs/DefaultFileSystemProvider
instanceKlass java/nio/file/FileSystems$DefaultFileSystemHolder$1
instanceKlass java/nio/file/FileSystems$DefaultFileSystemHolder
instanceKlass java/nio/file/FileSystems
instanceKlass com/altera/utilities/QuartusPlatform
instanceKlass com/altera/infrastructure/common/QsysExeWrapper
instanceKlass java/util/TreeMap$Entry
instanceKlass java/lang/ProcessEnvironment$CheckedEntry
instanceKlass java/util/HashMap$HashIterator
instanceKlass java/lang/ProcessEnvironment$CheckedEntrySet$1
instanceKlass java/util/NavigableMap
instanceKlass java/util/SortedMap
instanceKlass java/util/Collections$UnmodifiableMap
instanceKlass java/lang/ProcessEnvironment$EntryComparator
instanceKlass java/lang/ProcessEnvironment$NameComparator
instanceKlass com/altera/utilities/AltSystem
instanceKlass java/util/regex/Pattern$TreeInfo
instanceKlass java/util/regex/ASCII
instanceKlass java/util/regex/Pattern$Node
instanceKlass java/util/regex/Pattern
instanceKlass com/altera/utilities/AltFile
instanceKlass com/altera/infrastructure/common/QuartusIniFileDiscovery
instanceKlass com/altera/infrastructure/common/QuartusIniDb
instanceKlass com/altera/infrastructure/common/IQuartusIniDb
instanceKlass com/altera/infrastructure/common/QuartusIni
instanceKlass com/altera/sopclibrary/conan/Conan
instanceKlass com/altera/librarianinterfaces/IModifiableLibrarian
instanceKlass com/altera/librarianinterfaces/ILibrarian
instanceKlass com/altera/librarianinterfaces/IExtensible
instanceKlass com/altera/librarianinterfaces/ICatalogCard
instanceKlass com/altera/utilities/AltCmdLineToolBase$IWriter
instanceKlass com/altera/utilities/AltCmdLineToolBase$IReader
instanceKlass java/util/logging/Handler
instanceKlass sun/launcher/LauncherHelper$FXHelper
instanceKlass com/altera/utilities/AltCmdLineToolBase
instanceKlass java/io/FilePermission$1
instanceKlass sun/net/www/MessageHeader
instanceKlass java/net/URLConnection
instanceKlass java/security/PermissionCollection
instanceKlass sun/nio/ByteBuffered
instanceKlass sun/security/util/ManifestEntryVerifier
instanceKlass sun/security/util/SignatureFileVerifier
instanceKlass java/lang/Package
instanceKlass sun/misc/Resource
instanceKlass java/util/jar/JarVerifier$3
instanceKlass java/security/CodeSigner
instanceKlass java/util/jar/JarVerifier
instanceKlass sun/misc/ASCIICaseInsensitiveComparator
instanceKlass java/util/jar/Attributes$Name
instanceKlass java/util/jar/Attributes
instanceKlass java/util/jar/Manifest
instanceKlass sun/misc/IOUtils
instanceKlass java/util/zip/ZStreamRef
instanceKlass java/util/zip/Inflater
instanceKlass sun/util/calendar/CalendarUtils
instanceKlass sun/util/calendar/CalendarDate
instanceKlass java/util/TimeZone$1
instanceKlass java/util/zip/CRC32
instanceKlass java/util/zip/Checksum
instanceKlass sun/util/calendar/ZoneInfoFile$ZoneOffsetTransitionRule
instanceKlass java/io/DataInput
instanceKlass sun/util/calendar/ZoneInfoFile$1
instanceKlass sun/util/calendar/ZoneInfoFile
instanceKlass java/util/TimeZone
instanceKlass sun/util/calendar/CalendarSystem
instanceKlass java/util/Date
instanceKlass java/util/zip/ZipUtils
instanceKlass java/util/zip/ZipEntry
instanceKlass sun/misc/ExtensionDependency
instanceKlass sun/misc/JarIndex
instanceKlass sun/nio/ch/DirectBuffer
instanceKlass sun/misc/PerfCounter$CoreCounters
instanceKlass sun/misc/Perf
instanceKlass sun/misc/Perf$GetPerfAction
instanceKlass sun/misc/PerfCounter
instanceKlass java/util/zip/ZipCoder
instanceKlass java/util/Deque
instanceKlass java/util/Queue
instanceKlass java/nio/charset/StandardCharsets
instanceKlass java/util/jar/JavaUtilJarAccessImpl
instanceKlass sun/misc/JavaUtilJarAccess
instanceKlass sun/misc/FileURLMapper
instanceKlass sun/misc/URLClassPath$JarLoader$1
instanceKlass java/util/zip/ZipFile$1
instanceKlass sun/misc/JavaUtilZipFileAccess
instanceKlass java/util/zip/ZipFile
instanceKlass java/util/zip/ZipConstants
instanceKlass sun/misc/URLClassPath$Loader
instanceKlass sun/misc/URLClassPath$3
instanceKlass sun/net/util/URLUtil
instanceKlass java/net/URLClassLoader$1
instanceKlass sun/misc/PostVMInitHook
instanceKlass java/lang/Void
instanceKlass java/lang/invoke/Invokers
instanceKlass java/lang/invoke/MethodTypeForm
instanceKlass java/lang/invoke/MethodHandleStatics$1
instanceKlass java/lang/invoke/MethodHandleStatics
instanceKlass java/lang/invoke/MethodType$ConcurrentWeakInternSet
instanceKlass java/lang/invoke/LambdaForm$NamedFunction
instanceKlass java/lang/invoke/MemberName$Factory
instanceKlass java/lang/invoke/MethodHandleImpl
instanceKlass java/lang/SystemClassLoaderAction
instanceKlass java/util/LinkedHashMap$LinkedHashIterator
instanceKlass sun/misc/Launcher$AppClassLoader$1
instanceKlass sun/misc/URLClassPath
instanceKlass java/security/Principal
instanceKlass java/security/ProtectionDomain$Key
instanceKlass java/security/CodeSource
instanceKlass java/security/ProtectionDomain$3
instanceKlass sun/misc/JavaSecurityProtectionDomainAccess
instanceKlass java/security/ProtectionDomain$1
instanceKlass sun/misc/JavaSecurityAccess
instanceKlass java/net/URLStreamHandler
instanceKlass java/net/Parts
instanceKlass java/net/URL
instanceKlass java/util/BitSet
instanceKlass sun/net/www/ParseUtil
instanceKlass java/io/FileInputStream$1
instanceKlass java/lang/CharacterData
instanceKlass sun/util/locale/LocaleUtils
instanceKlass java/util/Locale$LocaleKey
instanceKlass sun/util/locale/BaseLocale$Key
instanceKlass sun/util/locale/BaseLocale
